#
# There is insufficient memory for the Java Runtime Environment to continue.
# Native memory allocation (malloc) failed to allocate 923376 bytes for Chunk::new
# Possible reasons:
#   The system is out of physical RAM or swap space
#   The process is running with CompressedOops enabled, and the Java Heap may be blocking the growth of the native heap
# Possible solutions:
#   Reduce memory load on the system
#   Increase physical memory or swap space
#   Check if swap backing store is full
#   Decrease Java heap size (-Xmx/-Xms)
#   Decrease number of Java threads
#   Decrease Java thread stack sizes (-Xss)
#   Set larger code cache with -XX:ReservedCodeCacheSize=
#   JVM is running with Unscaled Compressed Oops mode in which the Java heap is
#     placed in the first 4GB address space. The Java Heap base address is the
#     maximum limit for the native heap growth. Please use -XX:HeapBaseMinAddress
#     to set the Java Heap base and to place the Java Heap above 4GB virtual address.
# This output file may be truncated or incomplete.
#
#  Out of Memory Error (./src/hotspot/share/memory/arena.cpp:197), pid=33928, tid=38336
#
# JRE version: OpenJDK Runtime Environment (11.0.10) (build 11.0.10+0-b96-7249189)
# Java VM: OpenJDK 64-Bit Server VM (11.0.10+0-b96-7249189, mixed mode, tiered, compressed oops, g1 gc, windows-amd64)
# No core dump will be written. Minidumps are not enabled by default on client versions of Windows
#

---------------  S U M M A R Y ------------

Command Line: --add-opens=java.base/java.util=ALL-UNNAMED --add-opens=java.base/java.lang=ALL-UNNAMED --add-opens=java.base/java.lang.invoke=ALL-UNNAMED --add-opens=java.base/java.util=ALL-UNNAMED --add-opens=java.prefs/java.util.prefs=ALL-UNNAMED --add-opens=java.prefs/java.util.prefs=ALL-UNNAMED --add-opens=java.base/java.nio.charset=ALL-UNNAMED --add-opens=java.base/java.net=ALL-UNNAMED --add-opens=java.base/java.util.concurrent.atomic=ALL-UNNAMED -Xmx2048m -Dfile.encoding=UTF-8 -Duser.country=RU -Duser.language=ru -Duser.variant org.gradle.launcher.daemon.bootstrap.GradleDaemon 7.0.2

Host: AMD Ryzen 5 3500U with Radeon Vega Mobile Gfx  , 8 cores, 5G,  Windows 10 , 64 bit Build 19041 (10.0.19041.1566)
Time: Wed Mar 30 17:33:54 2022 Восточная Европа (лето) elapsed time: 21199.705451 seconds (0d 5h 53m 19s)

---------------  T H R E A D  ---------------

Current thread (0x000001fafc47d800):  JavaThread "C2 CompilerThread0" daemon [_thread_in_native, id=38336, stack(0x000000a499600000,0x000000a499700000)]


Current CompileTask:
C2:21199705 38224 % !   4       com.android.ide.common.resources.DataMerger::mergeData @ 247 (611 bytes)

Stack: [0x000000a499600000,0x000000a499700000]
Native frames: (J=compiled Java code, j=interpreted, Vv=VM code, C=native code)
V  [jvm.dll+0x5ecfaa]
V  [jvm.dll+0x722bd5]
V  [jvm.dll+0x72412d]
V  [jvm.dll+0x7247e3]
V  [jvm.dll+0x242928]
V  [jvm.dll+0xbc4fc]
V  [jvm.dll+0xbca0c]
V  [jvm.dll+0x2b4fd4]
V  [jvm.dll+0x506028]
V  [jvm.dll+0x1fccf6]
V  [jvm.dll+0x1fa77f]
V  [jvm.dll+0x18354c]
V  [jvm.dll+0x208ee7]
V  [jvm.dll+0x207731]
V  [jvm.dll+0x6eb1cf]
V  [jvm.dll+0x6e3d45]
V  [jvm.dll+0x5ebe96]
C  [ucrtbase.dll+0x21bb2]
C  [KERNEL32.DLL+0x17034]
C  [ntdll.dll+0x52651]


---------------  P R O C E S S  ---------------

Threads class SMR info:
_java_thread_list=0x000001fa833b76a0, length=101, elements={
0x000001fae1fee000, 0x000001fafc454800, 0x000001fafc45a000, 0x000001fafc478800,
0x000001fafc479800, 0x000001fafc47c800, 0x000001fafc47d800, 0x000001fafc48a000,
0x000001fafc48f000, 0x000001fafcf71000, 0x000001fafef76800, 0x000001fafef77000,
0x000001fafef78000, 0x000001faff062800, 0x000001faff064000, 0x000001faff062000,
0x000001faff05e800, 0x000001faff065000, 0x000001faff06c800, 0x000001faff066800,
0x000001faff06d000, 0x000001faff067800, 0x000001faff06a800, 0x000001faff838800,
0x000001fa815c7000, 0x000001fa815c8800, 0x000001fa815ca000, 0x000001fa815c8000,
0x000001fa815cb000, 0x000001fa815cf000, 0x000001fa84ae7000, 0x000001fa84ae8800,
0x000001fa815d5800, 0x000001fa80e72800, 0x000001fa80e75000, 0x000001fa80e6e800,
0x000001fa815d0000, 0x000001fa84ae9800, 0x000001fa84ae7800, 0x000001fa84aea000,
0x000001fa84ae3000, 0x000001fa84aeb800, 0x000001fa80e70000, 0x000001fa80e74000,
0x000001fa815d2800, 0x000001fa815d1000, 0x000001faff834800, 0x000001fa84ae6000,
0x000001fa84ae4800, 0x000001fa80e73800, 0x000001fa80e6d000, 0x000001fa8c05e000,
0x000001fa80e6b800, 0x000001fa80e6a800, 0x000001fa8c05b800, 0x000001fa84ae3800,
0x000001fa80e72000, 0x000001fa80e69000, 0x000001fa80e6c000, 0x000001fa84af0000,
0x000001fa8c056800, 0x000001fa8c054000, 0x000001fa8c05b000, 0x000001fa921c6000,
0x000001fa8c062000, 0x000001fa8c05c800, 0x000001fa8c059000, 0x000001fa921c5800,
0x000001fa815d1800, 0x000001fafef78800, 0x000001fafef79800, 0x000001fafef7a800,
0x000001fafef7b000, 0x000001fa921bc800, 0x000001fa921bb800, 0x000001fa921ba800,
0x000001fa921b9000, 0x000001fa921be000, 0x000001fa921bd000, 0x000001fa921b8800,
0x000001fa921bf000, 0x000001fa921bf800, 0x000001fa921ba000, 0x000001fa921c3800,
0x000001fa921c3000, 0x000001fa921c0800, 0x000001fa921c2000, 0x000001fa921c7000,
0x000001fa921c1000, 0x000001fa921c4800, 0x000001fa8c05a000, 0x000001fa8c058800,
0x000001fa8c055000, 0x000001fa8c056000, 0x000001fa8c05d000, 0x000001fa8c057800,
0x000001fa8c061800, 0x000001fa8c063000, 0x000001fa8c05f000, 0x000001faff837800,
0x000001faff833000
}

Java Threads: ( => current thread )
  0x000001fae1fee000 JavaThread "main" [_thread_blocked, id=32144, stack(0x000000a498a00000,0x000000a498b00000)]
  0x000001fafc454800 JavaThread "Reference Handler" daemon [_thread_blocked, id=34120, stack(0x000000a499100000,0x000000a499200000)]
  0x000001fafc45a000 JavaThread "Finalizer" daemon [_thread_blocked, id=37984, stack(0x000000a499200000,0x000000a499300000)]
  0x000001fafc478800 JavaThread "Signal Dispatcher" daemon [_thread_blocked, id=37980, stack(0x000000a499300000,0x000000a499400000)]
  0x000001fafc479800 JavaThread "Attach Listener" daemon [_thread_blocked, id=38324, stack(0x000000a499400000,0x000000a499500000)]
  0x000001fafc47c800 JavaThread "Service Thread" daemon [_thread_blocked, id=38332, stack(0x000000a499500000,0x000000a499600000)]
=>0x000001fafc47d800 JavaThread "C2 CompilerThread0" daemon [_thread_in_native, id=38336, stack(0x000000a499600000,0x000000a499700000)]
  0x000001fafc48a000 JavaThread "C1 CompilerThread0" daemon [_thread_blocked, id=37976, stack(0x000000a499700000,0x000000a499800000)]
  0x000001fafc48f000 JavaThread "Sweeper thread" daemon [_thread_blocked, id=38328, stack(0x000000a499800000,0x000000a499900000)]
  0x000001fafcf71000 JavaThread "Common-Cleaner" daemon [_thread_blocked, id=23012, stack(0x000000a499900000,0x000000a499a00000)]
  0x000001fafef76800 JavaThread "Daemon health stats" [_thread_blocked, id=38476, stack(0x000000a499c00000,0x000000a499d00000)]
  0x000001fafef77000 JavaThread "Incoming local TCP Connector on port 51861" [_thread_in_native, id=26312, stack(0x000000a499d00000,0x000000a499e00000)]
  0x000001fafef78000 JavaThread "Daemon periodic checks" [_thread_blocked, id=37464, stack(0x000000a499e00000,0x000000a499f00000)]
  0x000001faff062800 JavaThread "Cache worker for file hash cache (C:\Users\Enter\.gradle\caches\7.0.2\fileHashes)" [_thread_blocked, id=38664, stack(0x000000a49ac00000,0x000000a49ad00000)]
  0x000001faff064000 JavaThread "File lock request listener" [_thread_in_native, id=30984, stack(0x000000a49ad00000,0x000000a49ae00000)]
  0x000001faff062000 JavaThread "Cache worker for journal cache (C:\Users\Enter\.gradle\caches\journal-1)" [_thread_blocked, id=34012, stack(0x000000a49af00000,0x000000a49b000000)]
  0x000001faff05e800 JavaThread "File watcher server" daemon [_thread_in_native, id=22728, stack(0x000000a49b200000,0x000000a49b300000)]
  0x000001faff065000 JavaThread "File watcher consumer" daemon [_thread_blocked, id=18008, stack(0x000000a49b300000,0x000000a49b400000)]
  0x000001faff06c800 JavaThread "Cache worker for execution history cache (C:\Users\Enter\.gradle\caches\7.0.2\executionHistory)" [_thread_blocked, id=37700, stack(0x000000a49b700000,0x000000a49b800000)]
  0x000001faff066800 JavaThread "jar transforms" [_thread_blocked, id=6664, stack(0x000000a49b800000,0x000000a49b900000)]
  0x000001faff06d000 JavaThread "jar transforms Thread 2" [_thread_blocked, id=23676, stack(0x000000a49b900000,0x000000a49ba00000)]
  0x000001faff067800 JavaThread "Cache worker for file content cache (C:\Users\Enter\.gradle\caches\7.0.2\fileContent)" [_thread_blocked, id=16688, stack(0x000000a49ba00000,0x000000a49bb00000)]
  0x000001faff06a800 JavaThread "jar transforms Thread 3" [_thread_blocked, id=37372, stack(0x000000a49bc00000,0x000000a49bd00000)]
  0x000001faff838800 JavaThread "jar transforms Thread 4" [_thread_blocked, id=384, stack(0x000000a49c600000,0x000000a49c700000)]
  0x000001fa815c7000 JavaThread "jar transforms Thread 5" [_thread_blocked, id=37908, stack(0x000000a49c700000,0x000000a49c800000)]
  0x000001fa815c8800 JavaThread "jar transforms Thread 6" [_thread_blocked, id=36924, stack(0x000000a49c800000,0x000000a49c900000)]
  0x000001fa815ca000 JavaThread "jar transforms Thread 7" [_thread_blocked, id=38680, stack(0x000000a49c900000,0x000000a49ca00000)]
  0x000001fa815c8000 JavaThread "jar transforms Thread 8" [_thread_blocked, id=36536, stack(0x000000a49ca00000,0x000000a49cb00000)]
  0x000001fa815cb000 JavaThread "Memory manager" [_thread_blocked, id=28008, stack(0x000000a49cc00000,0x000000a49cd00000)]
  0x000001fa815cf000 JavaThread "pool-3-thread-1" [_thread_blocked, id=10908, stack(0x000000a49ce00000,0x000000a49cf00000)]
  0x000001fa84ae7000 JavaThread "RMI Scheduler(0)" daemon [_thread_blocked, id=21296, stack(0x000000a49b100000,0x000000a49b200000)]
  0x000001fa84ae8800 JavaThread "RMI TCP Accept-0" daemon [_thread_in_native, id=38840, stack(0x000000a49db00000,0x000000a49dc00000)]
  0x000001fa815d5800 JavaThread "pool-7-thread-1" [_thread_blocked, id=28692, stack(0x000000a49c400000,0x000000a49c500000)]
  0x000001fa80e72800 JavaThread "pool-10-thread-1" [_thread_blocked, id=38212, stack(0x000000a49cf00000,0x000000a49d000000)]
  0x000001fa80e75000 JavaThread "pool-14-thread-1" [_thread_blocked, id=34064, stack(0x000000a49cd00000,0x000000a49ce00000)]
  0x000001fa80e6e800 JavaThread "pool-17-thread-1" [_thread_blocked, id=16428, stack(0x000000a49c500000,0x000000a49c600000)]
  0x000001fa815d0000 JavaThread "Cache worker for Java compile cache (C:\Users\Enter\.gradle\caches\7.0.2\javaCompile)" [_thread_blocked, id=29924, stack(0x000000a49e200000,0x000000a49e300000)]
  0x000001fa84ae9800 JavaThread "pool-21-thread-1" [_thread_blocked, id=4196, stack(0x000000a49d000000,0x000000a49d100000)]
  0x000001fa84ae7800 JavaThread "pool-25-thread-1" [_thread_blocked, id=38576, stack(0x000000a49d200000,0x000000a49d300000)]
  0x000001fa84aea000 JavaThread "pool-29-thread-1" [_thread_blocked, id=35060, stack(0x000000a49d100000,0x000000a49d200000)]
  0x000001fa84ae3000 JavaThread "pool-32-thread-1" [_thread_blocked, id=6048, stack(0x000000a49d400000,0x000000a49d500000)]
  0x000001fa84aeb800 JavaThread "pool-36-thread-1" [_thread_blocked, id=17596, stack(0x000000a49d300000,0x000000a49d400000)]
  0x000001fa80e70000 JavaThread "pool-39-thread-1" [_thread_blocked, id=37988, stack(0x000000a49cb00000,0x000000a49cc00000)]
  0x000001fa80e74000 JavaThread "pool-43-thread-1" [_thread_blocked, id=37040, stack(0x000000a49d600000,0x000000a49d700000)]
  0x000001fa815d2800 JavaThread "pool-47-thread-1" [_thread_blocked, id=1492, stack(0x000000a49d500000,0x000000a49d600000)]
  0x000001fa815d1000 JavaThread "pool-51-thread-1" [_thread_blocked, id=31148, stack(0x000000a49d700000,0x000000a49d800000)]
  0x000001faff834800 JavaThread "pool-55-thread-1" [_thread_blocked, id=416, stack(0x000000a49d800000,0x000000a49d900000)]
  0x000001fa84ae6000 JavaThread "pool-58-thread-1" [_thread_blocked, id=25044, stack(0x000000a49dc00000,0x000000a49dd00000)]
  0x000001fa84ae4800 JavaThread "pool-61-thread-1" [_thread_blocked, id=39800, stack(0x000000a49de00000,0x000000a49df00000)]
  0x000001fa80e73800 JavaThread "pool-65-thread-1" [_thread_blocked, id=19984, stack(0x000000a49df00000,0x000000a49e000000)]
  0x000001fa80e6d000 JavaThread "pool-69-thread-1" [_thread_blocked, id=39600, stack(0x000000a49dd00000,0x000000a49de00000)]
  0x000001fa8c05e000 JavaThread "pool-73-thread-1" [_thread_blocked, id=37316, stack(0x000000a49e000000,0x000000a49e100000)]
  0x000001fa80e6b800 JavaThread "pool-77-thread-1" [_thread_blocked, id=18588, stack(0x000000a49e100000,0x000000a49e200000)]
  0x000001fa80e6a800 JavaThread "pool-81-thread-1" [_thread_blocked, id=34284, stack(0x000000a49e300000,0x000000a49e400000)]
  0x000001fa8c05b800 JavaThread "pool-85-thread-1" [_thread_blocked, id=27500, stack(0x000000a49e400000,0x000000a49e500000)]
  0x000001fa84ae3800 JavaThread "pool-89-thread-1" [_thread_blocked, id=36136, stack(0x000000a49da00000,0x000000a49db00000)]
  0x000001fa80e72000 JavaThread "pool-93-thread-1" [_thread_blocked, id=39360, stack(0x000000a49e500000,0x000000a49e600000)]
  0x000001fa80e69000 JavaThread "pool-97-thread-1" [_thread_blocked, id=26984, stack(0x000000a49e600000,0x000000a49e700000)]
  0x000001fa80e6c000 JavaThread "pool-100-thread-1" [_thread_blocked, id=37692, stack(0x000000a49e700000,0x000000a49e800000)]
  0x000001fa84af0000 JavaThread "pool-104-thread-1" [_thread_blocked, id=32828, stack(0x000000a49eb00000,0x000000a49ec00000)]
  0x000001fa8c056800 JavaThread "pool-108-thread-1" [_thread_blocked, id=31904, stack(0x000000a49e800000,0x000000a49e900000)]
  0x000001fa8c054000 JavaThread "pool-112-thread-1" [_thread_blocked, id=32968, stack(0x000000a49ec00000,0x000000a49ed00000)]
  0x000001fa8c05b000 JavaThread "pool-116-thread-1" [_thread_blocked, id=37968, stack(0x000000a49ed00000,0x000000a49ee00000)]
  0x000001fa921c6000 JavaThread "pool-120-thread-1" [_thread_blocked, id=32880, stack(0x000000a49e900000,0x000000a49ea00000)]
  0x000001fa8c062000 JavaThread "RMI GC Daemon" daemon [_thread_blocked, id=1276, stack(0x000000a49f700000,0x000000a49f800000)]
  0x000001fa8c05c800 JavaThread "RMI Reaper" [_thread_blocked, id=9264, stack(0x000000a49f800000,0x000000a49f900000)]
  0x000001fa8c059000 JavaThread "pool-124-thread-1" [_thread_blocked, id=25284, stack(0x000000a49ea00000,0x000000a49eb00000)]
  0x000001fa921c5800 JavaThread "pool-128-thread-1" [_thread_blocked, id=37112, stack(0x000000a49ee00000,0x000000a49ef00000)]
  0x000001fa815d1800 JavaThread "ForkJoinPool.commonPool-worker-15" daemon [_thread_blocked, id=28676, stack(0x000000a4a0b00000,0x000000a4a0c00000)]
  0x000001fafef78800 JavaThread "Daemon Thread 26" [_thread_blocked, id=38380, stack(0x000000a498700000,0x000000a498800000)]
  0x000001fafef79800 JavaThread "Handler for socket connection from /127.0.0.1:51861 to /127.0.0.1:64168" [_thread_in_native, id=9840, stack(0x000000a498800000,0x000000a498900000)]
  0x000001fafef7a800 JavaThread "Cancel handler" [_thread_blocked, id=22964, stack(0x000000a498900000,0x000000a498a00000)]
  0x000001fafef7b000 JavaThread "Daemon worker Thread 26" [_thread_blocked, id=10440, stack(0x000000a499f00000,0x000000a49a000000)]
  0x000001fa921bc800 JavaThread "Asynchronous log dispatcher for DefaultDaemonConnection: socket connection from /127.0.0.1:51861 to /127.0.0.1:64168" [_thread_blocked, id=35756, stack(0x000000a49a000000,0x000000a49a100000)]
  0x000001fa921bb800 JavaThread "Stdin handler" [_thread_blocked, id=38608, stack(0x000000a49a700000,0x000000a49a800000)]
  0x000001fa921ba800 JavaThread "Daemon client event forwarder" [_thread_blocked, id=39488, stack(0x000000a49a800000,0x000000a49a900000)]
  0x000001fa921b9000 JavaThread "Cache worker for file hash cache (E:\KotlinAndroid\WeatherApp\.gradle\7.0.2\fileHashes)" [_thread_blocked, id=28108, stack(0x000000a49a900000,0x000000a49aa00000)]
  0x000001fa921be000 JavaThread "Cache worker for checksums cache (E:\KotlinAndroid\WeatherApp\.gradle\checksums)" [_thread_blocked, id=34872, stack(0x000000a49aa00000,0x000000a49ab00000)]
  0x000001fa921bd000 JavaThread "Cache worker for cache directory md-supplier (C:\Users\Enter\.gradle\caches\7.0.2\md-supplier)" [_thread_blocked, id=27476, stack(0x000000a49ab00000,0x000000a49ac00000)]
  0x000001fa921b8800 JavaThread "Cache worker for cache directory md-rule (C:\Users\Enter\.gradle\caches\7.0.2\md-rule)" [_thread_blocked, id=28696, stack(0x000000a49b000000,0x000000a49b100000)]
  0x000001fa921bf000 JavaThread "Cache worker for dependencies-accessors (E:\KotlinAndroid\WeatherApp\.gradle\7.0.2\dependencies-accessors)" [_thread_blocked, id=14616, stack(0x000000a49b400000,0x000000a49b500000)]
  0x000001fa921bf800 JavaThread "Cache worker for Build Output Cleanup Cache (E:\KotlinAndroid\WeatherApp\.gradle\buildOutputCleanup)" [_thread_blocked, id=37512, stack(0x000000a49b500000,0x000000a49b600000)]
  0x000001fa921ba000 JavaThread "Build operations" [_thread_blocked, id=39316, stack(0x000000a49b600000,0x000000a49b700000)]
  0x000001fa921c3800 JavaThread "Build operations Thread 2" [_thread_blocked, id=38156, stack(0x000000a49bb00000,0x000000a49bc00000)]
  0x000001fa921c3000 JavaThread "Build operations Thread 3" [_thread_blocked, id=20448, stack(0x000000a49bd00000,0x000000a49be00000)]
  0x000001fa921c0800 JavaThread "Build operations Thread 4" [_thread_blocked, id=32220, stack(0x000000a49be00000,0x000000a49bf00000)]
  0x000001fa921c2000 JavaThread "Build operations Thread 5" [_thread_blocked, id=17512, stack(0x000000a49bf00000,0x000000a49c000000)]
  0x000001fa921c7000 JavaThread "Build operations Thread 6" [_thread_blocked, id=36340, stack(0x000000a49c000000,0x000000a49c100000)]
  0x000001fa921c1000 JavaThread "Build operations Thread 7" [_thread_blocked, id=26864, stack(0x000000a49c100000,0x000000a49c200000)]
  0x000001fa921c4800 JavaThread "Build operations Thread 8" [_thread_blocked, id=27432, stack(0x000000a49c200000,0x000000a49c300000)]
  0x000001fa8c05a000 JavaThread "build event listener" [_thread_blocked, id=33916, stack(0x000000a49c300000,0x000000a49c400000)]
  0x000001fa8c058800 JavaThread "pool-133-thread-1" [_thread_blocked, id=18628, stack(0x000000a49ef00000,0x000000a49f000000)]
  0x000001fa8c055000 JavaThread "build event listener" [_thread_blocked, id=31200, stack(0x000000a49f000000,0x000000a49f100000)]
  0x000001fa8c056000 JavaThread "Execution worker for ':'" [_thread_in_Java, id=21968, stack(0x000000a49f100000,0x000000a49f200000)]
  0x000001fa8c05d000 JavaThread "Execution worker for ':' Thread 2" [_thread_blocked, id=38828, stack(0x000000a49f200000,0x000000a49f300000)]
  0x000001fa8c057800 JavaThread "Execution worker for ':' Thread 3" [_thread_blocked, id=35456, stack(0x000000a49f300000,0x000000a49f400000)]
  0x000001fa8c061800 JavaThread "Execution worker for ':' Thread 4" [_thread_blocked, id=32332, stack(0x000000a49f400000,0x000000a49f500000)]
  0x000001fa8c063000 JavaThread "Execution worker for ':' Thread 5" [_thread_blocked, id=38180, stack(0x000000a49f500000,0x000000a49f600000)]
  0x000001fa8c05f000 JavaThread "Execution worker for ':' Thread 6" [_thread_blocked, id=36488, stack(0x000000a49f600000,0x000000a49f700000)]
  0x000001faff837800 JavaThread "Execution worker for ':' Thread 7" [_thread_blocked, id=36372, stack(0x000000a49f900000,0x000000a49fa00000)]
  0x000001faff833000 JavaThread "Cache worker for execution history cache (E:\KotlinAndroid\WeatherApp\.gradle\7.0.2\executionHistory)" [_thread_blocked, id=26352, stack(0x000000a49fa00000,0x000000a49fb00000)]

Other Threads:
  0x000001fafc453000 VMThread "VM Thread" [stack: 0x000000a499000000,0x000000a499100000] [id=18948]
  0x000001fafcfa2800 WatcherThread [stack: 0x000000a499a00000,0x000000a499b00000] [id=18652]
  0x000001fae2007000 GCTaskThread "GC Thread#0" [stack: 0x000000a498b00000,0x000000a498c00000] [id=27928]
  0x000001fafdbc4800 GCTaskThread "GC Thread#1" [stack: 0x000000a499b00000,0x000000a499c00000] [id=35588]
  0x000001faff375800 GCTaskThread "GC Thread#2" [stack: 0x000000a49a100000,0x000000a49a200000] [id=35280]
  0x000001fafe8cd800 GCTaskThread "GC Thread#3" [stack: 0x000000a49a200000,0x000000a49a300000] [id=29740]
  0x000001fafe904800 GCTaskThread "GC Thread#4" [stack: 0x000000a49a300000,0x000000a49a400000] [id=28528]
  0x000001fafe95b800 GCTaskThread "GC Thread#5" [stack: 0x000000a49a400000,0x000000a49a500000] [id=22136]
  0x000001fafe5ec000 GCTaskThread "GC Thread#6" [stack: 0x000000a49a500000,0x000000a49a600000] [id=26040]
  0x000001fafef62000 GCTaskThread "GC Thread#7" [stack: 0x000000a49a600000,0x000000a49a700000] [id=36104]
  0x000001fae2038800 ConcurrentGCThread "G1 Main Marker" [stack: 0x000000a498c00000,0x000000a498d00000] [id=19484]
  0x000001fae2039800 ConcurrentGCThread "G1 Conc#0" [stack: 0x000000a498d00000,0x000000a498e00000] [id=27936]
  0x000001faff36b800 ConcurrentGCThread "G1 Conc#1" [stack: 0x000000a49ae00000,0x000000a49af00000] [id=31756]
  0x000001fae20c0800 ConcurrentGCThread "G1 Refine#0" [stack: 0x000000a498e00000,0x000000a498f00000] [id=26728]
  0x000001fa8effd800 ConcurrentGCThread "G1 Refine#1" [stack: 0x000000a49d900000,0x000000a49da00000] [id=39288]
  0x000001fae20c1800 ConcurrentGCThread "G1 Young RemSet Sampling" [stack: 0x000000a498f00000,0x000000a499000000] [id=17864]

Threads with active compile tasks:
C2 CompilerThread021199772 38224 % !   4       com.android.ide.common.resources.DataMerger::mergeData @ 247 (611 bytes)

VM state:not at safepoint (normal execution)

VM Mutex/Monitor currently owned by a thread: None

Heap address: 0x0000000080000000, size: 2048 MB, Compressed Oops mode: 32-bit
Narrow klass base: 0x0000000000000000, Narrow klass shift: 3
Compressed class space size: 1073741824 Address: 0x0000000100000000

Heap:
 garbage-first heap   total 315392K, used 233026K [0x0000000080000000, 0x0000000100000000)
  region size 1024K, 56 young (57344K), 4 survivors (4096K)
 Metaspace       used 195040K, capacity 200639K, committed 200824K, reserved 1224704K
  class space    used 22908K, capacity 24845K, committed 24952K, reserved 1048576K
Heap Regions: E=young(eden), S=young(survivor), O=old, HS=humongous(starts), HC=humongous(continues), CS=collection set, F=free, A=archive, TAMS=top-at-mark-start (previous, next)
|   0|0x0000000080000000, 0x00000000800fffa8, 0x0000000080100000| 99%| O|  |TAMS 0x00000000800fffa8, 0x0000000080000000| Untracked 
|   1|0x0000000080100000, 0x00000000801f9b88, 0x0000000080200000| 97%| O|  |TAMS 0x00000000801f9b88, 0x0000000080100000| Untracked 
|   2|0x0000000080200000, 0x00000000802fffe8, 0x0000000080300000| 99%| O|  |TAMS 0x00000000802fffe8, 0x0000000080200000| Untracked 
|   3|0x0000000080300000, 0x0000000080400000, 0x0000000080400000|100%|HS|  |TAMS 0x0000000080400000, 0x0000000080300000| Complete 
|   4|0x0000000080400000, 0x0000000080500000, 0x0000000080500000|100%|HC|  |TAMS 0x0000000080500000, 0x0000000080400000| Complete 
|   5|0x0000000080500000, 0x0000000080600000, 0x0000000080600000|100%|HC|  |TAMS 0x0000000080600000, 0x0000000080500000| Complete 
|   6|0x0000000080600000, 0x0000000080700000, 0x0000000080700000|100%| O|  |TAMS 0x0000000080700000, 0x0000000080600000| Untracked 
|   7|0x0000000080700000, 0x00000000807fff98, 0x0000000080800000| 99%| O|  |TAMS 0x00000000807fff98, 0x0000000080700000| Untracked 
|   8|0x0000000080800000, 0x00000000808ff160, 0x0000000080900000| 99%| O|  |TAMS 0x00000000808ff160, 0x0000000080800000| Untracked 
|   9|0x0000000080900000, 0x00000000809fd088, 0x0000000080a00000| 98%| O|  |TAMS 0x00000000809fd088, 0x0000000080900000| Untracked 
|  10|0x0000000080a00000, 0x0000000080afffe8, 0x0000000080b00000| 99%| O|  |TAMS 0x0000000080afffe8, 0x0000000080a00000| Untracked 
|  11|0x0000000080b00000, 0x0000000080c00000, 0x0000000080c00000|100%| O|  |TAMS 0x0000000080c00000, 0x0000000080b00000| Untracked 
|  12|0x0000000080c00000, 0x0000000080cfcb20, 0x0000000080d00000| 98%| O|  |TAMS 0x0000000080cfcb20, 0x0000000080c00000| Untracked 
|  13|0x0000000080d00000, 0x0000000080df3438, 0x0000000080e00000| 95%| O|  |TAMS 0x0000000080df3438, 0x0000000080d00000| Untracked 
|  14|0x0000000080e00000, 0x0000000080effff0, 0x0000000080f00000| 99%| O|  |TAMS 0x0000000080effff0, 0x0000000080e00000| Untracked 
|  15|0x0000000080f00000, 0x0000000081000000, 0x0000000081000000|100%| O|  |TAMS 0x0000000081000000, 0x0000000080f00000| Untracked 
|  16|0x0000000081000000, 0x0000000081100000, 0x0000000081100000|100%|HS|  |TAMS 0x0000000081100000, 0x0000000081000000| Complete 
|  17|0x0000000081100000, 0x00000000811fffe8, 0x0000000081200000| 99%| O|  |TAMS 0x00000000811fffe8, 0x0000000081100000| Untracked 
|  18|0x0000000081200000, 0x00000000812fffe8, 0x0000000081300000| 99%| O|  |TAMS 0x00000000812fffe8, 0x0000000081200000| Untracked 
|  19|0x0000000081300000, 0x00000000813fffd0, 0x0000000081400000| 99%| O|  |TAMS 0x00000000813fffd0, 0x0000000081300000| Untracked 
|  20|0x0000000081400000, 0x00000000814f6340, 0x0000000081500000| 96%| O|  |TAMS 0x00000000814f6340, 0x0000000081400000| Untracked 
|  21|0x0000000081500000, 0x00000000815ffff8, 0x0000000081600000| 99%| O|  |TAMS 0x00000000815ffff8, 0x0000000081500000| Untracked 
|  22|0x0000000081600000, 0x00000000816cbf48, 0x0000000081700000| 79%| O|  |TAMS 0x00000000816cbf48, 0x0000000081600000| Complete 
|  23|0x0000000081700000, 0x0000000081800000, 0x0000000081800000|100%| O|  |TAMS 0x0000000081800000, 0x0000000081700000| Untracked 
|  24|0x0000000081800000, 0x0000000081900000, 0x0000000081900000|100%|HS|  |TAMS 0x0000000081900000, 0x0000000081800000| Complete 
|  25|0x0000000081900000, 0x0000000081a00000, 0x0000000081a00000|100%|HS|  |TAMS 0x0000000081a00000, 0x0000000081900000| Complete 
|  26|0x0000000081a00000, 0x0000000081affff8, 0x0000000081b00000| 99%| O|  |TAMS 0x0000000081affff8, 0x0000000081a00000| Untracked 
|  27|0x0000000081b00000, 0x0000000081bf8040, 0x0000000081c00000| 96%| O|  |TAMS 0x0000000081bf8040, 0x0000000081b00000| Untracked 
|  28|0x0000000081c00000, 0x0000000081cfffe8, 0x0000000081d00000| 99%| O|  |TAMS 0x0000000081cfffe8, 0x0000000081c00000| Untracked 
|  29|0x0000000081d00000, 0x0000000081dfffe0, 0x0000000081e00000| 99%| O|  |TAMS 0x0000000081dfffe0, 0x0000000081d00000| Untracked 
|  30|0x0000000081e00000, 0x0000000081f00000, 0x0000000081f00000|100%|HS|  |TAMS 0x0000000081f00000, 0x0000000081e00000| Complete 
|  31|0x0000000081f00000, 0x0000000082000000, 0x0000000082000000|100%|HC|  |TAMS 0x0000000082000000, 0x0000000081f00000| Complete 
|  32|0x0000000082000000, 0x0000000082100000, 0x0000000082100000|100%|HC|  |TAMS 0x0000000082100000, 0x0000000082000000| Complete 
|  33|0x0000000082100000, 0x0000000082200000, 0x0000000082200000|100%|HS|  |TAMS 0x0000000082200000, 0x0000000082100000| Complete 
|  34|0x0000000082200000, 0x0000000082300000, 0x0000000082300000|100%|HC|  |TAMS 0x0000000082300000, 0x0000000082200000| Complete 
|  35|0x0000000082300000, 0x00000000823fda20, 0x0000000082400000| 99%| O|  |TAMS 0x00000000823fda20, 0x0000000082300000| Untracked 
|  36|0x0000000082400000, 0x0000000082500000, 0x0000000082500000|100%|HS|  |TAMS 0x0000000082500000, 0x0000000082400000| Complete 
|  37|0x0000000082500000, 0x00000000825f6d38, 0x0000000082600000| 96%| O|  |TAMS 0x00000000825f6d38, 0x0000000082500000| Untracked 
|  38|0x0000000082600000, 0x00000000826ffff0, 0x0000000082700000| 99%| O|  |TAMS 0x00000000826ffff0, 0x0000000082600000| Untracked 
|  39|0x0000000082700000, 0x0000000082800000, 0x0000000082800000|100%| O|  |TAMS 0x0000000082800000, 0x0000000082700000| Untracked 
|  40|0x0000000082800000, 0x00000000828ffff0, 0x0000000082900000| 99%| O|  |TAMS 0x00000000828ffff0, 0x0000000082800000| Untracked 
|  41|0x0000000082900000, 0x00000000829fffd8, 0x0000000082a00000| 99%| O|  |TAMS 0x00000000829fffd8, 0x0000000082900000| Untracked 
|  42|0x0000000082a00000, 0x0000000082afffe0, 0x0000000082b00000| 99%| O|  |TAMS 0x0000000082afffe0, 0x0000000082a00000| Untracked 
|  43|0x0000000082b00000, 0x0000000082bffff0, 0x0000000082c00000| 99%| O|  |TAMS 0x0000000082bffff0, 0x0000000082b00000| Untracked 
|  44|0x0000000082c00000, 0x0000000082cfffe8, 0x0000000082d00000| 99%| O|  |TAMS 0x0000000082cfffe8, 0x0000000082c00000| Untracked 
|  45|0x0000000082d00000, 0x0000000082e00000, 0x0000000082e00000|100%| O|  |TAMS 0x0000000082e00000, 0x0000000082d00000| Untracked 
|  46|0x0000000082e00000, 0x0000000082f00000, 0x0000000082f00000|100%| O|  |TAMS 0x0000000082f00000, 0x0000000082e00000| Untracked 
|  47|0x0000000082f00000, 0x0000000082ffe9b8, 0x0000000083000000| 99%| O|  |TAMS 0x0000000082ffe9b8, 0x0000000082f00000| Untracked 
|  48|0x0000000083000000, 0x00000000830fffe0, 0x0000000083100000| 99%| O|  |TAMS 0x00000000830fffe0, 0x0000000083000000| Untracked 
|  49|0x0000000083100000, 0x00000000831fff80, 0x0000000083200000| 99%| O|  |TAMS 0x00000000831fff80, 0x0000000083100000| Untracked 
|  50|0x0000000083200000, 0x00000000832fffd0, 0x0000000083300000| 99%| O|  |TAMS 0x00000000832fffd0, 0x0000000083200000| Untracked 
|  51|0x0000000083300000, 0x00000000833e3448, 0x0000000083400000| 88%| O|  |TAMS 0x00000000833e3448, 0x0000000083300000| Untracked 
|  52|0x0000000083400000, 0x00000000834fffd8, 0x0000000083500000| 99%| O|  |TAMS 0x00000000834fffd8, 0x0000000083400000| Complete 
|  53|0x0000000083500000, 0x0000000083600000, 0x0000000083600000|100%| O|  |TAMS 0x0000000083600000, 0x0000000083500000| Untracked 
|  54|0x0000000083600000, 0x00000000836fffe0, 0x0000000083700000| 99%| O|  |TAMS 0x00000000836fffe0, 0x0000000083600000| Untracked 
|  55|0x0000000083700000, 0x0000000083800000, 0x0000000083800000|100%| O|  |TAMS 0x0000000083800000, 0x0000000083700000| Untracked 
|  56|0x0000000083800000, 0x00000000838ffff0, 0x0000000083900000| 99%| O|  |TAMS 0x00000000838ffff0, 0x0000000083800000| Complete 
|  57|0x0000000083900000, 0x00000000839ffff0, 0x0000000083a00000| 99%| O|  |TAMS 0x00000000839ffff0, 0x0000000083900000| Untracked 
|  58|0x0000000083a00000, 0x0000000083affff8, 0x0000000083b00000| 99%| O|  |TAMS 0x0000000083affff8, 0x0000000083a00000| Untracked 
|  59|0x0000000083b00000, 0x0000000083bfffe0, 0x0000000083c00000| 99%| O|  |TAMS 0x0000000083bfffe0, 0x0000000083b00000| Untracked 
|  60|0x0000000083c00000, 0x0000000083cfc748, 0x0000000083d00000| 98%| O|  |TAMS 0x0000000083cfc748, 0x0000000083c00000| Untracked 
|  61|0x0000000083d00000, 0x0000000083dffff0, 0x0000000083e00000| 99%| O|  |TAMS 0x0000000083dffff0, 0x0000000083d00000| Untracked 
|  62|0x0000000083e00000, 0x0000000083effff0, 0x0000000083f00000| 99%| O|  |TAMS 0x0000000083effff0, 0x0000000083e00000| Untracked 
|  63|0x0000000083f00000, 0x0000000083ffe2e0, 0x0000000084000000| 99%| O|  |TAMS 0x0000000083ffe2e0, 0x0000000083f00000| Untracked 
|  64|0x0000000084000000, 0x00000000840fffe8, 0x0000000084100000| 99%| O|  |TAMS 0x00000000840fffe8, 0x0000000084000000| Untracked 
|  65|0x0000000084100000, 0x0000000084200000, 0x0000000084200000|100%| O|  |TAMS 0x0000000084200000, 0x0000000084100000| Untracked 
|  66|0x0000000084200000, 0x00000000842ffff0, 0x0000000084300000| 99%| O|  |TAMS 0x00000000842ffff0, 0x0000000084200000| Untracked 
|  67|0x0000000084300000, 0x00000000843ffff0, 0x0000000084400000| 99%| O|  |TAMS 0x00000000843ffff0, 0x0000000084300000| Untracked 
|  68|0x0000000084400000, 0x00000000844ffff8, 0x0000000084500000| 99%| O|  |TAMS 0x00000000844ffff8, 0x0000000084400000| Untracked 
|  69|0x0000000084500000, 0x0000000084600000, 0x0000000084600000|100%| O|  |TAMS 0x0000000084600000, 0x0000000084500000| Untracked 
|  70|0x0000000084600000, 0x0000000084700000, 0x0000000084700000|100%|HS|  |TAMS 0x0000000084700000, 0x0000000084600000| Complete 
|  71|0x0000000084700000, 0x0000000084800000, 0x0000000084800000|100%|HC|  |TAMS 0x0000000084800000, 0x0000000084700000| Complete 
|  72|0x0000000084800000, 0x00000000848ffff0, 0x0000000084900000| 99%| O|  |TAMS 0x00000000848ffff0, 0x0000000084800000| Untracked 
|  73|0x0000000084900000, 0x0000000084a00000, 0x0000000084a00000|100%| O|  |TAMS 0x0000000084a00000, 0x0000000084900000| Untracked 
|  74|0x0000000084a00000, 0x0000000084afffc0, 0x0000000084b00000| 99%| O|  |TAMS 0x0000000084afffc0, 0x0000000084a00000| Untracked 
|  75|0x0000000084b00000, 0x0000000084bfffe0, 0x0000000084c00000| 99%| O|  |TAMS 0x0000000084bfffe0, 0x0000000084b00000| Untracked 
|  76|0x0000000084c00000, 0x0000000084cfd1a8, 0x0000000084d00000| 98%| O|  |TAMS 0x0000000084cfd1a8, 0x0000000084c00000| Untracked 
|  77|0x0000000084d00000, 0x0000000084dffff0, 0x0000000084e00000| 99%| O|  |TAMS 0x0000000084dffff0, 0x0000000084d00000| Untracked 
|  78|0x0000000084e00000, 0x0000000084efffe8, 0x0000000084f00000| 99%| O|  |TAMS 0x0000000084efffe8, 0x0000000084e00000| Untracked 
|  79|0x0000000084f00000, 0x0000000085000000, 0x0000000085000000|100%|HS|  |TAMS 0x0000000085000000, 0x0000000084f00000| Complete 
|  80|0x0000000085000000, 0x0000000085100000, 0x0000000085100000|100%|HC|  |TAMS 0x0000000085100000, 0x0000000085000000| Complete 
|  81|0x0000000085100000, 0x00000000851ffff8, 0x0000000085200000| 99%| O|  |TAMS 0x00000000851ffff8, 0x0000000085100000| Untracked 
|  82|0x0000000085200000, 0x0000000085300000, 0x0000000085300000|100%| O|  |TAMS 0x0000000085300000, 0x0000000085200000| Untracked 
|  83|0x0000000085300000, 0x00000000853fadc8, 0x0000000085400000| 97%| O|  |TAMS 0x00000000853fadc8, 0x0000000085300000| Untracked 
|  84|0x0000000085400000, 0x00000000854ffff0, 0x0000000085500000| 99%| O|  |TAMS 0x00000000854ffff0, 0x0000000085400000| Untracked 
|  85|0x0000000085500000, 0x00000000855ffff8, 0x0000000085600000| 99%| O|  |TAMS 0x00000000855ffff8, 0x0000000085500000| Untracked 
|  86|0x0000000085600000, 0x0000000085700000, 0x0000000085700000|100%|HS|  |TAMS 0x0000000085700000, 0x0000000085600000| Complete 
|  87|0x0000000085700000, 0x0000000085800000, 0x0000000085800000|100%|HC|  |TAMS 0x0000000085800000, 0x0000000085700000| Complete 
|  88|0x0000000085800000, 0x0000000085900000, 0x0000000085900000|100%|HC|  |TAMS 0x0000000085900000, 0x0000000085800000| Complete 
|  89|0x0000000085900000, 0x00000000859fffd0, 0x0000000085a00000| 99%| O|  |TAMS 0x00000000859fffd0, 0x0000000085900000| Untracked 
|  90|0x0000000085a00000, 0x0000000085affff8, 0x0000000085b00000| 99%| O|  |TAMS 0x0000000085affff8, 0x0000000085a00000| Untracked 
|  91|0x0000000085b00000, 0x0000000085c00000, 0x0000000085c00000|100%| O|  |TAMS 0x0000000085c00000, 0x0000000085b00000| Untracked 
|  92|0x0000000085c00000, 0x0000000085cffff8, 0x0000000085d00000| 99%| O|  |TAMS 0x0000000085cffff8, 0x0000000085c00000| Untracked 
|  93|0x0000000085d00000, 0x0000000085dfffb8, 0x0000000085e00000| 99%| O|  |TAMS 0x0000000085dfffb8, 0x0000000085d00000| Untracked 
|  94|0x0000000085e00000, 0x0000000085efffe8, 0x0000000085f00000| 99%| O|  |TAMS 0x0000000085efffe8, 0x0000000085e00000| Untracked 
|  95|0x0000000085f00000, 0x0000000085fffff0, 0x0000000086000000| 99%| O|  |TAMS 0x0000000085fffff0, 0x0000000085f00000| Untracked 
|  96|0x0000000086000000, 0x00000000860fffe8, 0x0000000086100000| 99%| O|  |TAMS 0x00000000860fffe8, 0x0000000086000000| Untracked 
|  97|0x0000000086100000, 0x00000000861fffe0, 0x0000000086200000| 99%| O|  |TAMS 0x00000000861fffe0, 0x0000000086100000| Untracked 
|  98|0x0000000086200000, 0x00000000862ff148, 0x0000000086300000| 99%| O|  |TAMS 0x00000000862ff148, 0x0000000086200000| Untracked 
|  99|0x0000000086300000, 0x00000000863fffd0, 0x0000000086400000| 99%| O|  |TAMS 0x00000000863fffd0, 0x0000000086300000| Untracked 
| 100|0x0000000086400000, 0x00000000864fffe8, 0x0000000086500000| 99%| O|  |TAMS 0x00000000864fffe8, 0x0000000086400000| Untracked 
| 101|0x0000000086500000, 0x00000000865ffff0, 0x0000000086600000| 99%| O|  |TAMS 0x00000000865ffff0, 0x0000000086500000| Untracked 
| 102|0x0000000086600000, 0x00000000866ffc48, 0x0000000086700000| 99%| O|  |TAMS 0x00000000866ffc48, 0x0000000086600000| Untracked 
| 103|0x0000000086700000, 0x00000000867ffff0, 0x0000000086800000| 99%| O|  |TAMS 0x00000000867ffff0, 0x0000000086700000| Untracked 
| 104|0x0000000086800000, 0x00000000868fffb0, 0x0000000086900000| 99%| O|  |TAMS 0x00000000868fffb0, 0x0000000086800000| Untracked 
| 105|0x0000000086900000, 0x00000000869fff28, 0x0000000086a00000| 99%| O|  |TAMS 0x00000000869fff28, 0x0000000086900000| Untracked 
| 106|0x0000000086a00000, 0x0000000086b00000, 0x0000000086b00000|100%| O|  |TAMS 0x0000000086b00000, 0x0000000086a00000| Untracked 
| 107|0x0000000086b00000, 0x0000000086bfffd8, 0x0000000086c00000| 99%| O|  |TAMS 0x0000000086bfffd8, 0x0000000086b00000| Complete 
| 108|0x0000000086c00000, 0x0000000086cffff0, 0x0000000086d00000| 99%| O|  |TAMS 0x0000000086cffff0, 0x0000000086c00000| Untracked 
| 109|0x0000000086d00000, 0x0000000086e00000, 0x0000000086e00000|100%| O|  |TAMS 0x0000000086e00000, 0x0000000086d00000| Untracked 
| 110|0x0000000086e00000, 0x0000000086ef8ad8, 0x0000000086f00000| 97%| O|  |TAMS 0x0000000086ef8ad8, 0x0000000086e00000| Untracked 
| 111|0x0000000086f00000, 0x0000000086ffffe8, 0x0000000087000000| 99%| O|  |TAMS 0x0000000086ffffe8, 0x0000000086f00000| Complete 
| 112|0x0000000087000000, 0x00000000870e0490, 0x0000000087100000| 87%| O|  |TAMS 0x00000000870e0490, 0x0000000087000000| Complete 
| 113|0x0000000087100000, 0x0000000087200000, 0x0000000087200000|100%|HS|  |TAMS 0x0000000087100000, 0x0000000087100000| Complete 
| 114|0x0000000087200000, 0x00000000872ffff8, 0x0000000087300000| 99%| O|  |TAMS 0x00000000872ffff8, 0x0000000087200000| Untracked 
| 115|0x0000000087300000, 0x00000000873fffd0, 0x0000000087400000| 99%| O|  |TAMS 0x00000000873fffd0, 0x0000000087300000| Untracked 
| 116|0x0000000087400000, 0x00000000874ffff8, 0x0000000087500000| 99%| O|  |TAMS 0x00000000874ffff8, 0x0000000087400000| Untracked 
| 117|0x0000000087500000, 0x00000000875fffd0, 0x0000000087600000| 99%| O|  |TAMS 0x00000000875fffd0, 0x0000000087500000| Untracked 
| 118|0x0000000087600000, 0x00000000876ff878, 0x0000000087700000| 99%| O|  |TAMS 0x00000000876ff878, 0x0000000087600000| Untracked 
| 119|0x0000000087700000, 0x0000000087800000, 0x0000000087800000|100%| O|  |TAMS 0x0000000087800000, 0x0000000087700000| Untracked 
| 120|0x0000000087800000, 0x00000000878fe1e8, 0x0000000087900000| 99%| O|  |TAMS 0x00000000878fe1e8, 0x0000000087800000| Untracked 
| 121|0x0000000087900000, 0x0000000087922600, 0x0000000087a00000| 13%| O|  |TAMS 0x0000000087922600, 0x0000000087900000| Untracked 
| 122|0x0000000087a00000, 0x0000000087a7e348, 0x0000000087b00000| 49%| O|  |TAMS 0x0000000087a7e348, 0x0000000087a00000| Complete 
| 123|0x0000000087b00000, 0x0000000087bffff8, 0x0000000087c00000| 99%| O|  |TAMS 0x0000000087bffff8, 0x0000000087b00000| Untracked 
| 124|0x0000000087c00000, 0x0000000087cf4930, 0x0000000087d00000| 95%| O|  |TAMS 0x0000000087cf4930, 0x0000000087c00000| Untracked 
| 125|0x0000000087d00000, 0x0000000087dffff0, 0x0000000087e00000| 99%| O|  |TAMS 0x0000000087dffff0, 0x0000000087d00000| Untracked 
| 126|0x0000000087e00000, 0x0000000087effff8, 0x0000000087f00000| 99%| O|  |TAMS 0x0000000087effff8, 0x0000000087e00000| Untracked 
| 127|0x0000000087f00000, 0x0000000087ffffe8, 0x0000000088000000| 99%| O|  |TAMS 0x0000000087ffffe8, 0x0000000087f00000| Untracked 
| 128|0x0000000088000000, 0x0000000088100000, 0x0000000088100000|100%|HS|  |TAMS 0x0000000088100000, 0x0000000088000000| Complete 
| 129|0x0000000088100000, 0x0000000088200000, 0x0000000088200000|100%|HC|  |TAMS 0x0000000088200000, 0x0000000088100000| Complete 
| 130|0x0000000088200000, 0x0000000088300000, 0x0000000088300000|100%| O|  |TAMS 0x0000000088300000, 0x0000000088200000| Untracked 
| 131|0x0000000088300000, 0x0000000088400000, 0x0000000088400000|100%| O|  |TAMS 0x0000000088400000, 0x0000000088300000| Complete 
| 132|0x0000000088400000, 0x0000000088500000, 0x0000000088500000|100%| O|  |TAMS 0x0000000088500000, 0x0000000088400000| Complete 
| 133|0x0000000088500000, 0x00000000885ffff8, 0x0000000088600000| 99%| O|  |TAMS 0x00000000885ffff8, 0x0000000088500000| Complete 
| 134|0x0000000088600000, 0x0000000088700000, 0x0000000088700000|100%| O|  |TAMS 0x0000000088700000, 0x0000000088600000| Untracked 
| 135|0x0000000088700000, 0x00000000887a14a0, 0x0000000088800000| 63%| O|  |TAMS 0x00000000887a14a0, 0x0000000088700000| Complete 
| 136|0x0000000088800000, 0x00000000888f6ff0, 0x0000000088900000| 96%| O|  |TAMS 0x00000000888f6ff0, 0x0000000088800000| Untracked 
| 137|0x0000000088900000, 0x00000000889ff9c0, 0x0000000088a00000| 99%| O|  |TAMS 0x00000000889ff9c0, 0x0000000088900000| Untracked 
| 138|0x0000000088a00000, 0x0000000088b00000, 0x0000000088b00000|100%| O|  |TAMS 0x0000000088b00000, 0x0000000088a00000| Complete 
| 139|0x0000000088b00000, 0x0000000088bce2d8, 0x0000000088c00000| 80%| O|  |TAMS 0x0000000088bce2d8, 0x0000000088b00000| Complete 
| 140|0x0000000088c00000, 0x0000000088d00000, 0x0000000088d00000|100%| O|  |TAMS 0x0000000088d00000, 0x0000000088c00000| Untracked 
| 141|0x0000000088d00000, 0x0000000088e00000, 0x0000000088e00000|100%| O|  |TAMS 0x0000000088e00000, 0x0000000088d00000| Complete 
| 142|0x0000000088e00000, 0x0000000088e2f360, 0x0000000088f00000| 18%| O|  |TAMS 0x0000000088e2f360, 0x0000000088e00000| Complete 
| 143|0x0000000088f00000, 0x0000000088ffffe8, 0x0000000089000000| 99%| O|  |TAMS 0x0000000088ffffe8, 0x0000000088f00000| Untracked 
| 144|0x0000000089000000, 0x000000008908abb0, 0x0000000089100000| 54%| O|  |TAMS 0x000000008908abb0, 0x0000000089000000| Complete 
| 145|0x0000000089100000, 0x0000000089200000, 0x0000000089200000|100%| O|  |TAMS 0x0000000089200000, 0x0000000089100000| Complete 
| 146|0x0000000089200000, 0x0000000089300000, 0x0000000089300000|100%| O|  |TAMS 0x0000000089300000, 0x0000000089200000| Complete 
| 147|0x0000000089300000, 0x0000000089400000, 0x0000000089400000|100%| O|  |TAMS 0x0000000089400000, 0x0000000089300000| Untracked 
| 148|0x0000000089400000, 0x0000000089400000, 0x0000000089500000|  0%| F|  |TAMS 0x0000000089400000, 0x0000000089400000| Untracked 
| 149|0x0000000089500000, 0x0000000089600000, 0x0000000089600000|100%| O|  |TAMS 0x0000000089600000, 0x0000000089500000| Complete 
| 150|0x0000000089600000, 0x0000000089700000, 0x0000000089700000|100%|HS|  |TAMS 0x0000000089700000, 0x0000000089600000| Complete 
| 151|0x0000000089700000, 0x0000000089800000, 0x0000000089800000|100%|HC|  |TAMS 0x0000000089800000, 0x0000000089700000| Complete 
| 152|0x0000000089800000, 0x0000000089900000, 0x0000000089900000|100%| O|  |TAMS 0x0000000089900000, 0x0000000089800000| Complete 
| 153|0x0000000089900000, 0x00000000899b5030, 0x0000000089a00000| 70%| O|  |TAMS 0x00000000899b5030, 0x0000000089900000| Complete 
| 154|0x0000000089a00000, 0x0000000089b00000, 0x0000000089b00000|100%|HS|  |TAMS 0x0000000089a00000, 0x0000000089a00000| Complete 
| 155|0x0000000089b00000, 0x0000000089c00000, 0x0000000089c00000|100%|HC|  |TAMS 0x0000000089b00000, 0x0000000089b00000| Complete 
| 156|0x0000000089c00000, 0x0000000089d00000, 0x0000000089d00000|100%| O|  |TAMS 0x0000000089d00000, 0x0000000089c00000| Complete 
| 157|0x0000000089d00000, 0x0000000089e00000, 0x0000000089e00000|100%| O|  |TAMS 0x0000000089e00000, 0x0000000089d00000| Complete 
| 158|0x0000000089e00000, 0x0000000089f00000, 0x0000000089f00000|100%| O|  |TAMS 0x0000000089f00000, 0x0000000089e00000| Untracked 
| 159|0x0000000089f00000, 0x000000008a000000, 0x000000008a000000|100%| O|  |TAMS 0x000000008a000000, 0x0000000089f00000| Untracked 
| 160|0x000000008a000000, 0x000000008a100000, 0x000000008a100000|100%|HS|  |TAMS 0x000000008a000000, 0x000000008a000000| Complete 
| 161|0x000000008a100000, 0x000000008a200000, 0x000000008a200000|100%|HC|  |TAMS 0x000000008a100000, 0x000000008a100000| Complete 
| 162|0x000000008a200000, 0x000000008a200000, 0x000000008a300000|  0%| F|  |TAMS 0x000000008a200000, 0x000000008a200000| Untracked 
| 163|0x000000008a300000, 0x000000008a400000, 0x000000008a400000|100%| O|  |TAMS 0x000000008a400000, 0x000000008a300000| Complete 
| 164|0x000000008a400000, 0x000000008a500000, 0x000000008a500000|100%| O|  |TAMS 0x000000008a500000, 0x000000008a400000| Complete 
| 165|0x000000008a500000, 0x000000008a600000, 0x000000008a600000|100%| O|  |TAMS 0x000000008a600000, 0x000000008a500000| Complete 
| 166|0x000000008a600000, 0x000000008a700000, 0x000000008a700000|100%| O|  |TAMS 0x000000008a700000, 0x000000008a600000| Complete 
| 167|0x000000008a700000, 0x000000008a800000, 0x000000008a800000|100%| O|  |TAMS 0x000000008a800000, 0x000000008a700000| Complete 
| 168|0x000000008a800000, 0x000000008a900000, 0x000000008a900000|100%| O|  |TAMS 0x000000008a900000, 0x000000008a800000| Complete 
| 169|0x000000008a900000, 0x000000008a900000, 0x000000008aa00000|  0%| F|  |TAMS 0x000000008a900000, 0x000000008a900000| Untracked 
| 170|0x000000008aa00000, 0x000000008aa00000, 0x000000008ab00000|  0%| F|  |TAMS 0x000000008aa00000, 0x000000008aa00000| Untracked 
| 171|0x000000008ab00000, 0x000000008ab00000, 0x000000008ac00000|  0%| F|  |TAMS 0x000000008ab00000, 0x000000008ab00000| Untracked 
| 172|0x000000008ac00000, 0x000000008ac00000, 0x000000008ad00000|  0%| F|  |TAMS 0x000000008ac00000, 0x000000008ac00000| Untracked 
| 173|0x000000008ad00000, 0x000000008ae00000, 0x000000008ae00000|100%| O|  |TAMS 0x000000008ae00000, 0x000000008ad00000| Complete 
| 174|0x000000008ae00000, 0x000000008af00000, 0x000000008af00000|100%| O|  |TAMS 0x000000008af00000, 0x000000008ae00000| Complete 
| 175|0x000000008af00000, 0x000000008b000000, 0x000000008b000000|100%| O|  |TAMS 0x000000008b000000, 0x000000008af00000| Complete 
| 176|0x000000008b000000, 0x000000008b000000, 0x000000008b100000|  0%| F|  |TAMS 0x000000008b000000, 0x000000008b000000| Untracked 
| 177|0x000000008b100000, 0x000000008b200000, 0x000000008b200000|100%| O|  |TAMS 0x000000008b200000, 0x000000008b100000| Complete 
| 178|0x000000008b200000, 0x000000008b300000, 0x000000008b300000|100%| O|  |TAMS 0x000000008b300000, 0x000000008b200000| Complete 
| 179|0x000000008b300000, 0x000000008b400000, 0x000000008b400000|100%| O|  |TAMS 0x000000008b400000, 0x000000008b300000| Complete 
| 180|0x000000008b400000, 0x000000008b400000, 0x000000008b500000|  0%| F|  |TAMS 0x000000008b400000, 0x000000008b400000| Untracked 
| 181|0x000000008b500000, 0x000000008b500000, 0x000000008b600000|  0%| F|  |TAMS 0x000000008b500000, 0x000000008b500000| Untracked 
| 182|0x000000008b600000, 0x000000008b600000, 0x000000008b700000|  0%| F|  |TAMS 0x000000008b600000, 0x000000008b600000| Untracked 
| 183|0x000000008b700000, 0x000000008b700000, 0x000000008b800000|  0%| F|  |TAMS 0x000000008b700000, 0x000000008b700000| Untracked 
| 184|0x000000008b800000, 0x000000008b800000, 0x000000008b900000|  0%| F|  |TAMS 0x000000008b800000, 0x000000008b800000| Untracked 
| 185|0x000000008b900000, 0x000000008ba00000, 0x000000008ba00000|100%| O|  |TAMS 0x000000008ba00000, 0x000000008b900000| Complete 
| 186|0x000000008ba00000, 0x000000008ba00000, 0x000000008bb00000|  0%| F|  |TAMS 0x000000008ba00000, 0x000000008ba00000| Untracked 
| 187|0x000000008bb00000, 0x000000008bb00000, 0x000000008bc00000|  0%| F|  |TAMS 0x000000008bb00000, 0x000000008bb00000| Untracked 
| 188|0x000000008bc00000, 0x000000008bc00000, 0x000000008bd00000|  0%| F|  |TAMS 0x000000008bc00000, 0x000000008bc00000| Untracked 
| 189|0x000000008bd00000, 0x000000008be00000, 0x000000008be00000|100%| O|  |TAMS 0x000000008be00000, 0x000000008bd00000| Complete 
| 190|0x000000008be00000, 0x000000008bf00000, 0x000000008bf00000|100%| O|  |TAMS 0x000000008bf00000, 0x000000008be00000| Complete 
| 191|0x000000008bf00000, 0x000000008bf00000, 0x000000008c000000|  0%| F|  |TAMS 0x000000008bf00000, 0x000000008bf00000| Untracked 
| 192|0x000000008c000000, 0x000000008c000000, 0x000000008c100000|  0%| F|  |TAMS 0x000000008c000000, 0x000000008c000000| Untracked 
| 193|0x000000008c100000, 0x000000008c100000, 0x000000008c200000|  0%| F|  |TAMS 0x000000008c100000, 0x000000008c100000| Untracked 
| 194|0x000000008c200000, 0x000000008c300000, 0x000000008c300000|100%|HS|  |TAMS 0x000000008c300000, 0x000000008c200000| Complete 
| 195|0x000000008c300000, 0x000000008c400000, 0x000000008c400000|100%|HC|  |TAMS 0x000000008c400000, 0x000000008c300000| Complete 
| 196|0x000000008c400000, 0x000000008c400000, 0x000000008c500000|  0%| F|  |TAMS 0x000000008c400000, 0x000000008c400000| Untracked 
| 197|0x000000008c500000, 0x000000008c500000, 0x000000008c600000|  0%| F|  |TAMS 0x000000008c500000, 0x000000008c500000| Untracked 
| 198|0x000000008c600000, 0x000000008c600000, 0x000000008c700000|  0%| F|  |TAMS 0x000000008c600000, 0x000000008c600000| Untracked 
| 199|0x000000008c700000, 0x000000008c700000, 0x000000008c800000|  0%| F|  |TAMS 0x000000008c700000, 0x000000008c700000| Untracked 
| 200|0x000000008c800000, 0x000000008c800000, 0x000000008c900000|  0%| F|  |TAMS 0x000000008c800000, 0x000000008c800000| Untracked 
| 201|0x000000008c900000, 0x000000008c900000, 0x000000008ca00000|  0%| F|  |TAMS 0x000000008c900000, 0x000000008c900000| Untracked 
| 202|0x000000008ca00000, 0x000000008ca00000, 0x000000008cb00000|  0%| F|  |TAMS 0x000000008ca00000, 0x000000008ca00000| Untracked 
| 203|0x000000008cb00000, 0x000000008cb00000, 0x000000008cc00000|  0%| F|  |TAMS 0x000000008cb00000, 0x000000008cb00000| Untracked 
| 204|0x000000008cc00000, 0x000000008cc00000, 0x000000008cd00000|  0%| F|  |TAMS 0x000000008cc00000, 0x000000008cc00000| Untracked 
| 205|0x000000008cd00000, 0x000000008cd00000, 0x000000008ce00000|  0%| F|  |TAMS 0x000000008cd00000, 0x000000008cd00000| Untracked 
| 206|0x000000008ce00000, 0x000000008ce00000, 0x000000008cf00000|  0%| F|  |TAMS 0x000000008ce00000, 0x000000008ce00000| Untracked 
| 207|0x000000008cf00000, 0x000000008cf00000, 0x000000008d000000|  0%| F|  |TAMS 0x000000008cf00000, 0x000000008cf00000| Untracked 
| 208|0x000000008d000000, 0x000000008d000000, 0x000000008d100000|  0%| F|  |TAMS 0x000000008d000000, 0x000000008d000000| Untracked 
| 209|0x000000008d100000, 0x000000008d100000, 0x000000008d200000|  0%| F|  |TAMS 0x000000008d100000, 0x000000008d100000| Untracked 
| 210|0x000000008d200000, 0x000000008d200000, 0x000000008d300000|  0%| F|  |TAMS 0x000000008d200000, 0x000000008d200000| Untracked 
| 211|0x000000008d300000, 0x000000008d300000, 0x000000008d400000|  0%| F|  |TAMS 0x000000008d300000, 0x000000008d300000| Untracked 
| 212|0x000000008d400000, 0x000000008d400000, 0x000000008d500000|  0%| F|  |TAMS 0x000000008d400000, 0x000000008d400000| Untracked 
| 213|0x000000008d500000, 0x000000008d500000, 0x000000008d600000|  0%| F|  |TAMS 0x000000008d500000, 0x000000008d500000| Untracked 
| 214|0x000000008d600000, 0x000000008d600000, 0x000000008d700000|  0%| F|  |TAMS 0x000000008d600000, 0x000000008d600000| Untracked 
| 215|0x000000008d700000, 0x000000008d700000, 0x000000008d800000|  0%| F|  |TAMS 0x000000008d700000, 0x000000008d700000| Untracked 
| 216|0x000000008d800000, 0x000000008d800000, 0x000000008d900000|  0%| F|  |TAMS 0x000000008d800000, 0x000000008d800000| Untracked 
| 217|0x000000008d900000, 0x000000008d900000, 0x000000008da00000|  0%| F|  |TAMS 0x000000008d900000, 0x000000008d900000| Untracked 
| 218|0x000000008da00000, 0x000000008da00000, 0x000000008db00000|  0%| F|  |TAMS 0x000000008da00000, 0x000000008da00000| Untracked 
| 219|0x000000008db00000, 0x000000008db00000, 0x000000008dc00000|  0%| F|  |TAMS 0x000000008db00000, 0x000000008db00000| Untracked 
| 220|0x000000008dc00000, 0x000000008dc00000, 0x000000008dd00000|  0%| F|  |TAMS 0x000000008dc00000, 0x000000008dc00000| Untracked 
| 221|0x000000008dd00000, 0x000000008dd00000, 0x000000008de00000|  0%| F|  |TAMS 0x000000008dd00000, 0x000000008dd00000| Untracked 
| 222|0x000000008de00000, 0x000000008de00000, 0x000000008df00000|  0%| F|  |TAMS 0x000000008de00000, 0x000000008de00000| Untracked 
| 223|0x000000008df00000, 0x000000008df00000, 0x000000008e000000|  0%| F|  |TAMS 0x000000008df00000, 0x000000008df00000| Untracked 
| 224|0x000000008e000000, 0x000000008e000000, 0x000000008e100000|  0%| F|  |TAMS 0x000000008e000000, 0x000000008e000000| Untracked 
| 225|0x000000008e100000, 0x000000008e100000, 0x000000008e200000|  0%| F|  |TAMS 0x000000008e100000, 0x000000008e100000| Untracked 
| 226|0x000000008e200000, 0x000000008e200000, 0x000000008e300000|  0%| F|  |TAMS 0x000000008e200000, 0x000000008e200000| Untracked 
| 227|0x000000008e300000, 0x000000008e300000, 0x000000008e400000|  0%| F|  |TAMS 0x000000008e300000, 0x000000008e300000| Untracked 
| 228|0x000000008e400000, 0x000000008e400000, 0x000000008e500000|  0%| F|  |TAMS 0x000000008e400000, 0x000000008e400000| Untracked 
| 229|0x000000008e500000, 0x000000008e500000, 0x000000008e600000|  0%| F|  |TAMS 0x000000008e500000, 0x000000008e500000| Untracked 
| 230|0x000000008e600000, 0x000000008e600000, 0x000000008e700000|  0%| F|  |TAMS 0x000000008e600000, 0x000000008e600000| Untracked 
| 231|0x000000008e700000, 0x000000008e700000, 0x000000008e800000|  0%| F|  |TAMS 0x000000008e700000, 0x000000008e700000| Untracked 
| 232|0x000000008e800000, 0x000000008e800000, 0x000000008e900000|  0%| F|  |TAMS 0x000000008e800000, 0x000000008e800000| Untracked 
| 233|0x000000008e900000, 0x000000008e900000, 0x000000008ea00000|  0%| F|  |TAMS 0x000000008e900000, 0x000000008e900000| Untracked 
| 234|0x000000008ea00000, 0x000000008ea00000, 0x000000008eb00000|  0%| F|  |TAMS 0x000000008ea00000, 0x000000008ea00000| Untracked 
| 235|0x000000008eb00000, 0x000000008eb00000, 0x000000008ec00000|  0%| F|  |TAMS 0x000000008eb00000, 0x000000008eb00000| Untracked 
| 236|0x000000008ec00000, 0x000000008ec00000, 0x000000008ed00000|  0%| F|  |TAMS 0x000000008ec00000, 0x000000008ec00000| Untracked 
| 237|0x000000008ed00000, 0x000000008ed00000, 0x000000008ee00000|  0%| F|  |TAMS 0x000000008ed00000, 0x000000008ed00000| Untracked 
| 238|0x000000008ee00000, 0x000000008ee00000, 0x000000008ef00000|  0%| F|  |TAMS 0x000000008ee00000, 0x000000008ee00000| Untracked 
| 239|0x000000008ef00000, 0x000000008ef00000, 0x000000008f000000|  0%| F|  |TAMS 0x000000008ef00000, 0x000000008ef00000| Untracked 
| 240|0x000000008f000000, 0x000000008f000000, 0x000000008f100000|  0%| F|  |TAMS 0x000000008f000000, 0x000000008f000000| Untracked 
| 241|0x000000008f100000, 0x000000008f100000, 0x000000008f200000|  0%| F|  |TAMS 0x000000008f100000, 0x000000008f100000| Untracked 
| 242|0x000000008f200000, 0x000000008f200000, 0x000000008f300000|  0%| F|  |TAMS 0x000000008f200000, 0x000000008f200000| Untracked 
| 243|0x000000008f300000, 0x000000008f300000, 0x000000008f400000|  0%| F|  |TAMS 0x000000008f300000, 0x000000008f300000| Untracked 
| 244|0x000000008f400000, 0x000000008f400000, 0x000000008f500000|  0%| F|  |TAMS 0x000000008f400000, 0x000000008f400000| Untracked 
| 245|0x000000008f500000, 0x000000008f500000, 0x000000008f600000|  0%| F|  |TAMS 0x000000008f500000, 0x000000008f500000| Untracked 
| 246|0x000000008f600000, 0x000000008f600000, 0x000000008f700000|  0%| F|  |TAMS 0x000000008f600000, 0x000000008f600000| Untracked 
| 247|0x000000008f700000, 0x000000008f700000, 0x000000008f800000|  0%| F|  |TAMS 0x000000008f700000, 0x000000008f700000| Untracked 
| 248|0x000000008f800000, 0x000000008f800000, 0x000000008f900000|  0%| F|  |TAMS 0x000000008f800000, 0x000000008f800000| Untracked 
| 249|0x000000008f900000, 0x000000008f900000, 0x000000008fa00000|  0%| F|  |TAMS 0x000000008f900000, 0x000000008f900000| Untracked 
| 250|0x000000008fa00000, 0x000000008fa00000, 0x000000008fb00000|  0%| F|  |TAMS 0x000000008fa00000, 0x000000008fa00000| Untracked 
| 251|0x000000008fb00000, 0x000000008fb6fa80, 0x000000008fc00000| 43%| E|  |TAMS 0x000000008fb00000, 0x000000008fb00000| Complete 
| 252|0x000000008fc00000, 0x000000008fd00000, 0x000000008fd00000|100%| E|CS|TAMS 0x000000008fc00000, 0x000000008fc00000| Complete 
| 253|0x000000008fd00000, 0x000000008fe00000, 0x000000008fe00000|100%| E|CS|TAMS 0x000000008fd00000, 0x000000008fd00000| Complete 
| 254|0x000000008fe00000, 0x000000008ff00000, 0x000000008ff00000|100%| E|CS|TAMS 0x000000008fe00000, 0x000000008fe00000| Complete 
| 255|0x000000008ff00000, 0x0000000090000000, 0x0000000090000000|100%| E|CS|TAMS 0x000000008ff00000, 0x000000008ff00000| Complete 
| 256|0x0000000090000000, 0x0000000090100000, 0x0000000090100000|100%| E|CS|TAMS 0x0000000090000000, 0x0000000090000000| Complete 
| 257|0x0000000090100000, 0x0000000090200000, 0x0000000090200000|100%| E|CS|TAMS 0x0000000090100000, 0x0000000090100000| Complete 
| 258|0x0000000090200000, 0x0000000090300000, 0x0000000090300000|100%| E|CS|TAMS 0x0000000090200000, 0x0000000090200000| Complete 
| 259|0x0000000090300000, 0x0000000090400000, 0x0000000090400000|100%| E|CS|TAMS 0x0000000090300000, 0x0000000090300000| Complete 
| 260|0x0000000090400000, 0x0000000090500000, 0x0000000090500000|100%| E|CS|TAMS 0x0000000090400000, 0x0000000090400000| Complete 
| 261|0x0000000090500000, 0x0000000090600000, 0x0000000090600000|100%| E|  |TAMS 0x0000000090500000, 0x0000000090500000| Complete 
| 262|0x0000000090600000, 0x0000000090700000, 0x0000000090700000|100%| E|CS|TAMS 0x0000000090600000, 0x0000000090600000| Complete 
| 263|0x0000000090700000, 0x0000000090800000, 0x0000000090800000|100%| E|CS|TAMS 0x0000000090700000, 0x0000000090700000| Complete 
| 264|0x0000000090800000, 0x0000000090900000, 0x0000000090900000|100%| E|CS|TAMS 0x0000000090800000, 0x0000000090800000| Complete 
| 265|0x0000000090900000, 0x0000000090a00000, 0x0000000090a00000|100%| E|CS|TAMS 0x0000000090900000, 0x0000000090900000| Complete 
| 266|0x0000000090a00000, 0x0000000090b00000, 0x0000000090b00000|100%| E|CS|TAMS 0x0000000090a00000, 0x0000000090a00000| Complete 
| 267|0x0000000090b00000, 0x0000000090c00000, 0x0000000090c00000|100%| E|CS|TAMS 0x0000000090b00000, 0x0000000090b00000| Complete 
| 268|0x0000000090c00000, 0x0000000090d00000, 0x0000000090d00000|100%| E|CS|TAMS 0x0000000090c00000, 0x0000000090c00000| Complete 
| 269|0x0000000090d00000, 0x0000000090e00000, 0x0000000090e00000|100%| E|CS|TAMS 0x0000000090d00000, 0x0000000090d00000| Complete 
| 270|0x0000000090e00000, 0x0000000090f00000, 0x0000000090f00000|100%| E|CS|TAMS 0x0000000090e00000, 0x0000000090e00000| Complete 
| 271|0x0000000090f00000, 0x0000000091000000, 0x0000000091000000|100%| E|CS|TAMS 0x0000000090f00000, 0x0000000090f00000| Complete 
| 272|0x0000000091000000, 0x0000000091100000, 0x0000000091100000|100%| E|CS|TAMS 0x0000000091000000, 0x0000000091000000| Complete 
| 273|0x0000000091100000, 0x00000000911e8810, 0x0000000091200000| 90%| S|CS|TAMS 0x0000000091100000, 0x0000000091100000| Complete 
| 274|0x0000000091200000, 0x0000000091300000, 0x0000000091300000|100%| S|CS|TAMS 0x0000000091200000, 0x0000000091200000| Complete 
| 275|0x0000000091300000, 0x0000000091400000, 0x0000000091400000|100%| S|CS|TAMS 0x0000000091300000, 0x0000000091300000| Complete 
| 276|0x0000000091400000, 0x0000000091500000, 0x0000000091500000|100%| S|CS|TAMS 0x0000000091400000, 0x0000000091400000| Complete 
| 277|0x0000000091500000, 0x0000000091600000, 0x0000000091600000|100%| E|CS|TAMS 0x0000000091500000, 0x0000000091500000| Complete 
| 278|0x0000000091600000, 0x0000000091700000, 0x0000000091700000|100%| E|CS|TAMS 0x0000000091600000, 0x0000000091600000| Complete 
| 279|0x0000000091700000, 0x0000000091800000, 0x0000000091800000|100%| E|CS|TAMS 0x0000000091700000, 0x0000000091700000| Complete 
| 280|0x0000000091800000, 0x0000000091900000, 0x0000000091900000|100%| E|CS|TAMS 0x0000000091800000, 0x0000000091800000| Complete 
| 281|0x0000000091900000, 0x0000000091a00000, 0x0000000091a00000|100%| E|CS|TAMS 0x0000000091900000, 0x0000000091900000| Complete 
| 282|0x0000000091a00000, 0x0000000091b00000, 0x0000000091b00000|100%| E|CS|TAMS 0x0000000091a00000, 0x0000000091a00000| Complete 
| 283|0x0000000091b00000, 0x0000000091c00000, 0x0000000091c00000|100%| E|CS|TAMS 0x0000000091b00000, 0x0000000091b00000| Complete 
| 284|0x0000000091c00000, 0x0000000091d00000, 0x0000000091d00000|100%| E|CS|TAMS 0x0000000091c00000, 0x0000000091c00000| Complete 
| 285|0x0000000091d00000, 0x0000000091e00000, 0x0000000091e00000|100%| E|CS|TAMS 0x0000000091d00000, 0x0000000091d00000| Complete 
| 286|0x0000000091e00000, 0x0000000091f00000, 0x0000000091f00000|100%| E|CS|TAMS 0x0000000091e00000, 0x0000000091e00000| Complete 
| 287|0x0000000091f00000, 0x0000000092000000, 0x0000000092000000|100%| E|CS|TAMS 0x0000000091f00000, 0x0000000091f00000| Complete 
| 288|0x0000000092000000, 0x0000000092100000, 0x0000000092100000|100%| E|CS|TAMS 0x0000000092000000, 0x0000000092000000| Complete 
| 289|0x0000000092100000, 0x0000000092200000, 0x0000000092200000|100%| E|CS|TAMS 0x0000000092100000, 0x0000000092100000| Complete 
| 290|0x0000000092200000, 0x0000000092300000, 0x0000000092300000|100%| E|CS|TAMS 0x0000000092200000, 0x0000000092200000| Complete 
| 291|0x0000000092300000, 0x0000000092400000, 0x0000000092400000|100%| E|CS|TAMS 0x0000000092300000, 0x0000000092300000| Complete 
| 292|0x0000000092400000, 0x0000000092500000, 0x0000000092500000|100%| E|CS|TAMS 0x0000000092400000, 0x0000000092400000| Complete 
| 293|0x0000000092500000, 0x0000000092600000, 0x0000000092600000|100%| E|CS|TAMS 0x0000000092500000, 0x0000000092500000| Complete 
| 294|0x0000000092600000, 0x0000000092700000, 0x0000000092700000|100%| E|CS|TAMS 0x0000000092600000, 0x0000000092600000| Complete 
| 295|0x0000000092700000, 0x0000000092800000, 0x0000000092800000|100%| E|CS|TAMS 0x0000000092700000, 0x0000000092700000| Complete 
| 296|0x0000000092800000, 0x0000000092900000, 0x0000000092900000|100%| E|CS|TAMS 0x0000000092800000, 0x0000000092800000| Complete 
| 297|0x0000000092900000, 0x0000000092a00000, 0x0000000092a00000|100%| E|CS|TAMS 0x0000000092900000, 0x0000000092900000| Complete 
| 298|0x0000000092a00000, 0x0000000092b00000, 0x0000000092b00000|100%| E|CS|TAMS 0x0000000092a00000, 0x0000000092a00000| Complete 
| 299|0x0000000092b00000, 0x0000000092c00000, 0x0000000092c00000|100%| E|CS|TAMS 0x0000000092b00000, 0x0000000092b00000| Complete 
| 300|0x0000000092c00000, 0x0000000092d00000, 0x0000000092d00000|100%| E|CS|TAMS 0x0000000092c00000, 0x0000000092c00000| Complete 
| 301|0x0000000092d00000, 0x0000000092e00000, 0x0000000092e00000|100%| E|CS|TAMS 0x0000000092d00000, 0x0000000092d00000| Complete 
| 302|0x0000000092e00000, 0x0000000092f00000, 0x0000000092f00000|100%| E|CS|TAMS 0x0000000092e00000, 0x0000000092e00000| Complete 
| 303|0x0000000092f00000, 0x0000000093000000, 0x0000000093000000|100%| E|CS|TAMS 0x0000000092f00000, 0x0000000092f00000| Complete 
| 304|0x0000000093000000, 0x0000000093100000, 0x0000000093100000|100%| E|CS|TAMS 0x0000000093000000, 0x0000000093000000| Complete 
| 305|0x0000000093100000, 0x0000000093200000, 0x0000000093200000|100%| E|CS|TAMS 0x0000000093100000, 0x0000000093100000| Complete 
| 306|0x0000000093200000, 0x0000000093300000, 0x0000000093300000|100%| E|CS|TAMS 0x0000000093200000, 0x0000000093200000| Complete 
| 307|0x0000000093300000, 0x0000000093400000, 0x0000000093400000|100%| E|CS|TAMS 0x0000000093300000, 0x0000000093300000| Complete 

Card table byte_map: [0x000001faf5210000,0x000001faf5610000] _byte_map_base: 0x000001faf4e10000

Marking Bits (Prev, Next): (CMBitMap*) 0x000001fae202fa10, (CMBitMap*) 0x000001fae202f9d8
 Prev Bits: [0x000001faf7a10000, 0x000001faf9a10000)
 Next Bits: [0x000001faf5a10000, 0x000001faf7a10000)

Polling page: 0x000001fadff50000

Metaspace:

Usage:
  Non-class:    171.67 MB capacity,   168.10 MB ( 98%) used,     2.93 MB (  2%) free+waste,   662.81 KB ( <1%) overhead. 
      Class:     24.26 MB capacity,    22.37 MB ( 92%) used,     1.62 MB (  7%) free+waste,   280.50 KB (  1%) overhead. 
       Both:    195.94 MB capacity,   190.47 MB ( 97%) used,     4.55 MB (  2%) free+waste,   943.31 KB ( <1%) overhead. 

Virtual space:
  Non-class space:      172.00 MB reserved,     171.75 MB (>99%) committed 
      Class space:        1.00 GB reserved,      24.37 MB (  2%) committed 
             Both:        1.17 GB reserved,     196.12 MB ( 16%) committed 

Chunk freelists:
   Non-Class:  14.00 KB
       Class:  51.00 KB
        Both:  65.00 KB

MaxMetaspaceSize: 17179869184.00 GB
CompressedClassSpaceSize: 1.00 GB

CodeHeap 'non-profiled nmethods': size=120000Kb used=29594Kb max_used=29594Kb free=90405Kb
 bounds [0x000001faed5b0000, 0x000001faef2a0000, 0x000001faf4ae0000]
CodeHeap 'profiled nmethods': size=120000Kb used=66622Kb max_used=66622Kb free=53377Kb
 bounds [0x000001fae6080000, 0x000001faea230000, 0x000001faed5b0000]
CodeHeap 'non-nmethods': size=5760Kb used=2399Kb max_used=2454Kb free=3360Kb
 bounds [0x000001fae5ae0000, 0x000001fae5d60000, 0x000001fae6080000]
 total_blobs=32024 nmethods=30991 adapters=942
 compilation: enabled
              stopped_count=0, restarted_count=0
 full_count=0

Compilation events (20 events):
Event: 21199.422 Thread 0x000001fafc47d800 nmethod 38153 0x000001faef29d090 code [0x000001faef29d220, 0x000001faef29d298]
Event: 21199.440 Thread 0x000001fafc48a000 38210       3       com.google.common.collect.Sets::newHashSetWithExpectedSize (12 bytes)
Event: 21199.442 Thread 0x000001fafc48a000 nmethod 38210 0x000001fae8a76010 code [0x000001fae8a76220, 0x000001fae8a76678]
Event: 21199.530 Thread 0x000001fafc47d800 38211       4       com.google.common.collect.TransformedIterator::next (14 bytes)
Event: 21199.532 Thread 0x000001fafc47d800 nmethod 38211 0x000001faef29d310 code [0x000001faef29d4a0, 0x000001faef29d558]
Event: 21199.567 Thread 0x000001fafc48a000 38212       1       com.android.ide.common.resources.configuration.DensityQualifier::getEnumValue (5 bytes)
Event: 21199.567 Thread 0x000001fafc47d800 38216       4       com.google.common.collect.ArrayListMultimap::createCollection (5 bytes)
Event: 21199.568 Thread 0x000001fafc48a000 nmethod 38212 0x000001faef29d610 code [0x000001faef29d7c0, 0x000001faef29d878]
Event: 21199.568 Thread 0x000001fafc48a000 38214       3       com.android.utils.Pair::of (10 bytes)
Event: 21199.570 Thread 0x000001fafc48a000 nmethod 38214 0x000001fae8a3e190 code [0x000001fae8a3e360, 0x000001fae8a3e618]
Event: 21199.570 Thread 0x000001fafc48a000 38215       3       com.android.utils.Pair::<init> (15 bytes)
Event: 21199.570 Thread 0x000001fafc48a000 nmethod 38215 0x000001fae8a4f410 code [0x000001fae8a4f5c0, 0x000001fae8a4f7d8]
Event: 21199.570 Thread 0x000001fafc48a000 38213       1       com.android.ide.common.resources.ResourceFile::getFolderConfiguration (5 bytes)
Event: 21199.570 Thread 0x000001fafc48a000 nmethod 38213 0x000001faef29d910 code [0x000001faef29dac0, 0x000001faef29db78]
Event: 21199.572 Thread 0x000001fafc47d800 nmethod 38216 0x000001faef29dc10 code [0x000001faef29ddc0, 0x000001faef29e0d8]
Event: 21199.572 Thread 0x000001fafc47d800 38220       4       com.android.ide.common.resources.MergedResourceWriter::ignoreItemInMerge (9 bytes)
Event: 21199.572 Thread 0x000001fafc47d800 nmethod 38220 0x000001faef29e210 code [0x000001faef29e3a0, 0x000001faef29e418]
Event: 21199.572 Thread 0x000001fafc47d800 38224 % !   4       com.android.ide.common.resources.DataMerger::mergeData @ 247 (611 bytes)
Event: 21199.637 Thread 0x000001fafc48a000 38231       3       com.android.ide.common.blame.SourceFileJsonTypeAdapter::read (252 bytes)
Event: 21199.648 Thread 0x000001fafc48a000 nmethod 38231 0x000001faea221790 code [0x000001faea221c00, 0x000001faea223f98]

GC Heap History (20 events):
Event: 19446.719 GC heap before
{Heap before GC invocations=299 (full 1):
 garbage-first heap   total 315392K, used 232187K [0x0000000080000000, 0x0000000100000000)
  region size 1024K, 56 young (57344K), 2 survivors (2048K)
 Metaspace       used 194679K, capacity 200245K, committed 200568K, reserved 1224704K
  class space    used 22913K, capacity 24847K, committed 24952K, reserved 1048576K
}
Event: 19446.736 GC heap after
{Heap after GC invocations=300 (full 1):
 garbage-first heap   total 315392K, used 177767K [0x0000000080000000, 0x0000000100000000)
  region size 1024K, 6 young (6144K), 6 survivors (6144K)
 Metaspace       used 194679K, capacity 200245K, committed 200568K, reserved 1224704K
  class space    used 22913K, capacity 24847K, committed 24952K, reserved 1048576K
}
Event: 19447.262 GC heap before
{Heap before GC invocations=300 (full 1):
 garbage-first heap   total 315392K, used 186983K [0x0000000080000000, 0x0000000100000000)
  region size 1024K, 15 young (15360K), 6 survivors (6144K)
 Metaspace       used 194679K, capacity 200245K, committed 200568K, reserved 1224704K
  class space    used 22913K, capacity 24847K, committed 24952K, reserved 1048576K
}
Event: 19447.297 GC heap after
{Heap after GC invocations=301 (full 1):
 garbage-first heap   total 315392K, used 178754K [0x0000000080000000, 0x0000000100000000)
  region size 1024K, 2 young (2048K), 2 survivors (2048K)
 Metaspace       used 194679K, capacity 200245K, committed 200568K, reserved 1224704K
  class space    used 22913K, capacity 24847K, committed 24952K, reserved 1048576K
}
Event: 19447.857 GC heap before
{Heap before GC invocations=301 (full 1):
 garbage-first heap   total 315392K, used 205378K [0x0000000080000000, 0x0000000100000000)
  region size 1024K, 29 young (29696K), 2 survivors (2048K)
 Metaspace       used 194778K, capacity 200315K, committed 200568K, reserved 1224704K
  class space    used 22914K, capacity 24848K, committed 24952K, reserved 1048576K
}
Event: 19447.867 GC heap after
{Heap after GC invocations=302 (full 1):
 garbage-first heap   total 315392K, used 182191K [0x0000000080000000, 0x0000000100000000)
  region size 1024K, 6 young (6144K), 6 survivors (6144K)
 Metaspace       used 194778K, capacity 200315K, committed 200568K, reserved 1224704K
  class space    used 22914K, capacity 24848K, committed 24952K, reserved 1048576K
}
Event: 19448.107 GC heap before
{Heap before GC invocations=302 (full 1):
 garbage-first heap   total 315392K, used 238511K [0x0000000080000000, 0x0000000100000000)
  region size 1024K, 58 young (59392K), 6 survivors (6144K)
 Metaspace       used 194914K, capacity 200492K, committed 200568K, reserved 1224704K
  class space    used 22919K, capacity 24882K, committed 24952K, reserved 1048576K
}
Event: 19448.129 GC heap after
{Heap after GC invocations=303 (full 1):
 garbage-first heap   total 315392K, used 193480K [0x0000000080000000, 0x0000000100000000)
  region size 1024K, 8 young (8192K), 8 survivors (8192K)
 Metaspace       used 194914K, capacity 200492K, committed 200568K, reserved 1224704K
  class space    used 22919K, capacity 24882K, committed 24952K, reserved 1048576K
}
Event: 19448.911 GC heap before
{Heap before GC invocations=304 (full 1):
 garbage-first heap   total 315392K, used 243656K [0x0000000080000000, 0x0000000100000000)
  region size 1024K, 56 young (57344K), 8 survivors (8192K)
 Metaspace       used 194810K, capacity 200344K, committed 200568K, reserved 1224704K
  class space    used 22895K, capacity 24845K, committed 24952K, reserved 1048576K
}
Event: 19448.922 GC heap after
{Heap after GC invocations=305 (full 1):
 garbage-first heap   total 315392K, used 196937K [0x0000000080000000, 0x0000000100000000)
  region size 1024K, 6 young (6144K), 6 survivors (6144K)
 Metaspace       used 194810K, capacity 200344K, committed 200568K, reserved 1224704K
  class space    used 22895K, capacity 24845K, committed 24952K, reserved 1048576K
}
Event: 19448.939 GC heap before
{Heap before GC invocations=305 (full 1):
 garbage-first heap   total 315392K, used 205129K [0x0000000080000000, 0x0000000100000000)
  region size 1024K, 15 young (15360K), 6 survivors (6144K)
 Metaspace       used 194816K, capacity 200344K, committed 200568K, reserved 1224704K
  class space    used 22895K, capacity 24845K, committed 24952K, reserved 1048576K
}
Event: 19448.949 GC heap after
{Heap after GC invocations=306 (full 1):
 garbage-first heap   total 315392K, used 193046K [0x0000000080000000, 0x0000000100000000)
  region size 1024K, 2 young (2048K), 2 survivors (2048K)
 Metaspace       used 194816K, capacity 200344K, committed 200568K, reserved 1224704K
  class space    used 22895K, capacity 24845K, committed 24952K, reserved 1048576K
}
Event: 19449.073 GC heap before
{Heap before GC invocations=306 (full 1):
 garbage-first heap   total 315392K, used 211478K [0x0000000080000000, 0x0000000100000000)
  region size 1024K, 22 young (22528K), 2 survivors (2048K)
 Metaspace       used 194859K, capacity 200409K, committed 200568K, reserved 1224704K
  class space    used 22895K, capacity 24845K, committed 24952K, reserved 1048576K
}
Event: 19449.081 GC heap after
{Heap after GC invocations=307 (full 1):
 garbage-first heap   total 315392K, used 197142K [0x0000000080000000, 0x0000000100000000)
  region size 1024K, 6 young (6144K), 6 survivors (6144K)
 Metaspace       used 194859K, capacity 200409K, committed 200568K, reserved 1224704K
  class space    used 22895K, capacity 24845K, committed 24952K, reserved 1048576K
}
Event: 20562.809 GC heap before
{Heap before GC invocations=308 (full 1):
 garbage-first heap   total 315392K, used 273942K [0x0000000080000000, 0x0000000100000000)
  region size 1024K, 52 young (53248K), 6 survivors (6144K)
 Metaspace       used 195008K, capacity 200521K, committed 200824K, reserved 1224704K
  class space    used 22911K, capacity 24851K, committed 24952K, reserved 1048576K
}
Event: 20562.929 GC heap after
{Heap after GC invocations=309 (full 1):
 garbage-first heap   total 315392K, used 189098K [0x0000000080000000, 0x0000000100000000)
  region size 1024K, 1 young (1024K), 1 survivors (1024K)
 Metaspace       used 195008K, capacity 200521K, committed 200824K, reserved 1224704K
  class space    used 22911K, capacity 24851K, committed 24952K, reserved 1048576K
}
Event: 21193.405 GC heap before
{Heap before GC invocations=309 (full 1):
 garbage-first heap   total 315392K, used 203434K [0x0000000080000000, 0x0000000100000000)
  region size 1024K, 15 young (15360K), 1 survivors (1024K)
 Metaspace       used 195016K, capacity 200585K, committed 200824K, reserved 1224704K
  class space    used 22911K, capacity 24851K, committed 24952K, reserved 1048576K
}
Event: 21193.487 GC heap after
{Heap after GC invocations=310 (full 1):
 garbage-first heap   total 315392K, used 175841K [0x0000000080000000, 0x0000000100000000)
  region size 1024K, 2 young (2048K), 2 survivors (2048K)
 Metaspace       used 195016K, capacity 200585K, committed 200824K, reserved 1224704K
  class space    used 22911K, capacity 24851K, committed 24952K, reserved 1048576K
}
Event: 21195.349 GC heap before
{Heap before GC invocations=310 (full 1):
 garbage-first heap   total 315392K, used 203489K [0x0000000080000000, 0x0000000100000000)
  region size 1024K, 31 young (31744K), 2 survivors (2048K)
 Metaspace       used 195032K, capacity 200654K, committed 200824K, reserved 1224704K
  class space    used 22911K, capacity 24851K, committed 24952K, reserved 1048576K
}
Event: 21195.428 GC heap after
{Heap after GC invocations=311 (full 1):
 garbage-first heap   total 315392K, used 178754K [0x0000000080000000, 0x0000000100000000)
  region size 1024K, 4 young (4096K), 4 survivors (4096K)
 Metaspace       used 195032K, capacity 200654K, committed 200824K, reserved 1224704K
  class space    used 22911K, capacity 24851K, committed 24952K, reserved 1048576K
}

Deoptimization events (20 events):
Event: 21196.472 Thread 0x000001fa8c056000 DEOPT PACKING pc=0x000001faef0dc69c sp=0x000000a49f1f9ed0
Event: 21196.473 Thread 0x000001fa8c056000 DEOPT UNPACKING pc=0x000001fae5b078af sp=0x000000a49f1f9e70 mode 2
Event: 21197.924 Thread 0x000001fafcf71000 Uncommon trap: trap_request=0xffffffde fr.pc=0x000001faed876b6c relative=0x000000000000052c
Event: 21197.925 Thread 0x000001fafcf71000 Uncommon trap: reason=class_check action=maybe_recompile pc=0x000001faed876b6c method=jdk.internal.ref.PhantomCleanable.clean()V @ 12 c2
Event: 21197.925 Thread 0x000001fafcf71000 DEOPT PACKING pc=0x000001faed876b6c sp=0x000000a4999feea0
Event: 21197.926 Thread 0x000001fafcf71000 DEOPT UNPACKING pc=0x000001fae5b078af sp=0x000000a4999fee80 mode 2
Event: 21199.528 Thread 0x000001fa8c056000 Uncommon trap: trap_request=0xffffffde fr.pc=0x000001faef130f74 relative=0x0000000000004774
Event: 21199.528 Thread 0x000001fa8c056000 Uncommon trap: reason=class_check action=maybe_recompile pc=0x000001faef130f74 method=com.google.common.collect.TransformedIterator.next()Ljava/lang/Object; @ 5 c2
Event: 21199.528 Thread 0x000001fa8c056000 DEOPT PACKING pc=0x000001faef130f74 sp=0x000000a49f1fa410
Event: 21199.529 Thread 0x000001fa8c056000 DEOPT UNPACKING pc=0x000001fae5b078af sp=0x000000a49f1fa438 mode 2
Event: 21199.530 Thread 0x000001fa8c056000 Uncommon trap: trap_request=0xffffffde fr.pc=0x000001faef130f74 relative=0x0000000000004774
Event: 21199.530 Thread 0x000001fa8c056000 Uncommon trap: reason=class_check action=maybe_recompile pc=0x000001faef130f74 method=com.google.common.collect.TransformedIterator.next()Ljava/lang/Object; @ 5 c2
Event: 21199.530 Thread 0x000001fa8c056000 DEOPT PACKING pc=0x000001faef130f74 sp=0x000000a49f1fa410
Event: 21199.530 Thread 0x000001fa8c056000 DEOPT UNPACKING pc=0x000001fae5b078af sp=0x000000a49f1fa438 mode 2
Event: 21199.619 Thread 0x000001fa8c056000 DEOPT PACKING pc=0x000001faea0b2c69 sp=0x000000a49f1fa640
Event: 21199.619 Thread 0x000001fa8c056000 DEOPT UNPACKING pc=0x000001fae5b076ce sp=0x000000a49f1f9b90 mode 0
Event: 21199.685 Thread 0x000001fa8c056000 Uncommon trap: trap_request=0xffffffc6 fr.pc=0x000001faef1424b4 relative=0x0000000000000a74
Event: 21199.685 Thread 0x000001fa8c056000 Uncommon trap: reason=bimorphic_or_optimized_type_check action=maybe_recompile pc=0x000001faef1424b4 method=org.apache.xerces.dom.ParentNode.internalInsertBefore(Lorg/w3c/dom/Node;Lorg/w3c/dom/Node;Z)Lorg/w3c/dom/Node; @ 555 c2
Event: 21199.685 Thread 0x000001fa8c056000 DEOPT PACKING pc=0x000001faef1424b4 sp=0x000000a49f1fa550
Event: 21199.686 Thread 0x000001fa8c056000 DEOPT UNPACKING pc=0x000001fae5b078af sp=0x000000a49f1fa4e8 mode 2

Classes redefined (0 events):
No events

Internal exceptions (20 events):
Event: 19448.927 Thread 0x000001fa84aec800 Exception <a 'sun/nio/fs/WindowsException'{0x000000009312c5b0}> (0x000000009312c5b0) thrown at [./src/hotspot/share/prims/jni.cpp, line 615]
Event: 19448.929 Thread 0x000001fa80e76000 Exception <a 'sun/nio/fs/WindowsException'{0x0000000092f5dd00}> (0x0000000092f5dd00) thrown at [./src/hotspot/share/prims/jni.cpp, line 615]
Event: 19448.932 Thread 0x000001fa80e69800 Exception <a 'sun/nio/fs/WindowsException'{0x0000000092e62b30}> (0x0000000092e62b30) thrown at [./src/hotspot/share/prims/jni.cpp, line 615]
Event: 19448.933 Thread 0x000001fa80e6f800 Exception <a 'sun/nio/fs/WindowsException'{0x0000000092d048b8}> (0x0000000092d048b8) thrown at [./src/hotspot/share/prims/jni.cpp, line 615]
Event: 19448.950 Thread 0x000001fa80e71000 Exception <a 'sun/nio/fs/WindowsException'{0x0000000093300a50}> (0x0000000093300a50) thrown at [./src/hotspot/share/prims/jni.cpp, line 615]
Event: 19448.954 Thread 0x000001faff832000 Exception <a 'sun/nio/fs/WindowsException'{0x000000009302e740}> (0x000000009302e740) thrown at [./src/hotspot/share/prims/jni.cpp, line 615]
Event: 19448.955 Thread 0x000001fa84aec800 Exception <a 'sun/nio/fs/WindowsException'{0x0000000093086070}> (0x0000000093086070) thrown at [./src/hotspot/share/prims/jni.cpp, line 615]
Event: 19448.959 Thread 0x000001fa80e76000 Exception <a 'sun/nio/fs/WindowsException'{0x0000000092fb4ae0}> (0x0000000092fb4ae0) thrown at [./src/hotspot/share/prims/jni.cpp, line 615]
Event: 19448.964 Thread 0x000001fa80e71000 Exception <a 'sun/nio/fs/WindowsException'{0x0000000092b84ea8}> (0x0000000092b84ea8) thrown at [./src/hotspot/share/prims/jni.cpp, line 615]
Event: 19448.967 Thread 0x000001fa80e6f800 Exception <a 'sun/nio/fs/WindowsException'{0x0000000092893b98}> (0x0000000092893b98) thrown at [./src/hotspot/share/prims/jni.cpp, line 615]
Event: 19449.124 Thread 0x000001faff836000 Exception <a 'sun/nio/fs/WindowsException'{0x00000000933e49a8}> (0x00000000933e49a8) thrown at [./src/hotspot/share/prims/jni.cpp, line 615]
Event: 19449.628 Thread 0x000001fafef79800 Exception <a 'sun/nio/fs/WindowsException'{0x00000000917f5188}> (0x00000000917f5188) thrown at [./src/hotspot/share/prims/jni.cpp, line 615]
Event: 21194.268 Thread 0x000001fafef7b000 Exception <a 'sun/nio/fs/WindowsException'{0x000000009212d808}> (0x000000009212d808) thrown at [./src/hotspot/share/prims/jni.cpp, line 615]
Event: 21194.274 Thread 0x000001fafef7b000 Exception <a 'sun/nio/fs/WindowsException'{0x000000009212f048}> (0x000000009212f048) thrown at [./src/hotspot/share/prims/jni.cpp, line 615]
Event: 21195.157 Thread 0x000001fafef7b000 Exception <a 'sun/nio/fs/WindowsException'{0x00000000918f7b90}> (0x00000000918f7b90) thrown at [./src/hotspot/share/prims/jni.cpp, line 615]
Event: 21195.231 Thread 0x000001fafef7b000 Exception <a 'sun/nio/fs/WindowsException'{0x0000000091791ef8}> (0x0000000091791ef8) thrown at [./src/hotspot/share/prims/jni.cpp, line 615]
Event: 21195.232 Thread 0x000001fafef7b000 Exception <a 'sun/nio/fs/WindowsException'{0x0000000091792e30}> (0x0000000091792e30) thrown at [./src/hotspot/share/prims/jni.cpp, line 615]
Event: 21195.232 Thread 0x000001fafef7b000 Exception <a 'sun/nio/fs/WindowsException'{0x0000000091793db8}> (0x0000000091793db8) thrown at [./src/hotspot/share/prims/jni.cpp, line 615]
Event: 21195.232 Thread 0x000001fafef7b000 Exception <a 'sun/nio/fs/WindowsException'{0x0000000091794d40}> (0x0000000091794d40) thrown at [./src/hotspot/share/prims/jni.cpp, line 615]
Event: 21195.753 Thread 0x000001fafef7b000 Exception <a 'sun/nio/fs/WindowsException'{0x0000000092ea7868}> (0x0000000092ea7868) thrown at [./src/hotspot/share/prims/jni.cpp, line 615]

Events (20 events):
Event: 21195.768 Thread 0x000001fa8c063000 Thread added: 0x000001fa8c063000
Event: 21195.770 Thread 0x000001fa8c05f000 Thread added: 0x000001fa8c05f000
Event: 21195.770 Thread 0x000001faff837800 Thread added: 0x000001faff837800
Event: 21195.789 Thread 0x000001faff833000 Thread added: 0x000001faff833000
Event: 21195.834 Executing VM operation: RevokeBias
Event: 21195.845 Executing VM operation: RevokeBias done
Event: 21195.947 Executing VM operation: RevokeBias
Event: 21195.952 Executing VM operation: RevokeBias done
Event: 21195.953 Executing VM operation: RevokeBias
Event: 21195.954 Executing VM operation: RevokeBias done
Event: 21195.960 Executing VM operation: RevokeBias
Event: 21195.975 Executing VM operation: RevokeBias done
Event: 21196.086 Executing VM operation: RevokeBias
Event: 21196.087 Executing VM operation: RevokeBias done
Event: 21196.510 Executing VM operation: CGC_Operation
Event: 21197.909 Executing VM operation: CGC_Operation done
Event: 21199.335 Executing VM operation: CGC_Operation
Event: 21199.336 Executing VM operation: CGC_Operation done
Event: 21199.627 Executing VM operation: RevokeBias
Event: 21199.628 Executing VM operation: RevokeBias done


Dynamic libraries:
0x00007ff76d1b0000 - 0x00007ff76d1ba000 	E:\android\jre\bin\java.exe
0x00007ffbe5570000 - 0x00007ffbe5765000 	C:\WINDOWS\SYSTEM32\ntdll.dll
0x00007ffbe4ac0000 - 0x00007ffbe4b7e000 	C:\WINDOWS\System32\KERNEL32.DLL
0x00007ffbe2f50000 - 0x00007ffbe3218000 	C:\WINDOWS\System32\KERNELBASE.dll
0x00007ffbe3300000 - 0x00007ffbe3400000 	C:\WINDOWS\System32\ucrtbase.dll
0x00007ffbcddc0000 - 0x00007ffbcddd9000 	E:\android\jre\bin\jli.dll
0x00007ffbbca30000 - 0x00007ffbbca47000 	E:\android\jre\bin\VCRUNTIME140.dll
0x00007ffbe4e00000 - 0x00007ffbe4fa0000 	C:\WINDOWS\System32\USER32.dll
0x00007ffbe32d0000 - 0x00007ffbe32f2000 	C:\WINDOWS\System32\win32u.dll
0x00007ffbd0da0000 - 0x00007ffbd103a000 	C:\WINDOWS\WinSxS\amd64_microsoft.windows.common-controls_6595b64144ccf1df_6.0.19041.1110_none_60b5254171f9507e\COMCTL32.dll
0x00007ffbe43a0000 - 0x00007ffbe43cb000 	C:\WINDOWS\System32\GDI32.dll
0x00007ffbe34c0000 - 0x00007ffbe35cb000 	C:\WINDOWS\System32\gdi32full.dll
0x00007ffbe4a20000 - 0x00007ffbe4abe000 	C:\WINDOWS\System32\msvcrt.dll
0x00007ffbe2e60000 - 0x00007ffbe2efd000 	C:\WINDOWS\System32\msvcp_win.dll
0x00007ffbe4490000 - 0x00007ffbe44c0000 	C:\WINDOWS\System32\IMM32.DLL
0x00007ffb9d920000 - 0x00007ffb9d9bd000 	E:\android\jre\bin\msvcp140.dll
0x00007ffbaa9b0000 - 0x00007ffbab47f000 	E:\android\jre\bin\server\jvm.dll
0x00007ffbe43e0000 - 0x00007ffbe448e000 	C:\WINDOWS\System32\ADVAPI32.dll
0x00007ffbe5350000 - 0x00007ffbe53ec000 	C:\WINDOWS\System32\sechost.dll
0x00007ffbe5400000 - 0x00007ffbe5525000 	C:\WINDOWS\System32\RPCRT4.dll
0x00007ffbe3e90000 - 0x00007ffbe3e98000 	C:\WINDOWS\System32\PSAPI.DLL
0x00007ffbc4390000 - 0x00007ffbc4399000 	C:\WINDOWS\SYSTEM32\WSOCK32.dll
0x00007ffbdb390000 - 0x00007ffbdb39a000 	C:\WINDOWS\SYSTEM32\VERSION.dll
0x00007ffbd9fc0000 - 0x00007ffbd9fe7000 	C:\WINDOWS\SYSTEM32\WINMM.dll
0x00007ffbe50d0000 - 0x00007ffbe513b000 	C:\WINDOWS\System32\WS2_32.dll
0x00007ffbe0ba0000 - 0x00007ffbe0bb2000 	C:\WINDOWS\SYSTEM32\kernel.appcore.dll
0x00007ffbc0620000 - 0x00007ffbc0631000 	E:\android\jre\bin\verify.dll
0x00007ffbd6f20000 - 0x00007ffbd7104000 	C:\WINDOWS\SYSTEM32\DBGHELP.DLL
0x00007ffbd6ef0000 - 0x00007ffbd6f1c000 	C:\WINDOWS\SYSTEM32\dbgcore.DLL
0x00007ffbe3430000 - 0x00007ffbe34b2000 	C:\WINDOWS\System32\bcryptPrimitives.dll
0x00007ffbc05f0000 - 0x00007ffbc0619000 	E:\android\jre\bin\java.dll
0x00007ffbdcf50000 - 0x00007ffbdcf5b000 	E:\android\jre\bin\jimage.dll
0x00007ffbc05d0000 - 0x00007ffbc05e8000 	E:\android\jre\bin\zip.dll
0x00007ffbe3740000 - 0x00007ffbe3e84000 	C:\WINDOWS\System32\SHELL32.dll
0x00007ffbe0da0000 - 0x00007ffbe1534000 	C:\WINDOWS\SYSTEM32\windows.storage.dll
0x00007ffbe3ea0000 - 0x00007ffbe41f4000 	C:\WINDOWS\System32\combase.dll
0x00007ffbe26f0000 - 0x00007ffbe271c000 	C:\WINDOWS\SYSTEM32\Wldp.dll
0x00007ffbe4ca0000 - 0x00007ffbe4d4d000 	C:\WINDOWS\System32\SHCORE.dll
0x00007ffbe4340000 - 0x00007ffbe4395000 	C:\WINDOWS\System32\shlwapi.dll
0x00007ffbe2bd0000 - 0x00007ffbe2bef000 	C:\WINDOWS\SYSTEM32\profapi.dll
0x00007ffbc05b0000 - 0x00007ffbc05ca000 	E:\android\jre\bin\net.dll
0x00007ffbd5250000 - 0x00007ffbd5359000 	C:\WINDOWS\SYSTEM32\WINHTTP.dll
0x00007ffbe23e0000 - 0x00007ffbe244a000 	C:\WINDOWS\system32\mswsock.dll
0x00007ffbc0590000 - 0x00007ffbc05a4000 	E:\android\jre\bin\nio.dll
0x00007ffbbe580000 - 0x00007ffbbe5a7000 	C:\Users\Enter\.gradle\native\8bec1ad78214c89d9ad589b4d07fe93259594b29d510b10fafb7a158f7737e5d\windows-amd64\native-platform.dll
0x00007ffba11c0000 - 0x00007ffba12fd000 	C:\Users\Enter\.gradle\native\53dbd7edfb1c66fb8903c78663c9afc45aea4f116125fa6feffd364cf09443e8\windows-amd64\native-platform-file-events.dll
0x00007ffbced60000 - 0x00007ffbced6a000 	E:\android\jre\bin\management.dll
0x00007ffbced30000 - 0x00007ffbced3c000 	E:\android\jre\bin\management_ext.dll
0x00007ffbe25d0000 - 0x00007ffbe25e8000 	C:\WINDOWS\SYSTEM32\CRYPTSP.dll
0x00007ffbe1cf0000 - 0x00007ffbe1d24000 	C:\WINDOWS\system32\rsaenh.dll
0x00007ffbe3400000 - 0x00007ffbe3427000 	C:\WINDOWS\System32\bcrypt.dll
0x00007ffbe2b90000 - 0x00007ffbe2bbe000 	C:\WINDOWS\SYSTEM32\USERENV.dll
0x00007ffbe25f0000 - 0x00007ffbe25fc000 	C:\WINDOWS\SYSTEM32\CRYPTBASE.dll
0x00007ffbe20d0000 - 0x00007ffbe210b000 	C:\WINDOWS\SYSTEM32\IPHLPAPI.DLL
0x00007ffbe53f0000 - 0x00007ffbe53f8000 	C:\WINDOWS\System32\NSI.dll
0x00007ffbdb2f0000 - 0x00007ffbdb307000 	C:\WINDOWS\SYSTEM32\dhcpcsvc6.DLL
0x00007ffbdbde0000 - 0x00007ffbdbdfd000 	C:\WINDOWS\SYSTEM32\dhcpcsvc.DLL
0x00007ffbe2110000 - 0x00007ffbe21da000 	C:\WINDOWS\SYSTEM32\DNSAPI.dll
0x00007ffbd6a90000 - 0x00007ffbd6aae000 	C:\Users\Enter\AppData\Local\Temp\native-platform2780537819857121297dir\native-platform.dll
0x00007ffbc8430000 - 0x00007ffbc8438000 	E:\android\jre\bin\rmi.dll
0x00007ffbb6ae0000 - 0x00007ffbb6b07000 	E:\android\jre\bin\sunec.dll
0x0000000070bc0000 - 0x0000000070c9c000 	C:\Users\Enter\AppData\Local\Temp\sqlite-3.36.0-5264e268-288f-4ab3-aaf3-af3f698b49f1-sqlitejdbc.dll
0x0000000000c40000 - 0x0000000000d1c000 	C:\Users\Enter\AppData\Local\Temp\sqlite-3.36.0-75c3709c-064a-4571-9446-c781dc3bee23-sqlitejdbc.dll
0x0000000000d20000 - 0x0000000000dfc000 	C:\Users\Enter\AppData\Local\Temp\sqlite-3.36.0-7be52443-f140-48b3-b305-1e4176ee999a-sqlitejdbc.dll
0x0000000000e00000 - 0x0000000000edc000 	C:\Users\Enter\AppData\Local\Temp\sqlite-3.36.0-0261a808-137a-4797-be97-d8a052d6da2d-sqlitejdbc.dll
0x0000000000ee0000 - 0x0000000000fbc000 	C:\Users\Enter\AppData\Local\Temp\sqlite-3.36.0-8f99272b-70dd-4bd3-9b55-72fcf93b9457-sqlitejdbc.dll

dbghelp: loaded successfully - version: 4.0.5 - missing functions: none
symbol engine: initialized successfully - sym options: 0x614 - pdb path: .;E:\android\jre\bin;C:\WINDOWS\SYSTEM32;C:\WINDOWS\WinSxS\amd64_microsoft.windows.common-controls_6595b64144ccf1df_6.0.19041.1110_none_60b5254171f9507e;E:\android\jre\bin\server;C:\Users\Enter\.gradle\native\8bec1ad78214c89d9ad589b4d07fe93259594b29d510b10fafb7a158f7737e5d\windows-amd64;C:\Users\Enter\.gradle\native\53dbd7edfb1c66fb8903c78663c9afc45aea4f116125fa6feffd364cf09443e8\windows-amd64;C:\Users\Enter\AppData\Local\Temp\native-platform2780537819857121297dir;C:\Users\Enter\AppData\Local\Temp

VM Arguments:
jvm_args: --add-opens=java.base/java.util=ALL-UNNAMED --add-opens=java.base/java.lang=ALL-UNNAMED --add-opens=java.base/java.lang.invoke=ALL-UNNAMED --add-opens=java.base/java.util=ALL-UNNAMED --add-opens=java.prefs/java.util.prefs=ALL-UNNAMED --add-opens=java.prefs/java.util.prefs=ALL-UNNAMED --add-opens=java.base/java.nio.charset=ALL-UNNAMED --add-opens=java.base/java.net=ALL-UNNAMED --add-opens=java.base/java.util.concurrent.atomic=ALL-UNNAMED -Xmx2048m -Dfile.encoding=UTF-8 -Duser.country=RU -Duser.language=ru -Duser.variant 
java_command: org.gradle.launcher.daemon.bootstrap.GradleDaemon 7.0.2
java_class_path (initial): C:\Users\Enter\.gradle\wrapper\dists\gradle-7.0.2-bin\857tjihv64xamwrf0h14cai3r\gradle-7.0.2\lib\gradle-launcher-7.0.2.jar
Launcher Type: SUN_STANDARD

[Global flags]
     intx CICompilerCount                          = 4                                         {product} {ergonomic}
     uint ConcGCThreads                            = 2                                         {product} {ergonomic}
     uint G1ConcRefinementThreads                  = 8                                         {product} {ergonomic}
   size_t G1HeapRegionSize                         = 1048576                                   {product} {ergonomic}
    uintx GCDrainStackTargetSize                   = 64                                        {product} {ergonomic}
   size_t InitialHeapSize                          = 100663296                                 {product} {ergonomic}
   size_t MarkStackSize                            = 4194304                                   {product} {ergonomic}
   size_t MaxHeapSize                              = 2147483648                                {product} {command line}
   size_t MaxNewSize                               = 1287651328                                {product} {ergonomic}
   size_t MinHeapDeltaBytes                        = 1048576                                   {product} {ergonomic}
    uintx NonNMethodCodeHeapSize                   = 5836300                                {pd product} {ergonomic}
    uintx NonProfiledCodeHeapSize                  = 122910970                              {pd product} {ergonomic}
    uintx ProfiledCodeHeapSize                     = 122910970                              {pd product} {ergonomic}
    uintx ReservedCodeCacheSize                    = 251658240                              {pd product} {ergonomic}
     bool SegmentedCodeCache                       = true                                      {product} {ergonomic}
     bool UseCompressedClassPointers               = true                                 {lp64_product} {ergonomic}
     bool UseCompressedOops                        = true                                 {lp64_product} {ergonomic}
     bool UseG1GC                                  = true                                      {product} {ergonomic}
     bool UseLargePagesIndividualAllocation        = false                                  {pd product} {ergonomic}

Logging:
Log output configuration:
 #0: stdout all=warning uptime,level,tags
 #1: stderr all=off uptime,level,tags

Environment Variables:
PATH=C:\Program Files (x86)\NVIDIA Corporation\PhysX\Common;C:\WINDOWS\system32;C:\WINDOWS;C:\WINDOWS\System32\Wbem;C:\WINDOWS\System32\WindowsPowerShell\v1.0\;C:\WINDOWS\System32\OpenSSH\;E:\mingw\bin;C:\Program Files\Git\cmd;C:\Users\Enter\AppData\Local\Microsoft\WindowsApps;E:\java\IntelliJ IDEA Community Edition 2021.2.3\bin;
USERNAME=Enter
OS=Windows_NT
PROCESSOR_IDENTIFIER=AMD64 Family 23 Model 24 Stepping 1, AuthenticAMD



---------------  S Y S T E M  ---------------

OS: Windows 10 , 64 bit Build 19041 (10.0.19041.1566)
OS uptime: 9 days 20:27 hours

CPU:total 8 (initial active 8) (8 cores per cpu, 2 threads per core) family 23 model 24 stepping 1 microcode 0x0, cmov, cx8, fxsr, mmx, sse, sse2, sse3, ssse3, sse4.1, sse4.2, popcnt, avx, avx2, aes, clmul, mmxext, 3dnowpref, lzcnt, sse4a, ht, tsc, tscinvbit, tscinv, bmi1, bmi2, adx, s

Memory: 4k page, system-wide physical 6091M (265M free)
TotalPageFile size 16331M (AvailPageFile size 0M)
current process WorkingSet (physical memory assigned to process): 302M, peak: 658M
current process commit charge ("private bytes"): 813M, peak: 836M

vm_info: OpenJDK 64-Bit Server VM (11.0.10+0-b96-7249189) for windows-amd64 JRE (11.0.10+0-b96-7249189), built on Mar 31 2021 21:44:00 by "builder" with MS VC++ 14.0 (VS2015)

END.
