#
# There is insufficient memory for the Java Runtime Environment to continue.
# Native memory allocation (malloc) failed to allocate 1344656 bytes for Chunk::new
# Possible reasons:
#   The system is out of physical RAM or swap space
#   The process is running with CompressedOops enabled, and the Java Heap may be blocking the growth of the native heap
# Possible solutions:
#   Reduce memory load on the system
#   Increase physical memory or swap space
#   Check if swap backing store is full
#   Decrease Java heap size (-Xmx/-Xms)
#   Decrease number of Java threads
#   Decrease Java thread stack sizes (-Xss)
#   Set larger code cache with -XX:ReservedCodeCacheSize=
#   JVM is running with Unscaled Compressed Oops mode in which the Java heap is
#     placed in the first 4GB address space. The Java Heap base address is the
#     maximum limit for the native heap growth. Please use -XX:HeapBaseMinAddress
#     to set the Java Heap base and to place the Java Heap above 4GB virtual address.
# This output file may be truncated or incomplete.
#
#  Out of Memory Error (./src/hotspot/share/memory/arena.cpp:197), pid=13192, tid=16156
#
# JRE version: OpenJDK Runtime Environment (11.0.10) (build 11.0.10+0-b96-7249189)
# Java VM: OpenJDK 64-Bit Server VM (11.0.10+0-b96-7249189, mixed mode, tiered, compressed oops, g1 gc, windows-amd64)
# No core dump will be written. Minidumps are not enabled by default on client versions of Windows
#

---------------  S U M M A R Y ------------

Command Line: --add-opens=java.base/java.util=ALL-UNNAMED --add-opens=java.base/java.lang=ALL-UNNAMED --add-opens=java.base/java.lang.invoke=ALL-UNNAMED --add-opens=java.base/java.util=ALL-UNNAMED --add-opens=java.prefs/java.util.prefs=ALL-UNNAMED --add-opens=java.prefs/java.util.prefs=ALL-UNNAMED --add-opens=java.base/java.nio.charset=ALL-UNNAMED --add-opens=java.base/java.net=ALL-UNNAMED --add-opens=java.base/java.util.concurrent.atomic=ALL-UNNAMED -Xmx2048m -Dfile.encoding=UTF-8 -Duser.country=RU -Duser.language=ru -Duser.variant org.gradle.launcher.daemon.bootstrap.GradleDaemon 7.0.2

Host: AMD Ryzen 5 3500U with Radeon Vega Mobile Gfx  , 8 cores, 5G,  Windows 10 , 64 bit Build 19041 (10.0.19041.1566)
Time: Mon Mar 21 21:43:21 2022 Восточная Европа (зима) elapsed time: 17517.333303 seconds (0d 4h 51m 57s)

---------------  T H R E A D  ---------------

Current thread (0x000001e442be5000):  JavaThread "C2 CompilerThread0" daemon [_thread_in_native, id=16156, stack(0x0000006bfef00000,0x0000006bff000000)]


Current CompileTask:
C2:17517333 39039 %     4       org.jetbrains.kotlin.gradle.internal.kapt.incremental.ClasspathEntryData::writeObject @ 233 (1261 bytes)

Stack: [0x0000006bfef00000,0x0000006bff000000]
Native frames: (J=compiled Java code, j=interpreted, Vv=VM code, C=native code)
V  [jvm.dll+0x5ecfaa]
V  [jvm.dll+0x722bd5]
V  [jvm.dll+0x72412d]
V  [jvm.dll+0x7247e3]
V  [jvm.dll+0x242928]
V  [jvm.dll+0xbc4fc]
V  [jvm.dll+0xbca0c]
V  [jvm.dll+0x352d3b]
V  [jvm.dll+0x19800c]
V  [jvm.dll+0x1fb70e]
V  [jvm.dll+0x1fa7f4]
V  [jvm.dll+0x18354c]
V  [jvm.dll+0x208ee7]
V  [jvm.dll+0x207731]
V  [jvm.dll+0x6eb1cf]
V  [jvm.dll+0x6e3d45]
V  [jvm.dll+0x5ebe96]
C  [ucrtbase.dll+0x21bb2]
C  [KERNEL32.DLL+0x17034]
C  [ntdll.dll+0x52651]


---------------  P R O C E S S  ---------------

Threads class SMR info:
_java_thread_list=0x000001e44e3f2aa0, length=114, elements={
0x000001e4267a9800, 0x000001e442bb5000, 0x000001e442bb8800, 0x000001e442bd7000,
0x000001e442bd7800, 0x000001e442bd8800, 0x000001e442be5000, 0x000001e442bec000,
0x000001e442bf7800, 0x000001e4436ba000, 0x000001e444626800, 0x000001e445608000,
0x000001e445cf0800, 0x000001e445ce7000, 0x000001e445ce4800, 0x000001e445ceb000,
0x000001e445ce5800, 0x000001e445ce8000, 0x000001e4464b4000, 0x000001e4464b4800,
0x000001e4464af800, 0x000001e4464b2000, 0x000001e4464bb000, 0x000001e4441ec800,
0x000001e4441ef000, 0x000001e4441eb800, 0x000001e4441ed800, 0x000001e4441ee000,
0x000001e4441eb000, 0x000001e4441ea000, 0x000001e4441f8000, 0x000001e44de8e800,
0x000001e44de91800, 0x000001e4464b9800, 0x000001e44e12d800, 0x000001e44e12f000,
0x000001e44e12b000, 0x000001e44e12a000, 0x000001e44de8b000, 0x000001e44e12c800,
0x000001e44e131000, 0x000001e44e129800, 0x000001e44e12e800, 0x000001e44e130000,
0x000001e44de90000, 0x000001e44fc3b000, 0x000001e44fc39000, 0x000001e44de93800,
0x000001e44fc3c800, 0x000001e44fc36000, 0x000001e44e127000, 0x000001e4441f1800,
0x000001e4464ba800, 0x000001e44fc2e800, 0x000001e4441f0000, 0x000001e44e122000,
0x000001e449cb7000, 0x000001e44e123000, 0x000001e449cbc800, 0x000001e4441f3000,
0x000001e44de95000, 0x000001e44de96800, 0x000001e44e126000, 0x000001e4441f6800,
0x000001e4441f4800, 0x000001e44fc33800, 0x000001e44af74800, 0x000001e44af76800,
0x000001e44de8c000, 0x000001e44fc34000, 0x000001e44af6f800, 0x000001e4464bd800,
0x000001e4441f2000, 0x000001e4441f4000, 0x000001e4441f7000, 0x000001e4441f5800,
0x000001e44af69000, 0x000001e44af69800, 0x000001e44af6c000, 0x000001e44af6a800,
0x000001e44af6d800, 0x000001e44af6d000, 0x000001e44af68000, 0x000001e44af71000,
0x000001e44af70000, 0x000001e44af6e800, 0x000001e44af6b800, 0x000001e44af72000,
0x000001e44af72800, 0x000001e44af76000, 0x000001e44af75000, 0x000001e44af73800,
0x000001e44fc2f800, 0x000001e44fc31000, 0x000001e44fc32000, 0x000001e44fc30000,
0x000001e44fc32800, 0x000001e44fc2d800, 0x000001e44fc35000, 0x000001e44fc38800,
0x000001e44fc3b800, 0x000001e44fc36800, 0x000001e449cb7800, 0x000001e449cbc000,
0x000001e449cb9800, 0x000001e449cbd800, 0x000001e449cbb000, 0x000001e44de8d800,
0x000001e44de8f000, 0x000001e44de8c800, 0x000001e44de98000, 0x000001e44de94000,
0x000001e44e128800, 0x000001e44e123800
}

Java Threads: ( => current thread )
  0x000001e4267a9800 JavaThread "main" [_thread_blocked, id=6200, stack(0x0000006bfe300000,0x0000006bfe400000)]
  0x000001e442bb5000 JavaThread "Reference Handler" daemon [_thread_blocked, id=14200, stack(0x0000006bfea00000,0x0000006bfeb00000)]
  0x000001e442bb8800 JavaThread "Finalizer" daemon [_thread_blocked, id=1980, stack(0x0000006bfeb00000,0x0000006bfec00000)]
  0x000001e442bd7000 JavaThread "Signal Dispatcher" daemon [_thread_blocked, id=14864, stack(0x0000006bfec00000,0x0000006bfed00000)]
  0x000001e442bd7800 JavaThread "Attach Listener" daemon [_thread_blocked, id=17300, stack(0x0000006bfed00000,0x0000006bfee00000)]
  0x000001e442bd8800 JavaThread "Service Thread" daemon [_thread_blocked, id=14640, stack(0x0000006bfee00000,0x0000006bfef00000)]
=>0x000001e442be5000 JavaThread "C2 CompilerThread0" daemon [_thread_in_native, id=16156, stack(0x0000006bfef00000,0x0000006bff000000)]
  0x000001e442bec000 JavaThread "C1 CompilerThread0" daemon [_thread_blocked, id=16456, stack(0x0000006bff000000,0x0000006bff100000)]
  0x000001e442bf7800 JavaThread "Sweeper thread" daemon [_thread_blocked, id=11368, stack(0x0000006bff100000,0x0000006bff200000)]
  0x000001e4436ba000 JavaThread "Common-Cleaner" daemon [_thread_blocked, id=6640, stack(0x0000006bff200000,0x0000006bff300000)]
  0x000001e444626800 JavaThread "Daemon health stats" [_thread_blocked, id=3908, stack(0x0000006bff500000,0x0000006bff600000)]
  0x000001e445608000 JavaThread "Incoming local TCP Connector on port 65239" [_thread_in_native, id=10424, stack(0x0000006bff600000,0x0000006bff700000)]
  0x000001e445cf0800 JavaThread "Daemon periodic checks" [_thread_blocked, id=5872, stack(0x0000006bff700000,0x0000006bff800000)]
  0x000001e445ce7000 JavaThread "Cache worker for file hash cache (C:\Users\Enter\.gradle\caches\7.0.2\fileHashes)" [_thread_blocked, id=14944, stack(0x0000006b80500000,0x0000006b80600000)]
  0x000001e445ce4800 JavaThread "File lock request listener" [_thread_in_native, id=2140, stack(0x0000006b80600000,0x0000006b80700000)]
  0x000001e445ceb000 JavaThread "Cache worker for journal cache (C:\Users\Enter\.gradle\caches\journal-1)" [_thread_blocked, id=14268, stack(0x0000006b80800000,0x0000006b80900000)]
  0x000001e445ce5800 JavaThread "File watcher server" daemon [_thread_in_native, id=7984, stack(0x0000006b80a00000,0x0000006b80b00000)]
  0x000001e445ce8000 JavaThread "File watcher consumer" daemon [_thread_blocked, id=1524, stack(0x0000006b80b00000,0x0000006b80c00000)]
  0x000001e4464b4000 JavaThread "Cache worker for execution history cache (C:\Users\Enter\.gradle\caches\7.0.2\executionHistory)" [_thread_blocked, id=6712, stack(0x0000006b80f00000,0x0000006b81000000)]
  0x000001e4464b4800 JavaThread "jar transforms" [_thread_blocked, id=4760, stack(0x0000006b81000000,0x0000006b81100000)]
  0x000001e4464af800 JavaThread "jar transforms Thread 2" [_thread_blocked, id=6376, stack(0x0000006b81100000,0x0000006b81200000)]
  0x000001e4464b2000 JavaThread "Cache worker for file content cache (C:\Users\Enter\.gradle\caches\7.0.2\fileContent)" [_thread_blocked, id=8724, stack(0x0000006b81200000,0x0000006b81300000)]
  0x000001e4464bb000 JavaThread "jar transforms Thread 3" [_thread_blocked, id=16188, stack(0x0000006b81400000,0x0000006b81500000)]
  0x000001e4441ec800 JavaThread "jar transforms Thread 4" [_thread_blocked, id=1264, stack(0x0000006b81f00000,0x0000006b82000000)]
  0x000001e4441ef000 JavaThread "jar transforms Thread 5" [_thread_blocked, id=9016, stack(0x0000006b82000000,0x0000006b82100000)]
  0x000001e4441eb800 JavaThread "jar transforms Thread 6" [_thread_blocked, id=12656, stack(0x0000006b82100000,0x0000006b82200000)]
  0x000001e4441ed800 JavaThread "jar transforms Thread 7" [_thread_blocked, id=14312, stack(0x0000006b82200000,0x0000006b82300000)]
  0x000001e4441ee000 JavaThread "jar transforms Thread 8" [_thread_blocked, id=16952, stack(0x0000006b82300000,0x0000006b82400000)]
  0x000001e4441eb000 JavaThread "Memory manager" [_thread_blocked, id=8640, stack(0x0000006b82400000,0x0000006b82500000)]
  0x000001e4441ea000 JavaThread "pool-3-thread-1" [_thread_blocked, id=3528, stack(0x0000006b82700000,0x0000006b82800000)]
  0x000001e4441f8000 JavaThread "RMI Scheduler(0)" daemon [_thread_blocked, id=12868, stack(0x0000006b81e00000,0x0000006b81f00000)]
  0x000001e44de8e800 JavaThread "RMI TCP Accept-0" daemon [_thread_in_native, id=6540, stack(0x0000006b83400000,0x0000006b83500000)]
  0x000001e44de91800 JavaThread "pool-7-thread-1" [_thread_blocked, id=15836, stack(0x0000006b82c00000,0x0000006b82d00000)]
  0x000001e4464b9800 JavaThread "Cache worker for Java compile cache (C:\Users\Enter\.gradle\caches\7.0.2\javaCompile)" [_thread_blocked, id=268, stack(0x0000006b83f00000,0x0000006b84000000)]
  0x000001e44e12d800 JavaThread "pool-11-thread-1" [_thread_blocked, id=8848, stack(0x0000006b82900000,0x0000006b82a00000)]
  0x000001e44e12f000 JavaThread "pool-15-thread-1" [_thread_blocked, id=14056, stack(0x0000006b82b00000,0x0000006b82c00000)]
  0x000001e44e12b000 JavaThread "pool-18-thread-1" [_thread_blocked, id=5492, stack(0x0000006b82e00000,0x0000006b82f00000)]
  0x000001e44e12a000 JavaThread "pool-21-thread-1" [_thread_blocked, id=1352, stack(0x0000006b82a00000,0x0000006b82b00000)]
  0x000001e44de8b000 JavaThread "pool-25-thread-1" [_thread_blocked, id=4108, stack(0x0000006b82f00000,0x0000006b83000000)]
  0x000001e44e12c800 JavaThread "pool-28-thread-1" [_thread_blocked, id=6160, stack(0x0000006b83600000,0x0000006b83700000)]
  0x000001e44e131000 JavaThread "pool-31-thread-1" [_thread_blocked, id=9920, stack(0x0000006b83700000,0x0000006b83800000)]
  0x000001e44e129800 JavaThread "pool-34-thread-1" [_thread_blocked, id=3096, stack(0x0000006b82d00000,0x0000006b82e00000)]
  0x000001e44e12e800 JavaThread "pool-37-thread-1" [_thread_blocked, id=7496, stack(0x0000006b83000000,0x0000006b83100000)]
  0x000001e44e130000 JavaThread "pool-40-thread-1" [_thread_blocked, id=9032, stack(0x0000006b83800000,0x0000006b83900000)]
  0x000001e44de90000 JavaThread "pool-44-thread-1" [_thread_blocked, id=6344, stack(0x0000006b83100000,0x0000006b83200000)]
  0x000001e44fc3b000 JavaThread "pool-47-thread-1" [_thread_blocked, id=16516, stack(0x0000006b83b00000,0x0000006b83c00000)]
  0x000001e44fc39000 JavaThread "pool-51-thread-1" [_thread_blocked, id=17192, stack(0x0000006b83200000,0x0000006b83300000)]
  0x000001e44de93800 JavaThread "pool-54-thread-1" [_thread_blocked, id=12344, stack(0x0000006b82800000,0x0000006b82900000)]
  0x000001e44fc3c800 JavaThread "pool-57-thread-1" [_thread_blocked, id=17904, stack(0x0000006b83e00000,0x0000006b83f00000)]
  0x000001e44fc36000 JavaThread "pool-60-thread-1" [_thread_blocked, id=988, stack(0x0000006b84000000,0x0000006b84100000)]
  0x000001e44e127000 JavaThread "pool-63-thread-1" [_thread_blocked, id=940, stack(0x0000006b84100000,0x0000006b84200000)]
  0x000001e4441f1800 JavaThread "pool-67-thread-1" [_thread_blocked, id=12896, stack(0x0000006b83d00000,0x0000006b83e00000)]
  0x000001e4464ba800 JavaThread "pool-71-thread-1" [_thread_blocked, id=13520, stack(0x0000006b84200000,0x0000006b84300000)]
  0x000001e44fc2e800 JavaThread "pool-75-thread-1" [_thread_blocked, id=6800, stack(0x0000006b83a00000,0x0000006b83b00000)]
  0x000001e4441f0000 JavaThread "pool-79-thread-1" [_thread_blocked, id=5564, stack(0x0000006b83c00000,0x0000006b83d00000)]
  0x000001e44e122000 JavaThread "pool-83-thread-1" [_thread_blocked, id=11380, stack(0x0000006b84300000,0x0000006b84400000)]
  0x000001e449cb7000 JavaThread "pool-87-thread-1" [_thread_blocked, id=17064, stack(0x0000006b84400000,0x0000006b84500000)]
  0x000001e44e123000 JavaThread "pool-91-thread-1" [_thread_blocked, id=11728, stack(0x0000006b84500000,0x0000006b84600000)]
  0x000001e449cbc800 JavaThread "pool-95-thread-1" [_thread_blocked, id=16608, stack(0x0000006b83300000,0x0000006b83400000)]
  0x000001e4441f3000 JavaThread "pool-98-thread-1" [_thread_blocked, id=15844, stack(0x0000006b83900000,0x0000006b83a00000)]
  0x000001e44de95000 JavaThread "pool-101-thread-1" [_thread_blocked, id=6708, stack(0x0000006b84700000,0x0000006b84800000)]
  0x000001e44de96800 JavaThread "pool-104-thread-1" [_thread_blocked, id=12708, stack(0x0000006b84900000,0x0000006b84a00000)]
  0x000001e44e126000 JavaThread "pool-107-thread-1" [_thread_blocked, id=11492, stack(0x0000006b84800000,0x0000006b84900000)]
  0x000001e4441f6800 JavaThread "RMI GC Daemon" daemon [_thread_blocked, id=9044, stack(0x0000006b85400000,0x0000006b85500000)]
  0x000001e4441f4800 JavaThread "RMI Reaper" [_thread_blocked, id=14964, stack(0x0000006b85500000,0x0000006b85600000)]
  0x000001e44fc33800 JavaThread "pool-111-thread-1" [_thread_blocked, id=18172, stack(0x0000006b84a00000,0x0000006b84b00000)]
  0x000001e44af74800 JavaThread "pool-114-thread-1" [_thread_blocked, id=12888, stack(0x0000006b84c00000,0x0000006b84d00000)]
  0x000001e44af76800 JavaThread "pool-118-thread-1" [_thread_blocked, id=8444, stack(0x0000006b84b00000,0x0000006b84c00000)]
  0x000001e44de8c000 JavaThread "Java2D Disposer" daemon [_thread_blocked, id=17880, stack(0x0000006b86600000,0x0000006b86700000)]
  0x000001e44fc34000 JavaThread "pool-123-thread-1" [_thread_blocked, id=17680, stack(0x0000006b84d00000,0x0000006b84e00000)]
  0x000001e44af6f800 JavaThread "pool-126-thread-1" [_thread_blocked, id=17084, stack(0x0000006b84e00000,0x0000006b84f00000)]
  0x000001e4464bd800 JavaThread "ForkJoinPool.commonPool-worker-1" daemon [_thread_blocked, id=18348, stack(0x0000006b86b00000,0x0000006b86c00000)]
  0x000001e4441f2000 JavaThread "Daemon Thread 30" [_thread_blocked, id=17160, stack(0x0000006b80000000,0x0000006b80100000)]
  0x000001e4441f4000 JavaThread "Handler for socket connection from /127.0.0.1:65239 to /127.0.0.1:58988" [_thread_in_native, id=17344, stack(0x0000006b80100000,0x0000006b80200000)]
  0x000001e4441f7000 JavaThread "RMI TCP Connection(121)-127.0.0.1" daemon [_thread_in_native, id=15076, stack(0x0000006b80200000,0x0000006b80300000)]
  0x000001e4441f5800 JavaThread "Cancel handler" [_thread_blocked, id=15372, stack(0x0000006b80300000,0x0000006b80400000)]
  0x000001e44af69000 JavaThread "Daemon worker Thread 30" [_thread_blocked, id=11316, stack(0x0000006b80400000,0x0000006b80500000)]
  0x000001e44af69800 JavaThread "Asynchronous log dispatcher for DefaultDaemonConnection: socket connection from /127.0.0.1:65239 to /127.0.0.1:58988" [_thread_blocked, id=17608, stack(0x0000006b80900000,0x0000006b80a00000)]
  0x000001e44af6c000 JavaThread "Stdin handler" [_thread_blocked, id=13596, stack(0x0000006b80c00000,0x0000006b80d00000)]
  0x000001e44af6a800 JavaThread "Daemon client event forwarder" [_thread_blocked, id=16412, stack(0x0000006b80d00000,0x0000006b80e00000)]
  0x000001e44af6d800 JavaThread "Cache worker for file hash cache (E:\KotlinAndroid\WeatherApp\.gradle\7.0.2\fileHashes)" [_thread_blocked, id=5716, stack(0x0000006b80e00000,0x0000006b80f00000)]
  0x000001e44af6d000 JavaThread "Cache worker for checksums cache (E:\KotlinAndroid\WeatherApp\.gradle\checksums)" [_thread_blocked, id=17424, stack(0x0000006b81300000,0x0000006b81400000)]
  0x000001e44af68000 JavaThread "Cache worker for cache directory md-supplier (C:\Users\Enter\.gradle\caches\7.0.2\md-supplier)" [_thread_blocked, id=15852, stack(0x0000006b81500000,0x0000006b81600000)]
  0x000001e44af71000 JavaThread "Cache worker for cache directory md-rule (C:\Users\Enter\.gradle\caches\7.0.2\md-rule)" [_thread_blocked, id=11592, stack(0x0000006b81600000,0x0000006b81700000)]
  0x000001e44af70000 JavaThread "Cache worker for dependencies-accessors (E:\KotlinAndroid\WeatherApp\.gradle\7.0.2\dependencies-accessors)" [_thread_blocked, id=7376, stack(0x0000006b81700000,0x0000006b81800000)]
  0x000001e44af6e800 JavaThread "Cache worker for Build Output Cleanup Cache (E:\KotlinAndroid\WeatherApp\.gradle\buildOutputCleanup)" [_thread_blocked, id=2732, stack(0x0000006b81800000,0x0000006b81900000)]
  0x000001e44af6b800 JavaThread "Build operations" [_thread_blocked, id=15312, stack(0x0000006b81900000,0x0000006b81a00000)]
  0x000001e44af72000 JavaThread "Build operations Thread 2" [_thread_blocked, id=7852, stack(0x0000006b81a00000,0x0000006b81b00000)]
  0x000001e44af72800 JavaThread "Build operations Thread 3" [_thread_blocked, id=16828, stack(0x0000006b81b00000,0x0000006b81c00000)]
  0x000001e44af76000 JavaThread "Build operations Thread 4" [_thread_blocked, id=16192, stack(0x0000006b81c00000,0x0000006b81d00000)]
  0x000001e44af75000 JavaThread "Build operations Thread 5" [_thread_blocked, id=17824, stack(0x0000006b81d00000,0x0000006b81e00000)]
  0x000001e44af73800 JavaThread "Build operations Thread 6" [_thread_blocked, id=18004, stack(0x0000006b82500000,0x0000006b82600000)]
  0x000001e44fc2f800 JavaThread "Build operations Thread 7" [_thread_blocked, id=11600, stack(0x0000006b82600000,0x0000006b82700000)]
  0x000001e44fc31000 JavaThread "Build operations Thread 8" [_thread_blocked, id=9576, stack(0x0000006b84600000,0x0000006b84700000)]
  0x000001e44fc32000 JavaThread "build event listener" [_thread_blocked, id=2424, stack(0x0000006b84f00000,0x0000006b85000000)]
  0x000001e44fc30000 JavaThread "pool-130-thread-1" [_thread_blocked, id=14412, stack(0x0000006b85000000,0x0000006b85100000)]
  0x000001e44fc32800 JavaThread "build event listener" [_thread_blocked, id=6648, stack(0x0000006b85100000,0x0000006b85200000)]
  0x000001e44fc2d800 JavaThread "Execution worker for ':'" [_thread_blocked, id=9984, stack(0x0000006b85200000,0x0000006b85300000)]
  0x000001e44fc35000 JavaThread "Execution worker for ':' Thread 2" [_thread_blocked, id=15576, stack(0x0000006b85300000,0x0000006b85400000)]
  0x000001e44fc38800 JavaThread "Execution worker for ':' Thread 3" [_thread_blocked, id=7440, stack(0x0000006b85600000,0x0000006b85700000)]
  0x000001e44fc3b800 JavaThread "Execution worker for ':' Thread 4" [_thread_blocked, id=6936, stack(0x0000006b85700000,0x0000006b85800000)]
  0x000001e44fc36800 JavaThread "Execution worker for ':' Thread 5" [_thread_blocked, id=12584, stack(0x0000006b85800000,0x0000006b85900000)]
  0x000001e449cb7800 JavaThread "Execution worker for ':' Thread 6" [_thread_blocked, id=7360, stack(0x0000006b85900000,0x0000006b85a00000)]
  0x000001e449cbc000 JavaThread "Execution worker for ':' Thread 7" [_thread_blocked, id=1552, stack(0x0000006b85a00000,0x0000006b85b00000)]
  0x000001e449cb9800 JavaThread "Cache worker for execution history cache (E:\KotlinAndroid\WeatherApp\.gradle\7.0.2\executionHistory)" [_thread_blocked, id=1632, stack(0x0000006b85b00000,0x0000006b85c00000)]
  0x000001e449cbd800 JavaThread "RMI TCP Connection(120)-127.0.0.1" daemon [_thread_in_native, id=15908, stack(0x0000006b85c00000,0x0000006b85d00000)]
  0x000001e449cbb000 JavaThread "WorkerExecutor Queue" [_thread_blocked, id=14772, stack(0x0000006b85d00000,0x0000006b85e00000)]
  0x000001e44de8d800 JavaThread "WorkerExecutor Queue Thread 2" [_thread_in_Java, id=10856, stack(0x0000006b85e00000,0x0000006b85f00000)]
  0x000001e44de8f000 JavaThread "pool-131-thread-1" [_thread_blocked, id=9388, stack(0x0000006b85f00000,0x0000006b86000000)]
  0x000001e44de8c800 JavaThread "stderr" [_thread_in_native, id=1912, stack(0x0000006b86000000,0x0000006b86100000)]
  0x000001e44de98000 JavaThread "stdout" [_thread_in_native, id=11240, stack(0x0000006b86100000,0x0000006b86200000)]
  0x000001e44de94000 JavaThread "RMI TCP Connection(119)-127.0.0.1" daemon [_thread_in_native, id=14448, stack(0x0000006b86300000,0x0000006b86400000)]
  0x000001e44e128800 JavaThread "RMI TCP Connection(122)-127.0.0.1" daemon [_thread_in_native, id=17604, stack(0x0000006b86400000,0x0000006b86500000)]
  0x000001e44e123800 JavaThread "WorkerExecutor Queue Thread 3" [_thread_blocked, id=13696, stack(0x0000006b86200000,0x0000006b86300000)]

Other Threads:
  0x000001e442bb0800 VMThread "VM Thread" [stack: 0x0000006bfe900000,0x0000006bfea00000] [id=6396]
  0x000001e4436eb000 WatcherThread [stack: 0x0000006bff300000,0x0000006bff400000] [id=16740]
  0x000001e4267c3000 GCTaskThread "GC Thread#0" [stack: 0x0000006bfe400000,0x0000006bfe500000] [id=4376]
  0x000001e444050000 GCTaskThread "GC Thread#1" [stack: 0x0000006bff400000,0x0000006bff500000] [id=10388]
  0x000001e445cf1800 GCTaskThread "GC Thread#2" [stack: 0x0000006bffa00000,0x0000006bffb00000] [id=9192]
  0x000001e445939800 GCTaskThread "GC Thread#3" [stack: 0x0000006bffb00000,0x0000006bffc00000] [id=1208]
  0x000001e444e28800 GCTaskThread "GC Thread#4" [stack: 0x0000006bffc00000,0x0000006bffd00000] [id=9100]
  0x000001e444fca800 GCTaskThread "GC Thread#5" [stack: 0x0000006bffd00000,0x0000006bffe00000] [id=11472]
  0x000001e444e07800 GCTaskThread "GC Thread#6" [stack: 0x0000006bffe00000,0x0000006bfff00000] [id=10916]
  0x000001e444909800 GCTaskThread "GC Thread#7" [stack: 0x0000006bfff00000,0x0000006c00000000] [id=4136]
  0x000001e4267f4800 ConcurrentGCThread "G1 Main Marker" [stack: 0x0000006bfe500000,0x0000006bfe600000] [id=9492]
  0x000001e4267f6000 ConcurrentGCThread "G1 Conc#0" [stack: 0x0000006bfe600000,0x0000006bfe700000] [id=16620]
  0x000001e445762800 ConcurrentGCThread "G1 Conc#1" [stack: 0x0000006b80700000,0x0000006b80800000] [id=7072]
  0x000001e426880800 ConcurrentGCThread "G1 Refine#0" [stack: 0x0000006bfe700000,0x0000006bfe800000] [id=8460]
  0x000001e44e1f9800 ConcurrentGCThread "G1 Refine#1" [stack: 0x0000006b83500000,0x0000006b83600000] [id=11156]
  0x000001e426881800 ConcurrentGCThread "G1 Young RemSet Sampling" [stack: 0x0000006bfe800000,0x0000006bfe900000] [id=1084]

Threads with active compile tasks:
C2 CompilerThread017517422 39039 %     4       org.jetbrains.kotlin.gradle.internal.kapt.incremental.ClasspathEntryData::writeObject @ 233 (1261 bytes)

VM state:not at safepoint (normal execution)

VM Mutex/Monitor currently owned by a thread: None

Heap address: 0x0000000080000000, size: 2048 MB, Compressed Oops mode: 32-bit
Narrow klass base: 0x0000000000000000, Narrow klass shift: 3
Compressed class space size: 1073741824 Address: 0x0000000100000000

Heap:
 garbage-first heap   total 248832K, used 162509K [0x0000000080000000, 0x0000000100000000)
  region size 1024K, 24 young (24576K), 2 survivors (2048K)
 Metaspace       used 167193K, capacity 172855K, committed 175052K, reserved 1202176K
  class space    used 20116K, capacity 22212K, committed 22476K, reserved 1048576K
Heap Regions: E=young(eden), S=young(survivor), O=old, HS=humongous(starts), HC=humongous(continues), CS=collection set, F=free, A=archive, TAMS=top-at-mark-start (previous, next)
|   0|0x0000000080000000, 0x0000000080100000, 0x0000000080100000|100%| O|  |TAMS 0x0000000080100000, 0x0000000080100000| Untracked 
|   1|0x0000000080100000, 0x0000000080200000, 0x0000000080200000|100%| O|  |TAMS 0x0000000080200000, 0x0000000080200000| Untracked 
|   2|0x0000000080200000, 0x0000000080300000, 0x0000000080300000|100%| O|  |TAMS 0x0000000080300000, 0x0000000080300000| Untracked 
|   3|0x0000000080300000, 0x0000000080400000, 0x0000000080400000|100%|HS|  |TAMS 0x0000000080400000, 0x0000000080400000| Complete 
|   4|0x0000000080400000, 0x0000000080500000, 0x0000000080500000|100%|HC|  |TAMS 0x0000000080500000, 0x0000000080500000| Complete 
|   5|0x0000000080500000, 0x0000000080600000, 0x0000000080600000|100%|HC|  |TAMS 0x0000000080600000, 0x0000000080600000| Complete 
|   6|0x0000000080600000, 0x0000000080700000, 0x0000000080700000|100%| O|  |TAMS 0x0000000080700000, 0x0000000080700000| Untracked 
|   7|0x0000000080700000, 0x0000000080800000, 0x0000000080800000|100%| O|  |TAMS 0x0000000080800000, 0x0000000080800000| Untracked 
|   8|0x0000000080800000, 0x0000000080900000, 0x0000000080900000|100%| O|  |TAMS 0x0000000080900000, 0x0000000080900000| Untracked 
|   9|0x0000000080900000, 0x0000000080a00000, 0x0000000080a00000|100%| O|  |TAMS 0x0000000080a00000, 0x0000000080a00000| Untracked 
|  10|0x0000000080a00000, 0x0000000080b00000, 0x0000000080b00000|100%| O|  |TAMS 0x0000000080b00000, 0x0000000080b00000| Untracked 
|  11|0x0000000080b00000, 0x0000000080c00000, 0x0000000080c00000|100%| O|  |TAMS 0x0000000080c00000, 0x0000000080c00000| Untracked 
|  12|0x0000000080c00000, 0x0000000080d00000, 0x0000000080d00000|100%| O|  |TAMS 0x0000000080d00000, 0x0000000080d00000| Untracked 
|  13|0x0000000080d00000, 0x0000000080e00000, 0x0000000080e00000|100%| O|  |TAMS 0x0000000080e00000, 0x0000000080e00000| Untracked 
|  14|0x0000000080e00000, 0x0000000080f00000, 0x0000000080f00000|100%| O|  |TAMS 0x0000000080f00000, 0x0000000080f00000| Untracked 
|  15|0x0000000080f00000, 0x0000000081000000, 0x0000000081000000|100%| O|  |TAMS 0x0000000081000000, 0x0000000081000000| Untracked 
|  16|0x0000000081000000, 0x0000000081100000, 0x0000000081100000|100%| O|  |TAMS 0x0000000081100000, 0x0000000081100000| Untracked 
|  17|0x0000000081100000, 0x0000000081200000, 0x0000000081200000|100%| O|  |TAMS 0x0000000081200000, 0x0000000081200000| Untracked 
|  18|0x0000000081200000, 0x0000000081300000, 0x0000000081300000|100%| O|  |TAMS 0x0000000081300000, 0x0000000081300000| Untracked 
|  19|0x0000000081300000, 0x0000000081400000, 0x0000000081400000|100%| O|  |TAMS 0x0000000081400000, 0x0000000081400000| Untracked 
|  20|0x0000000081400000, 0x0000000081500000, 0x0000000081500000|100%| O|  |TAMS 0x0000000081500000, 0x0000000081500000| Untracked 
|  21|0x0000000081500000, 0x0000000081600000, 0x0000000081600000|100%| O|  |TAMS 0x0000000081600000, 0x0000000081600000| Untracked 
|  22|0x0000000081600000, 0x0000000081700000, 0x0000000081700000|100%| O|  |TAMS 0x0000000081600000, 0x0000000081700000| Untracked 
|  23|0x0000000081700000, 0x0000000081800000, 0x0000000081800000|100%| O|  |TAMS 0x0000000081800000, 0x0000000081800000| Untracked 
|  24|0x0000000081800000, 0x0000000081900000, 0x0000000081900000|100%| O|  |TAMS 0x0000000081900000, 0x0000000081900000| Untracked 
|  25|0x0000000081900000, 0x0000000081a00000, 0x0000000081a00000|100%| O|  |TAMS 0x0000000081900000, 0x0000000081a00000| Untracked 
|  26|0x0000000081a00000, 0x0000000081b00000, 0x0000000081b00000|100%|HS|  |TAMS 0x0000000081b00000, 0x0000000081b00000| Complete 
|  27|0x0000000081b00000, 0x0000000081c00000, 0x0000000081c00000|100%|HS|  |TAMS 0x0000000081c00000, 0x0000000081c00000| Complete 
|  28|0x0000000081c00000, 0x0000000081d00000, 0x0000000081d00000|100%|HS|  |TAMS 0x0000000081d00000, 0x0000000081d00000| Complete 
|  29|0x0000000081d00000, 0x0000000081e00000, 0x0000000081e00000|100%| O|  |TAMS 0x0000000081e00000, 0x0000000081e00000| Untracked 
|  30|0x0000000081e00000, 0x0000000081f00000, 0x0000000081f00000|100%| O|  |TAMS 0x0000000081f00000, 0x0000000081f00000| Untracked 
|  31|0x0000000081f00000, 0x0000000082000000, 0x0000000082000000|100%|HS|  |TAMS 0x0000000082000000, 0x0000000082000000| Complete 
|  32|0x0000000082000000, 0x0000000082100000, 0x0000000082100000|100%|HC|  |TAMS 0x0000000082100000, 0x0000000082100000| Complete 
|  33|0x0000000082100000, 0x0000000082200000, 0x0000000082200000|100%|HC|  |TAMS 0x0000000082200000, 0x0000000082200000| Complete 
|  34|0x0000000082200000, 0x0000000082300000, 0x0000000082300000|100%|HS|  |TAMS 0x0000000082300000, 0x0000000082300000| Complete 
|  35|0x0000000082300000, 0x0000000082400000, 0x0000000082400000|100%|HC|  |TAMS 0x0000000082400000, 0x0000000082400000| Complete 
|  36|0x0000000082400000, 0x0000000082500000, 0x0000000082500000|100%| O|  |TAMS 0x0000000082400000, 0x0000000082500000| Untracked 
|  37|0x0000000082500000, 0x0000000082600000, 0x0000000082600000|100%| O|  |TAMS 0x0000000082600000, 0x0000000082600000| Untracked 
|  38|0x0000000082600000, 0x0000000082700000, 0x0000000082700000|100%| O|  |TAMS 0x0000000082700000, 0x0000000082700000| Untracked 
|  39|0x0000000082700000, 0x0000000082800000, 0x0000000082800000|100%| O|  |TAMS 0x0000000082800000, 0x0000000082800000| Untracked 
|  40|0x0000000082800000, 0x0000000082900000, 0x0000000082900000|100%| O|  |TAMS 0x0000000082900000, 0x0000000082900000| Untracked 
|  41|0x0000000082900000, 0x0000000082a00000, 0x0000000082a00000|100%| O|  |TAMS 0x0000000082a00000, 0x0000000082a00000| Untracked 
|  42|0x0000000082a00000, 0x0000000082b00000, 0x0000000082b00000|100%| O|  |TAMS 0x0000000082b00000, 0x0000000082b00000| Untracked 
|  43|0x0000000082b00000, 0x0000000082c00000, 0x0000000082c00000|100%| O|  |TAMS 0x0000000082c00000, 0x0000000082c00000| Untracked 
|  44|0x0000000082c00000, 0x0000000082d00000, 0x0000000082d00000|100%| O|  |TAMS 0x0000000082d00000, 0x0000000082d00000| Untracked 
|  45|0x0000000082d00000, 0x0000000082e00000, 0x0000000082e00000|100%| O|  |TAMS 0x0000000082e00000, 0x0000000082e00000| Untracked 
|  46|0x0000000082e00000, 0x0000000082f00000, 0x0000000082f00000|100%| O|  |TAMS 0x0000000082f00000, 0x0000000082f00000| Untracked 
|  47|0x0000000082f00000, 0x0000000083000000, 0x0000000083000000|100%| O|  |TAMS 0x0000000083000000, 0x0000000083000000| Untracked 
|  48|0x0000000083000000, 0x0000000083100000, 0x0000000083100000|100%| O|  |TAMS 0x0000000083100000, 0x0000000083100000| Untracked 
|  49|0x0000000083100000, 0x0000000083200000, 0x0000000083200000|100%|HS|  |TAMS 0x0000000083100000, 0x0000000083100000| Complete 
|  50|0x0000000083200000, 0x0000000083300000, 0x0000000083300000|100%|HC|  |TAMS 0x0000000083200000, 0x0000000083200000| Complete 
|  51|0x0000000083300000, 0x0000000083400000, 0x0000000083400000|100%| O|  |TAMS 0x0000000083400000, 0x0000000083400000| Untracked 
|  52|0x0000000083400000, 0x0000000083400000, 0x0000000083500000|  0%| F|  |TAMS 0x0000000083400000, 0x0000000083400000| Untracked 
|  53|0x0000000083500000, 0x0000000083600000, 0x0000000083600000|100%| O|  |TAMS 0x0000000083600000, 0x0000000083600000| Untracked 
|  54|0x0000000083600000, 0x0000000083700000, 0x0000000083700000|100%| O|  |TAMS 0x0000000083600000, 0x0000000083700000| Untracked 
|  55|0x0000000083700000, 0x0000000083800000, 0x0000000083800000|100%| O|  |TAMS 0x0000000083800000, 0x0000000083800000| Untracked 
|  56|0x0000000083800000, 0x0000000083900000, 0x0000000083900000|100%| O|  |TAMS 0x0000000083800000, 0x0000000083900000| Untracked 
|  57|0x0000000083900000, 0x0000000083a00000, 0x0000000083a00000|100%| O|  |TAMS 0x0000000083a00000, 0x0000000083a00000| Untracked 
|  58|0x0000000083a00000, 0x0000000083b00000, 0x0000000083b00000|100%| O|  |TAMS 0x0000000083b00000, 0x0000000083b00000| Untracked 
|  59|0x0000000083b00000, 0x0000000083c00000, 0x0000000083c00000|100%| O|  |TAMS 0x0000000083c00000, 0x0000000083c00000| Untracked 
|  60|0x0000000083c00000, 0x0000000083d00000, 0x0000000083d00000|100%| O|  |TAMS 0x0000000083c00000, 0x0000000083d00000| Untracked 
|  61|0x0000000083d00000, 0x0000000083e00000, 0x0000000083e00000|100%| O|  |TAMS 0x0000000083e00000, 0x0000000083e00000| Untracked 
|  62|0x0000000083e00000, 0x0000000083f00000, 0x0000000083f00000|100%| O|  |TAMS 0x0000000083e00000, 0x0000000083f00000| Untracked 
|  63|0x0000000083f00000, 0x0000000084000000, 0x0000000084000000|100%| O|  |TAMS 0x0000000084000000, 0x0000000084000000| Untracked 
|  64|0x0000000084000000, 0x0000000084100000, 0x0000000084100000|100%| O|  |TAMS 0x0000000084100000, 0x0000000084100000| Untracked 
|  65|0x0000000084100000, 0x0000000084200000, 0x0000000084200000|100%| O|  |TAMS 0x0000000084200000, 0x0000000084200000| Untracked 
|  66|0x0000000084200000, 0x0000000084300000, 0x0000000084300000|100%| O|  |TAMS 0x0000000084300000, 0x0000000084300000| Untracked 
|  67|0x0000000084300000, 0x0000000084400000, 0x0000000084400000|100%| O|  |TAMS 0x0000000084300000, 0x0000000084400000| Untracked 
|  68|0x0000000084400000, 0x0000000084500000, 0x0000000084500000|100%| O|  |TAMS 0x0000000084500000, 0x0000000084500000| Untracked 
|  69|0x0000000084500000, 0x0000000084600000, 0x0000000084600000|100%| O|  |TAMS 0x0000000084600000, 0x0000000084600000| Untracked 
|  70|0x0000000084600000, 0x0000000084700000, 0x0000000084700000|100%| O|  |TAMS 0x0000000084700000, 0x0000000084700000| Untracked 
|  71|0x0000000084700000, 0x0000000084800000, 0x0000000084800000|100%| O|  |TAMS 0x0000000084800000, 0x0000000084800000| Untracked 
|  72|0x0000000084800000, 0x0000000084900000, 0x0000000084900000|100%| O|  |TAMS 0x0000000084900000, 0x0000000084900000| Untracked 
|  73|0x0000000084900000, 0x0000000084a00000, 0x0000000084a00000|100%| O|  |TAMS 0x0000000084a00000, 0x0000000084a00000| Untracked 
|  74|0x0000000084a00000, 0x0000000084b00000, 0x0000000084b00000|100%| O|  |TAMS 0x0000000084b00000, 0x0000000084b00000| Untracked 
|  75|0x0000000084b00000, 0x0000000084c00000, 0x0000000084c00000|100%| O|  |TAMS 0x0000000084c00000, 0x0000000084c00000| Untracked 
|  76|0x0000000084c00000, 0x0000000084d00000, 0x0000000084d00000|100%| O|  |TAMS 0x0000000084d00000, 0x0000000084d00000| Untracked 
|  77|0x0000000084d00000, 0x0000000084e00000, 0x0000000084e00000|100%| O|  |TAMS 0x0000000084e00000, 0x0000000084e00000| Untracked 
|  78|0x0000000084e00000, 0x0000000084f00000, 0x0000000084f00000|100%| O|  |TAMS 0x0000000084f00000, 0x0000000084f00000| Untracked 
|  79|0x0000000084f00000, 0x0000000085000000, 0x0000000085000000|100%| O|  |TAMS 0x0000000085000000, 0x0000000085000000| Untracked 
|  80|0x0000000085000000, 0x0000000085100000, 0x0000000085100000|100%| O|  |TAMS 0x0000000085100000, 0x0000000085100000| Untracked 
|  81|0x0000000085100000, 0x0000000085200000, 0x0000000085200000|100%| O|  |TAMS 0x0000000085200000, 0x0000000085200000| Untracked 
|  82|0x0000000085200000, 0x0000000085300000, 0x0000000085300000|100%| O|  |TAMS 0x0000000085300000, 0x0000000085300000| Untracked 
|  83|0x0000000085300000, 0x0000000085400000, 0x0000000085400000|100%| O|  |TAMS 0x0000000085400000, 0x0000000085400000| Untracked 
|  84|0x0000000085400000, 0x0000000085400000, 0x0000000085500000|  0%| F|  |TAMS 0x0000000085400000, 0x0000000085400000| Untracked 
|  85|0x0000000085500000, 0x0000000085600000, 0x0000000085600000|100%| O|  |TAMS 0x0000000085500000, 0x0000000085600000| Untracked 
|  86|0x0000000085600000, 0x0000000085700000, 0x0000000085700000|100%| O|  |TAMS 0x0000000085700000, 0x0000000085700000| Untracked 
|  87|0x0000000085700000, 0x0000000085800000, 0x0000000085800000|100%| O|  |TAMS 0x0000000085800000, 0x0000000085800000| Untracked 
|  88|0x0000000085800000, 0x0000000085900000, 0x0000000085900000|100%| O|  |TAMS 0x0000000085900000, 0x0000000085900000| Untracked 
|  89|0x0000000085900000, 0x0000000085a00000, 0x0000000085a00000|100%| O|  |TAMS 0x0000000085a00000, 0x0000000085a00000| Untracked 
|  90|0x0000000085a00000, 0x0000000085b00000, 0x0000000085b00000|100%| O|  |TAMS 0x0000000085a24200, 0x0000000085b00000| Untracked 
|  91|0x0000000085b00000, 0x0000000085c00000, 0x0000000085c00000|100%| O|  |TAMS 0x0000000085c00000, 0x0000000085c00000| Untracked 
|  92|0x0000000085c00000, 0x0000000085d00000, 0x0000000085d00000|100%| O|  |TAMS 0x0000000085c00000, 0x0000000085d00000| Untracked 
|  93|0x0000000085d00000, 0x0000000085e00000, 0x0000000085e00000|100%| O|  |TAMS 0x0000000085e00000, 0x0000000085e00000| Untracked 
|  94|0x0000000085e00000, 0x0000000085e6b200, 0x0000000085f00000| 41%| O|  |TAMS 0x0000000085e00000, 0x0000000085e6b200| Untracked 
|  95|0x0000000085f00000, 0x0000000085f00000, 0x0000000086000000|  0%| F|  |TAMS 0x0000000085f00000, 0x0000000085f00000| Untracked 
|  96|0x0000000086000000, 0x0000000086000000, 0x0000000086100000|  0%| F|  |TAMS 0x0000000086000000, 0x0000000086000000| Untracked 
|  97|0x0000000086100000, 0x0000000086100000, 0x0000000086200000|  0%| F|  |TAMS 0x0000000086100000, 0x0000000086100000| Untracked 
|  98|0x0000000086200000, 0x0000000086200000, 0x0000000086300000|  0%| F|  |TAMS 0x0000000086200000, 0x0000000086200000| Untracked 
|  99|0x0000000086300000, 0x0000000086300000, 0x0000000086400000|  0%| F|  |TAMS 0x0000000086300000, 0x0000000086300000| Untracked 
| 100|0x0000000086400000, 0x0000000086500000, 0x0000000086500000|100%| O|  |TAMS 0x0000000086500000, 0x0000000086500000| Untracked 
| 101|0x0000000086500000, 0x0000000086600000, 0x0000000086600000|100%| O|  |TAMS 0x0000000086600000, 0x0000000086600000| Untracked 
| 102|0x0000000086600000, 0x0000000086700000, 0x0000000086700000|100%| O|  |TAMS 0x0000000086700000, 0x0000000086700000| Untracked 
| 103|0x0000000086700000, 0x0000000086800000, 0x0000000086800000|100%| O|  |TAMS 0x0000000086800000, 0x0000000086800000| Untracked 
| 104|0x0000000086800000, 0x0000000086900000, 0x0000000086900000|100%| O|  |TAMS 0x0000000086900000, 0x0000000086900000| Untracked 
| 105|0x0000000086900000, 0x0000000086a00000, 0x0000000086a00000|100%| O|  |TAMS 0x0000000086a00000, 0x0000000086a00000| Untracked 
| 106|0x0000000086a00000, 0x0000000086b00000, 0x0000000086b00000|100%|HS|  |TAMS 0x0000000086b00000, 0x0000000086b00000| Complete 
| 107|0x0000000086b00000, 0x0000000086c00000, 0x0000000086c00000|100%|HC|  |TAMS 0x0000000086c00000, 0x0000000086c00000| Complete 
| 108|0x0000000086c00000, 0x0000000086d00000, 0x0000000086d00000|100%|HC|  |TAMS 0x0000000086d00000, 0x0000000086d00000| Complete 
| 109|0x0000000086d00000, 0x0000000086e00000, 0x0000000086e00000|100%| O|  |TAMS 0x0000000086e00000, 0x0000000086e00000| Untracked 
| 110|0x0000000086e00000, 0x0000000086e00000, 0x0000000086f00000|  0%| F|  |TAMS 0x0000000086e00000, 0x0000000086e00000| Untracked 
| 111|0x0000000086f00000, 0x0000000087000000, 0x0000000087000000|100%| O|  |TAMS 0x0000000087000000, 0x0000000087000000| Untracked 
| 112|0x0000000087000000, 0x0000000087000000, 0x0000000087100000|  0%| F|  |TAMS 0x0000000087000000, 0x0000000087000000| Untracked 
| 113|0x0000000087100000, 0x0000000087200000, 0x0000000087200000|100%| O|  |TAMS 0x0000000087200000, 0x0000000087200000| Untracked 
| 114|0x0000000087200000, 0x0000000087300000, 0x0000000087300000|100%| O|  |TAMS 0x0000000087300000, 0x0000000087300000| Untracked 
| 115|0x0000000087300000, 0x0000000087400000, 0x0000000087400000|100%| O|  |TAMS 0x0000000087400000, 0x0000000087400000| Untracked 
| 116|0x0000000087400000, 0x0000000087400000, 0x0000000087500000|  0%| F|  |TAMS 0x0000000087400000, 0x0000000087400000| Untracked 
| 117|0x0000000087500000, 0x0000000087500000, 0x0000000087600000|  0%| F|  |TAMS 0x0000000087500000, 0x0000000087500000| Untracked 
| 118|0x0000000087600000, 0x0000000087700000, 0x0000000087700000|100%| O|  |TAMS 0x0000000087700000, 0x0000000087700000| Untracked 
| 119|0x0000000087700000, 0x0000000087800000, 0x0000000087800000|100%| O|  |TAMS 0x0000000087800000, 0x0000000087800000| Untracked 
| 120|0x0000000087800000, 0x0000000087900000, 0x0000000087900000|100%| O|  |TAMS 0x0000000087900000, 0x0000000087900000| Untracked 
| 121|0x0000000087900000, 0x0000000087900000, 0x0000000087a00000|  0%| F|  |TAMS 0x0000000087900000, 0x0000000087900000| Untracked 
| 122|0x0000000087a00000, 0x0000000087a00000, 0x0000000087b00000|  0%| F|  |TAMS 0x0000000087a00000, 0x0000000087a00000| Untracked 
| 123|0x0000000087b00000, 0x0000000087c00000, 0x0000000087c00000|100%| O|  |TAMS 0x0000000087c00000, 0x0000000087c00000| Untracked 
| 124|0x0000000087c00000, 0x0000000087d00000, 0x0000000087d00000|100%| O|  |TAMS 0x0000000087d00000, 0x0000000087d00000| Untracked 
| 125|0x0000000087d00000, 0x0000000087d00000, 0x0000000087e00000|  0%| F|  |TAMS 0x0000000087d00000, 0x0000000087d00000| Untracked 
| 126|0x0000000087e00000, 0x0000000087f00000, 0x0000000087f00000|100%| O|  |TAMS 0x0000000087f00000, 0x0000000087f00000| Untracked 
| 127|0x0000000087f00000, 0x0000000088000000, 0x0000000088000000|100%| O|  |TAMS 0x0000000088000000, 0x0000000088000000| Untracked 
| 128|0x0000000088000000, 0x0000000088100000, 0x0000000088100000|100%| O|  |TAMS 0x0000000088100000, 0x0000000088100000| Untracked 
| 129|0x0000000088100000, 0x0000000088100000, 0x0000000088200000|  0%| F|  |TAMS 0x0000000088100000, 0x0000000088100000| Untracked 
| 130|0x0000000088200000, 0x0000000088200000, 0x0000000088300000|  0%| F|  |TAMS 0x0000000088200000, 0x0000000088200000| Untracked 
| 131|0x0000000088300000, 0x0000000088400000, 0x0000000088400000|100%| O|  |TAMS 0x0000000088400000, 0x0000000088400000| Untracked 
| 132|0x0000000088400000, 0x0000000088500000, 0x0000000088500000|100%| O|  |TAMS 0x0000000088500000, 0x0000000088500000| Untracked 
| 133|0x0000000088500000, 0x0000000088600000, 0x0000000088600000|100%| O|  |TAMS 0x0000000088600000, 0x0000000088600000| Untracked 
| 134|0x0000000088600000, 0x0000000088700000, 0x0000000088700000|100%| O|  |TAMS 0x0000000088700000, 0x0000000088700000| Untracked 
| 135|0x0000000088700000, 0x0000000088700000, 0x0000000088800000|  0%| F|  |TAMS 0x0000000088700000, 0x0000000088700000| Untracked 
| 136|0x0000000088800000, 0x0000000088800000, 0x0000000088900000|  0%| F|  |TAMS 0x0000000088800000, 0x0000000088800000| Untracked 
| 137|0x0000000088900000, 0x0000000088900000, 0x0000000088a00000|  0%| F|  |TAMS 0x0000000088900000, 0x0000000088900000| Untracked 
| 138|0x0000000088a00000, 0x0000000088b00000, 0x0000000088b00000|100%| O|  |TAMS 0x0000000088b00000, 0x0000000088b00000| Untracked 
| 139|0x0000000088b00000, 0x0000000088b00000, 0x0000000088c00000|  0%| F|  |TAMS 0x0000000088b00000, 0x0000000088b00000| Untracked 
| 140|0x0000000088c00000, 0x0000000088c00000, 0x0000000088d00000|  0%| F|  |TAMS 0x0000000088c00000, 0x0000000088c00000| Untracked 
| 141|0x0000000088d00000, 0x0000000088d00000, 0x0000000088e00000|  0%| F|  |TAMS 0x0000000088d00000, 0x0000000088d00000| Untracked 
| 142|0x0000000088e00000, 0x0000000088f00000, 0x0000000088f00000|100%| O|  |TAMS 0x0000000088f00000, 0x0000000088f00000| Untracked 
| 143|0x0000000088f00000, 0x0000000089000000, 0x0000000089000000|100%|HS|  |TAMS 0x0000000089000000, 0x0000000089000000| Complete 
| 144|0x0000000089000000, 0x0000000089100000, 0x0000000089100000|100%|HC|  |TAMS 0x0000000089100000, 0x0000000089100000| Complete 
| 145|0x0000000089100000, 0x0000000089200000, 0x0000000089200000|100%|HS|  |TAMS 0x0000000089200000, 0x0000000089200000| Complete 
| 146|0x0000000089200000, 0x0000000089300000, 0x0000000089300000|100%|HC|  |TAMS 0x0000000089300000, 0x0000000089300000| Complete 
| 147|0x0000000089300000, 0x0000000089400000, 0x0000000089400000|100%|HC|  |TAMS 0x0000000089400000, 0x0000000089400000| Complete 
| 148|0x0000000089400000, 0x0000000089500000, 0x0000000089500000|100%|HS|  |TAMS 0x0000000089500000, 0x0000000089500000| Complete 
| 149|0x0000000089500000, 0x0000000089600000, 0x0000000089600000|100%|HC|  |TAMS 0x0000000089600000, 0x0000000089600000| Complete 
| 150|0x0000000089600000, 0x0000000089700000, 0x0000000089700000|100%|HC|  |TAMS 0x0000000089700000, 0x0000000089700000| Complete 
| 151|0x0000000089700000, 0x0000000089800000, 0x0000000089800000|100%|HC|  |TAMS 0x0000000089800000, 0x0000000089800000| Complete 
| 152|0x0000000089800000, 0x0000000089900000, 0x0000000089900000|100%|HC|  |TAMS 0x0000000089900000, 0x0000000089900000| Complete 
| 153|0x0000000089900000, 0x0000000089900000, 0x0000000089a00000|  0%| F|  |TAMS 0x0000000089900000, 0x0000000089900000| Untracked 
| 154|0x0000000089a00000, 0x0000000089a00000, 0x0000000089b00000|  0%| F|  |TAMS 0x0000000089a00000, 0x0000000089a00000| Untracked 
| 155|0x0000000089b00000, 0x0000000089b00000, 0x0000000089c00000|  0%| F|  |TAMS 0x0000000089b00000, 0x0000000089b00000| Untracked 
| 156|0x0000000089c00000, 0x0000000089c00000, 0x0000000089d00000|  0%| F|  |TAMS 0x0000000089c00000, 0x0000000089c00000| Untracked 
| 157|0x0000000089d00000, 0x0000000089e00000, 0x0000000089e00000|100%| O|  |TAMS 0x0000000089e00000, 0x0000000089e00000| Untracked 
| 158|0x0000000089e00000, 0x0000000089f00000, 0x0000000089f00000|100%| O|  |TAMS 0x0000000089f00000, 0x0000000089f00000| Untracked 
| 159|0x0000000089f00000, 0x000000008a000000, 0x000000008a000000|100%| O|  |TAMS 0x000000008a000000, 0x000000008a000000| Untracked 
| 160|0x000000008a000000, 0x000000008a100000, 0x000000008a100000|100%| O|  |TAMS 0x000000008a100000, 0x000000008a100000| Untracked 
| 161|0x000000008a100000, 0x000000008a200000, 0x000000008a200000|100%| O|  |TAMS 0x000000008a200000, 0x000000008a200000| Untracked 
| 162|0x000000008a200000, 0x000000008a200000, 0x000000008a300000|  0%| F|  |TAMS 0x000000008a200000, 0x000000008a200000| Untracked 
| 163|0x000000008a300000, 0x000000008a300000, 0x000000008a400000|  0%| F|  |TAMS 0x000000008a300000, 0x000000008a300000| Untracked 
| 164|0x000000008a400000, 0x000000008a400000, 0x000000008a500000|  0%| F|  |TAMS 0x000000008a400000, 0x000000008a400000| Untracked 
| 165|0x000000008a500000, 0x000000008a500000, 0x000000008a600000|  0%| F|  |TAMS 0x000000008a500000, 0x000000008a500000| Untracked 
| 166|0x000000008a600000, 0x000000008a600000, 0x000000008a700000|  0%| F|  |TAMS 0x000000008a600000, 0x000000008a600000| Untracked 
| 167|0x000000008a700000, 0x000000008a700000, 0x000000008a800000|  0%| F|  |TAMS 0x000000008a700000, 0x000000008a700000| Untracked 
| 168|0x000000008a800000, 0x000000008a800000, 0x000000008a900000|  0%| F|  |TAMS 0x000000008a800000, 0x000000008a800000| Untracked 
| 169|0x000000008a900000, 0x000000008a900000, 0x000000008aa00000|  0%| F|  |TAMS 0x000000008a900000, 0x000000008a900000| Untracked 
| 170|0x000000008aa00000, 0x000000008aa00000, 0x000000008ab00000|  0%| F|  |TAMS 0x000000008aa00000, 0x000000008aa00000| Untracked 
| 171|0x000000008ab00000, 0x000000008ab00000, 0x000000008ac00000|  0%| F|  |TAMS 0x000000008ab00000, 0x000000008ab00000| Untracked 
| 172|0x000000008ac00000, 0x000000008ac00000, 0x000000008ad00000|  0%| F|  |TAMS 0x000000008ac00000, 0x000000008ac00000| Untracked 
| 173|0x000000008ad00000, 0x000000008ae00000, 0x000000008ae00000|100%| O|  |TAMS 0x000000008ae00000, 0x000000008ae00000| Untracked 
| 174|0x000000008ae00000, 0x000000008ae00000, 0x000000008af00000|  0%| F|  |TAMS 0x000000008ae00000, 0x000000008ae00000| Untracked 
| 175|0x000000008af00000, 0x000000008af00000, 0x000000008b000000|  0%| F|  |TAMS 0x000000008af00000, 0x000000008af00000| Untracked 
| 176|0x000000008b000000, 0x000000008b000000, 0x000000008b100000|  0%| F|  |TAMS 0x000000008b000000, 0x000000008b000000| Untracked 
| 177|0x000000008b100000, 0x000000008b100000, 0x000000008b200000|  0%| F|  |TAMS 0x000000008b100000, 0x000000008b100000| Untracked 
| 178|0x000000008b200000, 0x000000008b200000, 0x000000008b300000|  0%| F|  |TAMS 0x000000008b200000, 0x000000008b200000| Untracked 
| 179|0x000000008b300000, 0x000000008b300000, 0x000000008b400000|  0%| F|  |TAMS 0x000000008b300000, 0x000000008b300000| Untracked 
| 180|0x000000008b400000, 0x000000008b400000, 0x000000008b500000|  0%| F|  |TAMS 0x000000008b400000, 0x000000008b400000| Untracked 
| 181|0x000000008b500000, 0x000000008b500000, 0x000000008b600000|  0%| F|  |TAMS 0x000000008b500000, 0x000000008b500000| Untracked 
| 182|0x000000008b600000, 0x000000008b600000, 0x000000008b700000|  0%| F|  |TAMS 0x000000008b600000, 0x000000008b600000| Untracked 
| 183|0x000000008b700000, 0x000000008b700000, 0x000000008b800000|  0%| F|  |TAMS 0x000000008b700000, 0x000000008b700000| Untracked 
| 184|0x000000008b800000, 0x000000008b800000, 0x000000008b900000|  0%| F|  |TAMS 0x000000008b800000, 0x000000008b800000| Untracked 
| 185|0x000000008b900000, 0x000000008b900000, 0x000000008ba00000|  0%| F|  |TAMS 0x000000008b900000, 0x000000008b900000| Untracked 
| 186|0x000000008ba00000, 0x000000008ba00000, 0x000000008bb00000|  0%| F|  |TAMS 0x000000008ba00000, 0x000000008ba00000| Untracked 
| 187|0x000000008bb00000, 0x000000008bb00000, 0x000000008bc00000|  0%| F|  |TAMS 0x000000008bb00000, 0x000000008bb00000| Untracked 
| 188|0x000000008bc00000, 0x000000008bc00000, 0x000000008bd00000|  0%| F|  |TAMS 0x000000008bc00000, 0x000000008bc00000| Untracked 
| 189|0x000000008bd00000, 0x000000008bd00000, 0x000000008be00000|  0%| F|  |TAMS 0x000000008bd00000, 0x000000008bd00000| Untracked 
| 190|0x000000008be00000, 0x000000008be48320, 0x000000008bf00000| 28%| S|CS|TAMS 0x000000008be00000, 0x000000008be00000| Complete 
| 191|0x000000008bf00000, 0x000000008c000000, 0x000000008c000000|100%| S|CS|TAMS 0x000000008bf00000, 0x000000008bf00000| Complete 
| 192|0x000000008c000000, 0x000000008c000000, 0x000000008c100000|  0%| F|  |TAMS 0x000000008c000000, 0x000000008c000000| Untracked 
| 193|0x000000008c100000, 0x000000008c100000, 0x000000008c200000|  0%| F|  |TAMS 0x000000008c100000, 0x000000008c100000| Untracked 
| 194|0x000000008c200000, 0x000000008c200000, 0x000000008c300000|  0%| F|  |TAMS 0x000000008c200000, 0x000000008c200000| Untracked 
| 195|0x000000008c300000, 0x000000008c300000, 0x000000008c400000|  0%| F|  |TAMS 0x000000008c300000, 0x000000008c300000| Untracked 
| 196|0x000000008c400000, 0x000000008c400000, 0x000000008c500000|  0%| F|  |TAMS 0x000000008c400000, 0x000000008c400000| Untracked 
| 197|0x000000008c500000, 0x000000008c500000, 0x000000008c600000|  0%| F|  |TAMS 0x000000008c500000, 0x000000008c500000| Untracked 
| 198|0x000000008c600000, 0x000000008c600000, 0x000000008c700000|  0%| F|  |TAMS 0x000000008c600000, 0x000000008c600000| Untracked 
| 199|0x000000008c700000, 0x000000008c700000, 0x000000008c800000|  0%| F|  |TAMS 0x000000008c700000, 0x000000008c700000| Untracked 
| 200|0x000000008c800000, 0x000000008c800000, 0x000000008c900000|  0%| F|  |TAMS 0x000000008c800000, 0x000000008c800000| Untracked 
| 201|0x000000008c900000, 0x000000008c900000, 0x000000008ca00000|  0%| F|  |TAMS 0x000000008c900000, 0x000000008c900000| Untracked 
| 202|0x000000008ca00000, 0x000000008ca00000, 0x000000008cb00000|  0%| F|  |TAMS 0x000000008ca00000, 0x000000008ca00000| Untracked 
| 203|0x000000008cb00000, 0x000000008cb00000, 0x000000008cc00000|  0%| F|  |TAMS 0x000000008cb00000, 0x000000008cb00000| Untracked 
| 204|0x000000008cc00000, 0x000000008cc00000, 0x000000008cd00000|  0%| F|  |TAMS 0x000000008cc00000, 0x000000008cc00000| Untracked 
| 205|0x000000008cd00000, 0x000000008cd00000, 0x000000008ce00000|  0%| F|  |TAMS 0x000000008cd00000, 0x000000008cd00000| Untracked 
| 206|0x000000008ce00000, 0x000000008ce00000, 0x000000008cf00000|  0%| F|  |TAMS 0x000000008ce00000, 0x000000008ce00000| Untracked 
| 207|0x000000008cf00000, 0x000000008cf00000, 0x000000008d000000|  0%| F|  |TAMS 0x000000008cf00000, 0x000000008cf00000| Untracked 
| 208|0x000000008d000000, 0x000000008d000000, 0x000000008d100000|  0%| F|  |TAMS 0x000000008d000000, 0x000000008d000000| Untracked 
| 209|0x000000008d100000, 0x000000008d100000, 0x000000008d200000|  0%| F|  |TAMS 0x000000008d100000, 0x000000008d100000| Untracked 
| 210|0x000000008d200000, 0x000000008d200000, 0x000000008d300000|  0%| F|  |TAMS 0x000000008d200000, 0x000000008d200000| Untracked 
| 211|0x000000008d300000, 0x000000008d300000, 0x000000008d400000|  0%| F|  |TAMS 0x000000008d300000, 0x000000008d300000| Untracked 
| 212|0x000000008d400000, 0x000000008d400000, 0x000000008d500000|  0%| F|  |TAMS 0x000000008d400000, 0x000000008d400000| Untracked 
| 213|0x000000008d500000, 0x000000008d500000, 0x000000008d600000|  0%| F|  |TAMS 0x000000008d500000, 0x000000008d500000| Untracked 
| 214|0x000000008d600000, 0x000000008d600000, 0x000000008d700000|  0%| F|  |TAMS 0x000000008d600000, 0x000000008d600000| Untracked 
| 215|0x000000008d700000, 0x000000008d700000, 0x000000008d800000|  0%| F|  |TAMS 0x000000008d700000, 0x000000008d700000| Untracked 
| 216|0x000000008d800000, 0x000000008d800000, 0x000000008d900000|  0%| F|  |TAMS 0x000000008d800000, 0x000000008d800000| Untracked 
| 217|0x000000008d900000, 0x000000008d900000, 0x000000008da00000|  0%| F|  |TAMS 0x000000008d900000, 0x000000008d900000| Untracked 
| 218|0x000000008da00000, 0x000000008da00000, 0x000000008db00000|  0%| F|  |TAMS 0x000000008da00000, 0x000000008da00000| Untracked 
| 219|0x000000008db00000, 0x000000008db00000, 0x000000008dc00000|  0%| F|  |TAMS 0x000000008db00000, 0x000000008db00000| Untracked 
| 220|0x000000008dc00000, 0x000000008dc00000, 0x000000008dd00000|  0%| F|  |TAMS 0x000000008dc00000, 0x000000008dc00000| Untracked 
| 221|0x000000008dd00000, 0x000000008dd44270, 0x000000008de00000| 26%| E|  |TAMS 0x000000008dd00000, 0x000000008dd00000| Complete 
| 222|0x000000008de00000, 0x000000008df00000, 0x000000008df00000|100%| E|CS|TAMS 0x000000008de00000, 0x000000008de00000| Complete 
| 223|0x000000008df00000, 0x000000008e000000, 0x000000008e000000|100%| E|CS|TAMS 0x000000008df00000, 0x000000008df00000| Complete 
| 224|0x000000008e000000, 0x000000008e100000, 0x000000008e100000|100%| E|CS|TAMS 0x000000008e000000, 0x000000008e000000| Complete 
| 225|0x000000008e100000, 0x000000008e200000, 0x000000008e200000|100%| E|CS|TAMS 0x000000008e100000, 0x000000008e100000| Complete 
| 226|0x000000008e200000, 0x000000008e300000, 0x000000008e300000|100%| E|CS|TAMS 0x000000008e200000, 0x000000008e200000| Complete 
| 227|0x000000008e300000, 0x000000008e400000, 0x000000008e400000|100%| E|CS|TAMS 0x000000008e300000, 0x000000008e300000| Complete 
| 228|0x000000008e400000, 0x000000008e500000, 0x000000008e500000|100%| E|CS|TAMS 0x000000008e400000, 0x000000008e400000| Complete 
| 229|0x000000008e500000, 0x000000008e600000, 0x000000008e600000|100%| E|CS|TAMS 0x000000008e500000, 0x000000008e500000| Complete 
| 230|0x000000008e600000, 0x000000008e700000, 0x000000008e700000|100%| E|CS|TAMS 0x000000008e600000, 0x000000008e600000| Complete 
| 231|0x000000008e700000, 0x000000008e800000, 0x000000008e800000|100%| E|CS|TAMS 0x000000008e700000, 0x000000008e700000| Complete 
| 232|0x000000008e800000, 0x000000008e900000, 0x000000008e900000|100%| E|CS|TAMS 0x000000008e800000, 0x000000008e800000| Complete 
| 233|0x000000008e900000, 0x000000008ea00000, 0x000000008ea00000|100%| E|CS|TAMS 0x000000008e900000, 0x000000008e900000| Complete 
| 234|0x000000008ea00000, 0x000000008eb00000, 0x000000008eb00000|100%| E|CS|TAMS 0x000000008ea00000, 0x000000008ea00000| Complete 
| 235|0x000000008eb00000, 0x000000008ec00000, 0x000000008ec00000|100%| E|CS|TAMS 0x000000008eb00000, 0x000000008eb00000| Complete 
| 236|0x000000008ec00000, 0x000000008ed00000, 0x000000008ed00000|100%| E|CS|TAMS 0x000000008ec00000, 0x000000008ec00000| Complete 
| 237|0x000000008ed00000, 0x000000008ee00000, 0x000000008ee00000|100%| E|CS|TAMS 0x000000008ed00000, 0x000000008ed00000| Complete 
| 238|0x000000008ee00000, 0x000000008ef00000, 0x000000008ef00000|100%| E|CS|TAMS 0x000000008ee00000, 0x000000008ee00000| Complete 
| 239|0x000000008ef00000, 0x000000008f000000, 0x000000008f000000|100%| E|CS|TAMS 0x000000008ef00000, 0x000000008ef00000| Complete 
| 240|0x000000008f000000, 0x000000008f100000, 0x000000008f100000|100%| E|CS|TAMS 0x000000008f000000, 0x000000008f000000| Complete 
| 241|0x000000008f100000, 0x000000008f200000, 0x000000008f200000|100%| E|CS|TAMS 0x000000008f100000, 0x000000008f100000| Complete 
| 242|0x000000008f200000, 0x000000008f300000, 0x000000008f300000|100%| E|CS|TAMS 0x000000008f200000, 0x000000008f200000| Complete 

Card table byte_map: [0x000001e43b900000,0x000001e43bd00000] _byte_map_base: 0x000001e43b500000

Marking Bits (Prev, Next): (CMBitMap*) 0x000001e4267ebf10, (CMBitMap*) 0x000001e4267ebed8
 Prev Bits: [0x000001e43e100000, 0x000001e440100000)
 Next Bits: [0x000001e43c100000, 0x000001e43e100000)

Polling page: 0x000001e426890000

Metaspace:

Usage:
  Non-class:    147.11 MB capacity,   143.63 MB ( 98%) used,     2.82 MB (  2%) free+waste,   674.13 KB ( <1%) overhead. 
      Class:     21.69 MB capacity,    19.65 MB ( 91%) used,     1.76 MB (  8%) free+waste,   295.19 KB (  1%) overhead. 
       Both:    168.80 MB capacity,   163.27 MB ( 97%) used,     4.58 MB (  3%) free+waste,   969.31 KB ( <1%) overhead. 

Virtual space:
  Non-class space:      150.00 MB reserved,     149.00 MB (>99%) committed 
      Class space:        1.00 GB reserved,      21.95 MB (  2%) committed 
             Both:        1.15 GB reserved,     170.95 MB ( 15%) committed 

Chunk freelists:
   Non-Class:  1.70 MB
       Class:  252.00 KB
        Both:  1.95 MB

MaxMetaspaceSize: 17179869184.00 GB
CompressedClassSpaceSize: 1.00 GB

CodeHeap 'non-profiled nmethods': size=120000Kb used=31297Kb max_used=31297Kb free=88703Kb
 bounds [0x000001e433550000, 0x000001e4353f0000, 0x000001e43aa80000]
CodeHeap 'profiled nmethods': size=120000Kb used=67344Kb max_used=67344Kb free=52655Kb
 bounds [0x000001e42c020000, 0x000001e430250000, 0x000001e433550000]
CodeHeap 'non-nmethods': size=5760Kb used=2511Kb max_used=2559Kb free=3248Kb
 bounds [0x000001e42ba80000, 0x000001e42bd20000, 0x000001e42c020000]
 total_blobs=32143 nmethods=30954 adapters=1098
 compilation: enabled
              stopped_count=0, restarted_count=0
 full_count=0

Compilation events (20 events):
Event: 17516.614 Thread 0x000001e442bec000 39031       3       org.jetbrains.org.objectweb.asm.ClassReader::readMethod (1061 bytes)
Event: 17516.624 Thread 0x000001e442bec000 nmethod 39031 0x000001e43022e390 code [0x000001e43022eb20, 0x000001e430233c98]
Event: 17516.624 Thread 0x000001e442bec000 39035       3       org.jetbrains.org.objectweb.asm.Type::getArgumentTypes (154 bytes)
Event: 17516.629 Thread 0x000001e442bec000 nmethod 39035 0x000001e430236190 code [0x000001e430236680, 0x000001e4302390e8]
Event: 17516.629 Thread 0x000001e442bec000 39036       3       org.jetbrains.kotlin.gradle.internal.kapt.incremental.ClassTypeExtractorVisitor::getAbiTypes (139 bytes)
Event: 17516.632 Thread 0x000001e442bec000 nmethod 39036 0x000001e43023a110 code [0x000001e43023a4e0, 0x000001e43023bef8]
Event: 17516.632 Thread 0x000001e442bec000 39033       3       org.jetbrains.kotlin.gradle.internal.kapt.incremental.ClassAbiExtractor::visitMethod (27 bytes)
Event: 17516.632 Thread 0x000001e442bec000 nmethod 39033 0x000001e43023c910 code [0x000001e43023cae0, 0x000001e43023ce68]
Event: 17516.632 Thread 0x000001e442bec000 39034       3       org.jetbrains.org.objectweb.asm.MethodVisitor::visitEnd (15 bytes)
Event: 17516.632 Thread 0x000001e442bec000 nmethod 39034 0x000001e42f927690 code [0x000001e42f927840, 0x000001e42f927a28]
Event: 17516.633 Thread 0x000001e442bec000 39029       3       org.jetbrains.org.objectweb.asm.ClassWriter::<init> (7 bytes)
Event: 17516.633 Thread 0x000001e442bec000 nmethod 39029 0x000001e42f07fc10 code [0x000001e42f07fdc0, 0x000001e42f07ff08]
Event: 17516.633 Thread 0x000001e442bec000 39030       3       org.jetbrains.org.objectweb.asm.ClassWriter::<init> (68 bytes)
Event: 17516.633 Thread 0x000001e442bec000 nmethod 39030 0x000001e43023cf90 code [0x000001e43023d180, 0x000001e43023d608]
Event: 17516.633 Thread 0x000001e442bec000 39037       3       org.jetbrains.kotlin.gradle.internal.kapt.incremental.ClassTypeExtractorVisitor::getPrivateTypes (153 bytes)
Event: 17516.636 Thread 0x000001e442bec000 nmethod 39037 0x000001e43023d790 code [0x000001e43023db80, 0x000001e43023f6a8]
Event: 17516.659 Thread 0x000001e442be5000 nmethod 39003 0x000001e4353e7910 code [0x000001e4353e7ba0, 0x000001e4353e92b8]
Event: 17516.659 Thread 0x000001e442be5000 39039 %     4       org.jetbrains.kotlin.gradle.internal.kapt.incremental.ClasspathEntryData::writeObject @ 233 (1261 bytes)
Event: 17516.741 Thread 0x000001e442bec000 39040       3       org.gradle.internal.logging.services.DefaultLoggingManager::start (5 bytes)
Event: 17516.743 Thread 0x000001e442bec000 nmethod 39040 0x000001e42f576490 code [0x000001e42f576640, 0x000001e42f576788]

GC Heap History (20 events):
Event: 16901.549 GC heap before
{Heap before GC invocations=385 (full 0):
 garbage-first heap   total 248832K, used 189445K [0x0000000080000000, 0x0000000100000000)
  region size 1024K, 46 young (47104K), 5 survivors (5120K)
 Metaspace       used 166644K, capacity 172113K, committed 175052K, reserved 1202176K
  class space    used 20049K, capacity 22087K, committed 22476K, reserved 1048576K
}
Event: 16901.568 GC heap after
{Heap after GC invocations=386 (full 0):
 garbage-first heap   total 248832K, used 149561K [0x0000000080000000, 0x0000000100000000)
  region size 1024K, 5 young (5120K), 5 survivors (5120K)
 Metaspace       used 166644K, capacity 172113K, committed 175052K, reserved 1202176K
  class space    used 20049K, capacity 22087K, committed 22476K, reserved 1048576K
}
Event: 16905.587 GC heap before
{Heap before GC invocations=386 (full 0):
 garbage-first heap   total 248832K, used 156729K [0x0000000080000000, 0x0000000100000000)
  region size 1024K, 12 young (12288K), 5 survivors (5120K)
 Metaspace       used 166648K, capacity 172119K, committed 175052K, reserved 1202176K
  class space    used 20049K, capacity 22088K, committed 22476K, reserved 1048576K
}
Event: 16905.630 GC heap after
{Heap after GC invocations=387 (full 0):
 garbage-first heap   total 248832K, used 141097K [0x0000000080000000, 0x0000000100000000)
  region size 1024K, 1 young (1024K), 1 survivors (1024K)
 Metaspace       used 166648K, capacity 172119K, committed 175052K, reserved 1202176K
  class space    used 20049K, capacity 22088K, committed 22476K, reserved 1048576K
}
Event: 16906.096 GC heap before
{Heap before GC invocations=387 (full 0):
 garbage-first heap   total 248832K, used 169769K [0x0000000080000000, 0x0000000100000000)
  region size 1024K, 31 young (31744K), 1 survivors (1024K)
 Metaspace       used 166692K, capacity 172196K, committed 175052K, reserved 1202176K
  class space    used 20051K, capacity 22090K, committed 22476K, reserved 1048576K
}
Event: 16906.104 GC heap after
{Heap after GC invocations=388 (full 0):
 garbage-first heap   total 248832K, used 141637K [0x0000000080000000, 0x0000000100000000)
  region size 1024K, 2 young (2048K), 2 survivors (2048K)
 Metaspace       used 166692K, capacity 172196K, committed 175052K, reserved 1202176K
  class space    used 20051K, capacity 22090K, committed 22476K, reserved 1048576K
}
Event: 17498.941 GC heap before
{Heap before GC invocations=389 (full 0):
 garbage-first heap   total 248832K, used 207173K [0x0000000080000000, 0x0000000100000000)
  region size 1024K, 49 young (50176K), 2 survivors (2048K)
 Metaspace       used 166700K, capacity 172202K, committed 175052K, reserved 1202176K
  class space    used 20051K, capacity 22091K, committed 22476K, reserved 1048576K
}
Event: 17499.034 GC heap after
{Heap after GC invocations=390 (full 0):
 garbage-first heap   total 248832K, used 145087K [0x0000000080000000, 0x0000000100000000)
  region size 1024K, 5 young (5120K), 5 survivors (5120K)
 Metaspace       used 166700K, capacity 172202K, committed 175052K, reserved 1202176K
  class space    used 20051K, capacity 22091K, committed 22476K, reserved 1048576K
}
Event: 17499.370 GC heap before
{Heap before GC invocations=390 (full 0):
 garbage-first heap   total 248832K, used 152255K [0x0000000080000000, 0x0000000100000000)
  region size 1024K, 12 young (12288K), 5 survivors (5120K)
 Metaspace       used 166701K, capacity 172203K, committed 175052K, reserved 1202176K
  class space    used 20051K, capacity 22091K, committed 22476K, reserved 1048576K
}
Event: 17499.488 GC heap after
{Heap after GC invocations=391 (full 0):
 garbage-first heap   total 248832K, used 139347K [0x0000000080000000, 0x0000000100000000)
  region size 1024K, 2 young (2048K), 2 survivors (2048K)
 Metaspace       used 166701K, capacity 172203K, committed 175052K, reserved 1202176K
  class space    used 20051K, capacity 22091K, committed 22476K, reserved 1048576K
}
Event: 17499.687 GC heap before
{Heap before GC invocations=391 (full 0):
 garbage-first heap   total 248832K, used 145491K [0x0000000080000000, 0x0000000100000000)
  region size 1024K, 9 young (9216K), 2 survivors (2048K)
 Metaspace       used 166705K, capacity 172209K, committed 175052K, reserved 1202176K
  class space    used 20052K, capacity 22092K, committed 22476K, reserved 1048576K
}
Event: 17499.719 GC heap after
{Heap after GC invocations=392 (full 0):
 garbage-first heap   total 248832K, used 139284K [0x0000000080000000, 0x0000000100000000)
  region size 1024K, 2 young (2048K), 2 survivors (2048K)
 Metaspace       used 166705K, capacity 172209K, committed 175052K, reserved 1202176K
  class space    used 20052K, capacity 22092K, committed 22476K, reserved 1048576K
}
Event: 17501.992 GC heap before
{Heap before GC invocations=392 (full 0):
 garbage-first heap   total 248832K, used 202772K [0x0000000080000000, 0x0000000100000000)
  region size 1024K, 47 young (48128K), 2 survivors (2048K)
 Metaspace       used 166718K, capacity 172209K, committed 175052K, reserved 1202176K
  class space    used 20052K, capacity 22092K, committed 22476K, reserved 1048576K
}
Event: 17502.015 GC heap after
{Heap after GC invocations=393 (full 0):
 garbage-first heap   total 248832K, used 138336K [0x0000000080000000, 0x0000000100000000)
  region size 1024K, 2 young (2048K), 2 survivors (2048K)
 Metaspace       used 166718K, capacity 172209K, committed 175052K, reserved 1202176K
  class space    used 20052K, capacity 22092K, committed 22476K, reserved 1048576K
}
Event: 17507.296 GC heap before
{Heap before GC invocations=394 (full 0):
 garbage-first heap   total 248832K, used 187488K [0x0000000080000000, 0x0000000100000000)
  region size 1024K, 51 young (52224K), 2 survivors (2048K)
 Metaspace       used 166753K, capacity 172209K, committed 175052K, reserved 1202176K
  class space    used 20052K, capacity 22092K, committed 22476K, reserved 1048576K
}
Event: 17507.331 GC heap after
{Heap after GC invocations=395 (full 0):
 garbage-first heap   total 248832K, used 144235K [0x0000000080000000, 0x0000000100000000)
  region size 1024K, 7 young (7168K), 7 survivors (7168K)
 Metaspace       used 166753K, capacity 172209K, committed 175052K, reserved 1202176K
  class space    used 20052K, capacity 22092K, committed 22476K, reserved 1048576K
}
Event: 17507.346 GC heap before
{Heap before GC invocations=395 (full 0):
 garbage-first heap   total 248832K, used 149355K [0x0000000080000000, 0x0000000100000000)
  region size 1024K, 12 young (12288K), 7 survivors (7168K)
 Metaspace       used 166755K, capacity 172209K, committed 175052K, reserved 1202176K
  class space    used 20052K, capacity 22092K, committed 22476K, reserved 1048576K
}
Event: 17507.421 GC heap after
{Heap after GC invocations=396 (full 0):
 garbage-first heap   total 248832K, used 138637K [0x0000000080000000, 0x0000000100000000)
  region size 1024K, 1 young (1024K), 1 survivors (1024K)
 Metaspace       used 166755K, capacity 172209K, committed 175052K, reserved 1202176K
  class space    used 20052K, capacity 22092K, committed 22476K, reserved 1048576K
}
Event: 17516.812 GC heap before
{Heap before GC invocations=396 (full 0):
 garbage-first heap   total 248832K, used 188813K [0x0000000080000000, 0x0000000100000000)
  region size 1024K, 51 young (52224K), 1 survivors (1024K)
 Metaspace       used 167192K, capacity 172855K, committed 175052K, reserved 1202176K
  class space    used 20116K, capacity 22212K, committed 22476K, reserved 1048576K
}
Event: 17516.861 GC heap after
{Heap after GC invocations=397 (full 0):
 garbage-first heap   total 248832K, used 138957K [0x0000000080000000, 0x0000000100000000)
  region size 1024K, 2 young (2048K), 2 survivors (2048K)
 Metaspace       used 167192K, capacity 172855K, committed 175052K, reserved 1202176K
  class space    used 20116K, capacity 22212K, committed 22476K, reserved 1048576K
}

Deoptimization events (20 events):
Event: 17506.984 Thread 0x000001e449cbb000 DEOPT PACKING pc=0x000001e42c6d531e sp=0x0000006b85dfd510
Event: 17506.985 Thread 0x000001e449cbb000 DEOPT UNPACKING pc=0x000001e42baa76ce sp=0x0000006b85dfca18 mode 0
Event: 17507.052 Thread 0x000001e449cbb000 DEOPT PACKING pc=0x000001e42c6d531e sp=0x0000006b85dfcc10
Event: 17507.052 Thread 0x000001e449cbb000 DEOPT UNPACKING pc=0x000001e42baa76ce sp=0x0000006b85dfc118 mode 0
Event: 17507.058 Thread 0x000001e449cbb000 DEOPT PACKING pc=0x000001e42c6d531e sp=0x0000006b85dfcb60
Event: 17507.058 Thread 0x000001e449cbb000 DEOPT UNPACKING pc=0x000001e42baa76ce sp=0x0000006b85dfc068 mode 0
Event: 17507.118 Thread 0x000001e449cbb000 DEOPT PACKING pc=0x000001e42c6d531e sp=0x0000006b85dfcc40
Event: 17507.118 Thread 0x000001e449cbb000 DEOPT UNPACKING pc=0x000001e42baa76ce sp=0x0000006b85dfc148 mode 0
Event: 17507.693 Thread 0x000001e44fc36800 Uncommon trap: trap_request=0xffffffde fr.pc=0x000001e43451a528 relative=0x0000000000001ca8
Event: 17507.693 Thread 0x000001e44fc36800 Uncommon trap: reason=class_check action=maybe_recompile pc=0x000001e43451a528 method=org.gradle.api.internal.changedetection.state.DefaultResourceSnapshotterCacheService.hashFile(Lorg/gradle/api/internal/changedetection/state/RegularFileSnapshotContext;L
Event: 17507.693 Thread 0x000001e44fc36800 DEOPT PACKING pc=0x000001e43451a528 sp=0x0000006b858fc0c0
Event: 17507.694 Thread 0x000001e44fc36800 DEOPT UNPACKING pc=0x000001e42baa78af sp=0x0000006b858fc0f8 mode 2
Event: 17516.647 Thread 0x000001e44af75000 Uncommon trap: trap_request=0xffffffde fr.pc=0x000001e434e0b2a0 relative=0x0000000000007240
Event: 17516.647 Thread 0x000001e44af75000 Uncommon trap: reason=class_check action=maybe_recompile pc=0x000001e434e0b2a0 method=org.jetbrains.kotlin.gradle.internal.kapt.incremental.ClasspathEntryData.writeObject(Ljava/io/ObjectOutputStream;)V @ 142 c2
Event: 17516.648 Thread 0x000001e44af75000 DEOPT PACKING pc=0x000001e434e0b2a0 sp=0x0000006b81dfb500
Event: 17516.649 Thread 0x000001e44af75000 DEOPT UNPACKING pc=0x000001e42baa78af sp=0x0000006b81dfb498 mode 2
Event: 17516.984 Thread 0x000001e44fc2d800 Uncommon trap: trap_request=0xffffffa5 fr.pc=0x000001e4345bec30 relative=0x0000000000004470
Event: 17516.984 Thread 0x000001e44fc2d800 Uncommon trap: reason=unreached action=reinterpret pc=0x000001e4345bec30 method=org.jetbrains.kotlin.gradle.internal.kapt.incremental.ClasspathSnapshot.findAllImpacted(Ljava/util/Set;)Ljava/util/Set; @ 487 c2
Event: 17516.984 Thread 0x000001e44fc2d800 DEOPT PACKING pc=0x000001e4345bec30 sp=0x0000006b852fa150
Event: 17516.985 Thread 0x000001e44fc2d800 DEOPT UNPACKING pc=0x000001e42baa78af sp=0x0000006b852fa160 mode 2

Classes redefined (0 events):
No events

Internal exceptions (20 events):
Event: 16894.931 Thread 0x000001e44fc3b800 Exception <a 'java/lang/InterruptedException'{0x000000008d324e60}> (0x000000008d324e60) thrown at [./src/hotspot/share/runtime/objectMonitor.cpp, line 1635]
Event: 16901.538 Thread 0x000001e44de8d800 Exception <a 'java/lang/InterruptedException'{0x000000008c516048}> (0x000000008c516048) thrown at [./src/hotspot/share/runtime/objectMonitor.cpp, line 1635]
Event: 16905.684 Thread 0x000001e44de97800 Exception <a 'sun/nio/fs/WindowsException'{0x000000008edf89c8}> (0x000000008edf89c8) thrown at [./src/hotspot/share/prims/jni.cpp, line 615]
Event: 16905.814 Thread 0x000001e44de97800 Exception <a 'sun/nio/fs/WindowsException'{0x000000008e7becf8}> (0x000000008e7becf8) thrown at [./src/hotspot/share/prims/jni.cpp, line 615]
Event: 16905.901 Thread 0x000001e44e128000 Exception <a 'sun/nio/fs/WindowsException'{0x000000008e5d6ec8}> (0x000000008e5d6ec8) thrown at [./src/hotspot/share/prims/jni.cpp, line 615]
Event: 16905.918 Thread 0x000001e44e128000 Exception <a 'sun/nio/fs/WindowsException'{0x000000008e4fa8b0}> (0x000000008e4fa8b0) thrown at [./src/hotspot/share/prims/jni.cpp, line 615]
Event: 16906.378 Thread 0x000001e4441f7000 Exception <a 'sun/nio/fs/WindowsException'{0x000000008f19bde0}> (0x000000008f19bde0) thrown at [./src/hotspot/share/prims/jni.cpp, line 615]
Event: 17497.738 Thread 0x000001e44af69000 Exception <a 'sun/nio/fs/WindowsException'{0x000000008d0f6d48}> (0x000000008d0f6d48) thrown at [./src/hotspot/share/prims/jni.cpp, line 615]
Event: 17497.745 Thread 0x000001e44af69000 Exception <a 'sun/nio/fs/WindowsException'{0x000000008d0f8588}> (0x000000008d0f8588) thrown at [./src/hotspot/share/prims/jni.cpp, line 615]
Event: 17498.657 Thread 0x000001e44af69000 Exception <a 'sun/nio/fs/WindowsException'{0x000000008c6ceda8}> (0x000000008c6ceda8) thrown at [./src/hotspot/share/prims/jni.cpp, line 615]
Event: 17498.714 Thread 0x000001e44af69000 Exception <a 'sun/nio/fs/WindowsException'{0x000000008c56e6d8}> (0x000000008c56e6d8) thrown at [./src/hotspot/share/prims/jni.cpp, line 615]
Event: 17498.714 Thread 0x000001e44af69000 Exception <a 'sun/nio/fs/WindowsException'{0x000000008c56f610}> (0x000000008c56f610) thrown at [./src/hotspot/share/prims/jni.cpp, line 615]
Event: 17498.714 Thread 0x000001e44af69000 Exception <a 'sun/nio/fs/WindowsException'{0x000000008c570598}> (0x000000008c570598) thrown at [./src/hotspot/share/prims/jni.cpp, line 615]
Event: 17498.714 Thread 0x000001e44af69000 Exception <a 'sun/nio/fs/WindowsException'{0x000000008c571520}> (0x000000008c571520) thrown at [./src/hotspot/share/prims/jni.cpp, line 615]
Event: 17499.189 Thread 0x000001e44af69000 Exception <a 'sun/nio/fs/WindowsException'{0x000000008eff83c8}> (0x000000008eff83c8) thrown at [./src/hotspot/share/prims/jni.cpp, line 615]
Event: 17500.325 Thread 0x000001e44fc35000 Implicit null exception at 0x000001e4351844fb to 0x000001e435189090
Event: 17501.595 Thread 0x000001e44fc35000 Implicit null exception at 0x000001e435192acf to 0x000001e435197240
Event: 17507.216 Thread 0x000001e449cbb000 Exception <a 'sun/nio/fs/WindowsException'{0x000000008cb88a08}> (0x000000008cb88a08) thrown at [./src/hotspot/share/prims/jni.cpp, line 615]
Event: 17507.216 Thread 0x000001e449cbb000 Exception <a 'sun/nio/fs/WindowsException'{0x000000008cb88af0}> (0x000000008cb88af0) thrown at [./src/hotspot/share/prims/jni.cpp, line 615]
Event: 17508.407 Thread 0x000001e44de97800 Exception <a 'java/lang/InterruptedException'{0x000000008df2b230}> (0x000000008df2b230) thrown at [./src/hotspot/share/runtime/objectMonitor.cpp, line 1635]

Events (20 events):
Event: 17516.489 Executing VM operation: RevokeBias
Event: 17516.489 Executing VM operation: RevokeBias done
Event: 17516.531 Executing VM operation: RevokeBias
Event: 17516.532 Executing VM operation: RevokeBias done
Event: 17516.532 Executing VM operation: RevokeBias
Event: 17516.532 Executing VM operation: RevokeBias done
Event: 17516.532 Executing VM operation: RevokeBias
Event: 17516.532 Executing VM operation: RevokeBias done
Event: 17516.675 Executing VM operation: RevokeBias
Event: 17516.675 Executing VM operation: RevokeBias done
Event: 17516.811 Executing VM operation: G1CollectForAllocation
Event: 17516.861 Executing VM operation: G1CollectForAllocation done
Event: 17516.862 Executing VM operation: RevokeBias
Event: 17516.862 Executing VM operation: RevokeBias done
Event: 17516.862 Executing VM operation: RevokeBias
Event: 17516.863 Executing VM operation: RevokeBias done
Event: 17516.863 Executing VM operation: RevokeBias
Event: 17516.863 Executing VM operation: RevokeBias done
Event: 17516.901 Thread 0x000001e44de97800 Thread exited: 0x000001e44de97800
Event: 17517.067 Thread 0x000001e44e123800 Thread added: 0x000001e44e123800


Dynamic libraries:
0x00007ff677340000 - 0x00007ff67734a000 	E:\android\jre\bin\java.exe
0x00007ffbe5570000 - 0x00007ffbe5765000 	C:\WINDOWS\SYSTEM32\ntdll.dll
0x00007ffbe4ac0000 - 0x00007ffbe4b7e000 	C:\WINDOWS\System32\KERNEL32.DLL
0x00007ffbe2f50000 - 0x00007ffbe3218000 	C:\WINDOWS\System32\KERNELBASE.dll
0x00007ffbe3300000 - 0x00007ffbe3400000 	C:\WINDOWS\System32\ucrtbase.dll
0x00007ffbbd360000 - 0x00007ffbbd379000 	E:\android\jre\bin\jli.dll
0x00007ffbc0440000 - 0x00007ffbc0457000 	E:\android\jre\bin\VCRUNTIME140.dll
0x00007ffbe4e00000 - 0x00007ffbe4fa0000 	C:\WINDOWS\System32\USER32.dll
0x00007ffbe32d0000 - 0x00007ffbe32f2000 	C:\WINDOWS\System32\win32u.dll
0x00007ffbd0da0000 - 0x00007ffbd103a000 	C:\WINDOWS\WinSxS\amd64_microsoft.windows.common-controls_6595b64144ccf1df_6.0.19041.1110_none_60b5254171f9507e\COMCTL32.dll
0x00007ffbe43a0000 - 0x00007ffbe43cb000 	C:\WINDOWS\System32\GDI32.dll
0x00007ffbe4a20000 - 0x00007ffbe4abe000 	C:\WINDOWS\System32\msvcrt.dll
0x00007ffbe34c0000 - 0x00007ffbe35cb000 	C:\WINDOWS\System32\gdi32full.dll
0x00007ffbe2e60000 - 0x00007ffbe2efd000 	C:\WINDOWS\System32\msvcp_win.dll
0x00007ffbe4490000 - 0x00007ffbe44c0000 	C:\WINDOWS\System32\IMM32.DLL
0x00007ffbad6e0000 - 0x00007ffbad77d000 	E:\android\jre\bin\msvcp140.dll
0x00007ffb7c070000 - 0x00007ffb7cb3f000 	E:\android\jre\bin\server\jvm.dll
0x00007ffbe43e0000 - 0x00007ffbe448e000 	C:\WINDOWS\System32\ADVAPI32.dll
0x00007ffbe5350000 - 0x00007ffbe53ec000 	C:\WINDOWS\System32\sechost.dll
0x00007ffbe5400000 - 0x00007ffbe5525000 	C:\WINDOWS\System32\RPCRT4.dll
0x00007ffbe3e90000 - 0x00007ffbe3e98000 	C:\WINDOWS\System32\PSAPI.DLL
0x00007ffbdb390000 - 0x00007ffbdb39a000 	C:\WINDOWS\SYSTEM32\VERSION.dll
0x00007ffbc4390000 - 0x00007ffbc4399000 	C:\WINDOWS\SYSTEM32\WSOCK32.dll
0x00007ffbd9fc0000 - 0x00007ffbd9fe7000 	C:\WINDOWS\SYSTEM32\WINMM.dll
0x00007ffbe50d0000 - 0x00007ffbe513b000 	C:\WINDOWS\System32\ws2_32.DLL
0x00007ffbe0ba0000 - 0x00007ffbe0bb2000 	C:\WINDOWS\SYSTEM32\kernel.appcore.dll
0x00007ffbd6630000 - 0x00007ffbd6641000 	E:\android\jre\bin\verify.dll
0x00007ffbd6f20000 - 0x00007ffbd7104000 	C:\WINDOWS\SYSTEM32\DBGHELP.DLL
0x00007ffbd6ef0000 - 0x00007ffbd6f1c000 	C:\WINDOWS\SYSTEM32\dbgcore.DLL
0x00007ffbe3430000 - 0x00007ffbe34b2000 	C:\WINDOWS\System32\bcryptPrimitives.dll
0x00007ffbcde10000 - 0x00007ffbcde39000 	E:\android\jre\bin\java.dll
0x00007ffbdd4e0000 - 0x00007ffbdd4eb000 	E:\android\jre\bin\jimage.dll
0x00007ffbd5fc0000 - 0x00007ffbd5fd8000 	E:\android\jre\bin\zip.dll
0x00007ffbe3740000 - 0x00007ffbe3e84000 	C:\WINDOWS\System32\SHELL32.dll
0x00007ffbe0da0000 - 0x00007ffbe1534000 	C:\WINDOWS\SYSTEM32\windows.storage.dll
0x00007ffbe3ea0000 - 0x00007ffbe41f4000 	C:\WINDOWS\System32\combase.dll
0x00007ffbe26f0000 - 0x00007ffbe271c000 	C:\WINDOWS\SYSTEM32\Wldp.dll
0x00007ffbe4ca0000 - 0x00007ffbe4d4d000 	C:\WINDOWS\System32\SHCORE.dll
0x00007ffbe4340000 - 0x00007ffbe4395000 	C:\WINDOWS\System32\shlwapi.dll
0x00007ffbe2bd0000 - 0x00007ffbe2bef000 	C:\WINDOWS\SYSTEM32\profapi.dll
0x00007ffbc5240000 - 0x00007ffbc525a000 	E:\android\jre\bin\net.dll
0x00007ffbd5250000 - 0x00007ffbd5359000 	C:\WINDOWS\SYSTEM32\WINHTTP.dll
0x00007ffbe23e0000 - 0x00007ffbe244a000 	C:\WINDOWS\system32\mswsock.dll
0x00007ffbc50f0000 - 0x00007ffbc5104000 	E:\android\jre\bin\nio.dll
0x00007ffbb96e0000 - 0x00007ffbb9707000 	C:\Users\Enter\.gradle\native\8bec1ad78214c89d9ad589b4d07fe93259594b29d510b10fafb7a158f7737e5d\windows-amd64\native-platform.dll
0x00007ffb86290000 - 0x00007ffb863cd000 	C:\Users\Enter\.gradle\native\53dbd7edfb1c66fb8903c78663c9afc45aea4f116125fa6feffd364cf09443e8\windows-amd64\native-platform-file-events.dll
0x00007ffbdcf10000 - 0x00007ffbdcf1a000 	E:\android\jre\bin\management.dll
0x00007ffbdc4a0000 - 0x00007ffbdc4ac000 	E:\android\jre\bin\management_ext.dll
0x00007ffbe25d0000 - 0x00007ffbe25e8000 	C:\WINDOWS\SYSTEM32\CRYPTSP.dll
0x00007ffbe1cf0000 - 0x00007ffbe1d24000 	C:\WINDOWS\system32\rsaenh.dll
0x00007ffbe3400000 - 0x00007ffbe3427000 	C:\WINDOWS\System32\bcrypt.dll
0x00007ffbe2b90000 - 0x00007ffbe2bbe000 	C:\WINDOWS\SYSTEM32\USERENV.dll
0x00007ffbe25f0000 - 0x00007ffbe25fc000 	C:\WINDOWS\SYSTEM32\CRYPTBASE.dll
0x00007ffbe20d0000 - 0x00007ffbe210b000 	C:\WINDOWS\SYSTEM32\IPHLPAPI.DLL
0x00007ffbe53f0000 - 0x00007ffbe53f8000 	C:\WINDOWS\System32\NSI.dll
0x00007ffbdb2f0000 - 0x00007ffbdb307000 	C:\WINDOWS\SYSTEM32\dhcpcsvc6.DLL
0x00007ffbdbde0000 - 0x00007ffbdbdfd000 	C:\WINDOWS\SYSTEM32\dhcpcsvc.DLL
0x00007ffbe2110000 - 0x00007ffbe21da000 	C:\WINDOWS\SYSTEM32\DNSAPI.dll
0x00007ffbcde60000 - 0x00007ffbcde7e000 	C:\Users\Enter\AppData\Local\Temp\native-platform16970574384584347035dir\native-platform.dll
0x00007ffbdcf20000 - 0x00007ffbdcf28000 	E:\android\jre\bin\rmi.dll
0x00007ffbc4a30000 - 0x00007ffbc4a57000 	E:\android\jre\bin\sunec.dll
0x0000000074d90000 - 0x0000000074d9a000 	C:\Program Files\National Instruments\Shared\mDNS Responder\nimdnsNSP.dll
0x0000000074d80000 - 0x0000000074d90000 	C:\WINDOWS\SYSTEM32\nimdnsResponder.dll
0x00007ffbd5190000 - 0x00007ffbd519a000 	C:\Windows\System32\rasadhlp.dll
0x00007ffbd51d0000 - 0x00007ffbd524f000 	C:\WINDOWS\System32\fwpuclnt.dll
0x00007ffbe1990000 - 0x00007ffbe19c3000 	C:\WINDOWS\SYSTEM32\ntmarta.dll
0x00007ffbad980000 - 0x00007ffbadb24000 	E:\android\jre\bin\awt.dll
0x00007ffbe4930000 - 0x00007ffbe49fd000 	C:\WINDOWS\System32\OLEAUT32.dll
0x00007ffbe09c0000 - 0x00007ffbe09ef000 	C:\WINDOWS\SYSTEM32\dwmapi.dll
0x00007ffbe04e0000 - 0x00007ffbe0570000 	C:\WINDOWS\SYSTEM32\apphelp.dll
0x00007ffbe06c0000 - 0x00007ffbe075e000 	C:\WINDOWS\system32\uxtheme.dll

dbghelp: loaded successfully - version: 4.0.5 - missing functions: none
symbol engine: initialized successfully - sym options: 0x614 - pdb path: .;E:\android\jre\bin;C:\WINDOWS\SYSTEM32;C:\WINDOWS\WinSxS\amd64_microsoft.windows.common-controls_6595b64144ccf1df_6.0.19041.1110_none_60b5254171f9507e;E:\android\jre\bin\server;C:\Users\Enter\.gradle\native\8bec1ad78214c89d9ad589b4d07fe93259594b29d510b10fafb7a158f7737e5d\windows-amd64;C:\Users\Enter\.gradle\native\53dbd7edfb1c66fb8903c78663c9afc45aea4f116125fa6feffd364cf09443e8\windows-amd64;C:\Users\Enter\AppData\Local\Temp\native-platform16970574384584347035dir;C:\Program Files\National Instruments\Shared\mDNS Responder

VM Arguments:
jvm_args: --add-opens=java.base/java.util=ALL-UNNAMED --add-opens=java.base/java.lang=ALL-UNNAMED --add-opens=java.base/java.lang.invoke=ALL-UNNAMED --add-opens=java.base/java.util=ALL-UNNAMED --add-opens=java.prefs/java.util.prefs=ALL-UNNAMED --add-opens=java.prefs/java.util.prefs=ALL-UNNAMED --add-opens=java.base/java.nio.charset=ALL-UNNAMED --add-opens=java.base/java.net=ALL-UNNAMED --add-opens=java.base/java.util.concurrent.atomic=ALL-UNNAMED -Xmx2048m -Dfile.encoding=UTF-8 -Duser.country=RU -Duser.language=ru -Duser.variant 
java_command: org.gradle.launcher.daemon.bootstrap.GradleDaemon 7.0.2
java_class_path (initial): C:\Users\Enter\.gradle\wrapper\dists\gradle-7.0.2-bin\857tjihv64xamwrf0h14cai3r\gradle-7.0.2\lib\gradle-launcher-7.0.2.jar
Launcher Type: SUN_STANDARD

[Global flags]
     intx CICompilerCount                          = 4                                         {product} {ergonomic}
     uint ConcGCThreads                            = 2                                         {product} {ergonomic}
     uint G1ConcRefinementThreads                  = 8                                         {product} {ergonomic}
   size_t G1HeapRegionSize                         = 1048576                                   {product} {ergonomic}
    uintx GCDrainStackTargetSize                   = 64                                        {product} {ergonomic}
   size_t InitialHeapSize                          = 100663296                                 {product} {ergonomic}
   size_t MarkStackSize                            = 4194304                                   {product} {ergonomic}
   size_t MaxHeapSize                              = 2147483648                                {product} {command line}
   size_t MaxNewSize                               = 1287651328                                {product} {ergonomic}
   size_t MinHeapDeltaBytes                        = 1048576                                   {product} {ergonomic}
    uintx NonNMethodCodeHeapSize                   = 5836300                                {pd product} {ergonomic}
    uintx NonProfiledCodeHeapSize                  = 122910970                              {pd product} {ergonomic}
    uintx ProfiledCodeHeapSize                     = 122910970                              {pd product} {ergonomic}
    uintx ReservedCodeCacheSize                    = 251658240                              {pd product} {ergonomic}
     bool SegmentedCodeCache                       = true                                      {product} {ergonomic}
     bool UseCompressedClassPointers               = true                                 {lp64_product} {ergonomic}
     bool UseCompressedOops                        = true                                 {lp64_product} {ergonomic}
     bool UseG1GC                                  = true                                      {product} {ergonomic}
     bool UseLargePagesIndividualAllocation        = false                                  {pd product} {ergonomic}

Logging:
Log output configuration:
 #0: stdout all=warning uptime,level,tags
 #1: stderr all=off uptime,level,tags

Environment Variables:
PATH=C:\Program Files (x86)\NVIDIA Corporation\PhysX\Common;C:\WINDOWS\system32;C:\WINDOWS;C:\WINDOWS\System32\Wbem;C:\WINDOWS\System32\WindowsPowerShell\v1.0\;C:\WINDOWS\System32\OpenSSH\;E:\mingw\bin;C:\Program Files\Git\cmd;C:\Users\Enter\AppData\Local\Microsoft\WindowsApps;E:\java\IntelliJ IDEA Community Edition 2021.2.3\bin;
USERNAME=Enter
OS=Windows_NT
PROCESSOR_IDENTIFIER=AMD64 Family 23 Model 24 Stepping 1, AuthenticAMD



---------------  S Y S T E M  ---------------

OS: Windows 10 , 64 bit Build 19041 (10.0.19041.1566)
OS uptime: 1 days 1:36 hours

CPU:total 8 (initial active 8) (8 cores per cpu, 2 threads per core) family 23 model 24 stepping 1 microcode 0x0, cmov, cx8, fxsr, mmx, sse, sse2, sse3, ssse3, sse4.1, sse4.2, popcnt, avx, avx2, aes, clmul, mmxext, 3dnowpref, lzcnt, sse4a, ht, tsc, tscinvbit, tscinv, bmi1, bmi2, adx, s

Memory: 4k page, system-wide physical 6091M (164M free)
TotalPageFile size 16331M (AvailPageFile size 5M)
current process WorkingSet (physical memory assigned to process): 331M, peak: 618M
current process commit charge ("private bytes"): 737M, peak: 753M

vm_info: OpenJDK 64-Bit Server VM (11.0.10+0-b96-7249189) for windows-amd64 JRE (11.0.10+0-b96-7249189), built on Mar 31 2021 21:44:00 by "builder" with MS VC++ 14.0 (VS2015)

END.
